2025-05-11 08:28:12,492 - __main__ - INFO - [voice_direct_modular.py:74] - Logging system initialized
2025-05-11 08:28:12,526 - webassist.voice_assistant.speech.enhanced_recognizer - WARNING - [enhanced_recognizer.py:19] - Optional dependencies (Whisper, PyDub) are disabled to avoid conflicts
2025-05-11 08:28:13,931 - __main__ - ERROR - [voice_direct_modular.py:180] - Error initializing speech synthesizer: 'SimpleVoiceAssistant' object has no attribute 'speech_config'
2025-05-11 08:28:13,931 - __main__ - ERROR - [voice_direct_modular.py:181] - Speech synthesis will not be available
2025-05-11 08:28:13,953 - __main__ - INFO - [voice_direct_modular.py:196] - Attempting to initialize direct speech recognizer in text mode
2025-05-11 08:28:13,954 - __main__ - INFO - [voice_direct_modular.py:200] - Direct speech recognizer initialized in text mode
2025-05-11 08:28:13,954 - __main__ - ERROR - [voice_direct_modular.py:219] - Error initializing direct speech recognizer: 'SimpleVoiceAssistant' object has no attribute '_handle_recognized_command'
2025-05-11 08:28:13,955 - __main__ - ERROR - [voice_direct_modular.py:221] - Traceback (most recent call last):
  File "D:\webassistant-master\webassistant\voice_direct_modular.py", line 204, in __init__
    self.recognizer.start_listening(self._handle_recognized_command)
AttributeError: 'SimpleVoiceAssistant' object has no attribute '_handle_recognized_command'

2025-05-11 08:28:13,956 - __main__ - INFO - [voice_direct_modular.py:227] - Falling back to enhanced recognizer in text mode
2025-05-11 08:28:13,956 - __main__ - ERROR - [voice_direct_modular.py:231] - Error initializing enhanced recognizer: 'SimpleVoiceAssistant' object has no attribute 'speech_config'
2025-05-11 08:28:13,956 - __main__ - ERROR - [voice_direct_modular.py:232] - Traceback (most recent call last):
  File "D:\webassistant-master\webassistant\voice_direct_modular.py", line 204, in __init__
    self.recognizer.start_listening(self._handle_recognized_command)
AttributeError: 'SimpleVoiceAssistant' object has no attribute '_handle_recognized_command'

During handling of the above exception, another exception occurred:

Traceback (most recent call last):
  File "D:\webassistant-master\webassistant\voice_direct_modular.py", line 228, in __init__
    self.recognizer = create_enhanced_recognizer(config=self.speech_config, mode=input_mode, speak_func=self.speak)
AttributeError: 'SimpleVoiceAssistant' object has no attribute 'speech_config'

2025-05-11 08:28:38,067 - __main__ - INFO - [voice_direct_modular.py:5679] - Initializing assistant...
2025-05-11 08:28:49,952 - __main__ - INFO - [voice_direct_modular.py:348] - Initializing interaction handlers...
2025-05-11 08:28:49,952 - __main__ - INFO - [voice_direct_modular.py:359] - Navigation handler initialized
2025-05-11 08:28:49,952 - __main__ - INFO - [voice_direct_modular.py:365] - Selection handler initialized
2025-05-11 08:28:49,952 - __main__ - INFO - [voice_direct_modular.py:371] - Form filling handler initialized
2025-05-11 08:28:49,952 - __main__ - INFO - [voice_direct_modular.py:377] - Specialized handler initialized
2025-05-11 08:28:49,952 - __main__ - INFO - [voice_direct_modular.py:383] - Member/Manager handler initialized
2025-05-11 08:28:49,953 - __main__ - INFO - [voice_direct_modular.py:389] - Business Purpose handler initialized
2025-05-11 08:28:49,953 - __main__ - INFO - [voice_direct_modular.py:391] - All handlers initialized successfully
2025-05-11 08:28:49,953 - __main__ - INFO - [voice_direct_modular.py:5694] - Assistant initialized successfully, running main loop...
2025-05-11 08:34:21,420 - __main__ - INFO - [voice_direct_modular.py:74] - Logging system initialized
2025-05-11 08:34:21,438 - webassist.voice_assistant.speech.enhanced_recognizer - WARNING - [enhanced_recognizer.py:19] - Optional dependencies (Whisper, PyDub) are disabled to avoid conflicts
2025-05-11 08:34:22,769 - __main__ - ERROR - [voice_direct_modular.py:180] - Error initializing speech synthesizer: 'SimpleVoiceAssistant' object has no attribute 'speech_config'
2025-05-11 08:34:22,773 - __main__ - ERROR - [voice_direct_modular.py:181] - Speech synthesis will not be available
2025-05-11 08:34:22,775 - __main__ - INFO - [voice_direct_modular.py:196] - Attempting to initialize direct speech recognizer in text mode
2025-05-11 08:34:22,775 - __main__ - INFO - [voice_direct_modular.py:200] - Direct speech recognizer initialized in text mode
2025-05-11 08:34:22,775 - __main__ - ERROR - [voice_direct_modular.py:219] - Error initializing direct speech recognizer: 'SimpleVoiceAssistant' object has no attribute '_handle_recognized_command'
2025-05-11 08:34:22,776 - __main__ - ERROR - [voice_direct_modular.py:221] - Traceback (most recent call last):
  File "D:\webassistant-master\webassistant\voice_direct_modular.py", line 204, in __init__
    self.recognizer.start_listening(self._handle_recognized_command)
AttributeError: 'SimpleVoiceAssistant' object has no attribute '_handle_recognized_command'

2025-05-11 08:34:22,777 - __main__ - INFO - [voice_direct_modular.py:227] - Falling back to enhanced recognizer in text mode
2025-05-11 08:34:22,777 - __main__ - ERROR - [voice_direct_modular.py:231] - Error initializing enhanced recognizer: 'SimpleVoiceAssistant' object has no attribute 'speech_config'
2025-05-11 08:34:22,777 - __main__ - ERROR - [voice_direct_modular.py:232] - Traceback (most recent call last):
  File "D:\webassistant-master\webassistant\voice_direct_modular.py", line 204, in __init__
    self.recognizer.start_listening(self._handle_recognized_command)
AttributeError: 'SimpleVoiceAssistant' object has no attribute '_handle_recognized_command'

During handling of the above exception, another exception occurred:

Traceback (most recent call last):
  File "D:\webassistant-master\webassistant\voice_direct_modular.py", line 228, in __init__
    self.recognizer = create_enhanced_recognizer(config=self.speech_config, mode=input_mode, speak_func=self.speak)
AttributeError: 'SimpleVoiceAssistant' object has no attribute 'speech_config'

2025-05-11 08:44:09,385 - __main__ - INFO - [voice_direct_modular.py:5679] - Initializing assistant...
2025-05-11 08:44:12,925 - __main__ - INFO - [voice_direct_modular.py:348] - Initializing interaction handlers...
2025-05-11 08:44:12,927 - __main__ - INFO - [voice_direct_modular.py:359] - Navigation handler initialized
2025-05-11 08:44:12,927 - __main__ - INFO - [voice_direct_modular.py:365] - Selection handler initialized
2025-05-11 08:44:12,927 - __main__ - INFO - [voice_direct_modular.py:371] - Form filling handler initialized
2025-05-11 08:44:12,927 - __main__ - INFO - [voice_direct_modular.py:377] - Specialized handler initialized
2025-05-11 08:44:12,928 - __main__ - INFO - [voice_direct_modular.py:383] - Member/Manager handler initialized
2025-05-11 08:44:12,928 - __main__ - INFO - [voice_direct_modular.py:389] - Business Purpose handler initialized
2025-05-11 08:44:12,928 - __main__ - INFO - [voice_direct_modular.py:391] - All handlers initialized successfully
2025-05-11 08:44:12,928 - __main__ - INFO - [voice_direct_modular.py:5694] - Assistant initialized successfully, running main loop...
2025-05-11 08:50:53,470 - __main__ - INFO - [voice_direct_modular.py:454] - Processing command: hello hello
2025-05-11 08:50:53,484 - __main__ - INFO - [voice_direct_modular.py:4681] - Processing voice command: hello hello
2025-05-11 08:50:53,486 - __main__ - WARNING - [voice_direct_modular.py:4565] - LLM utils not available for command normalization
2025-05-11 08:50:53,486 - __main__ - INFO - [voice_direct_modular.py:4687] - LLM normalized command: hello hello
2025-05-11 08:50:53,491 - __main__ - INFO - [voice_direct_modular.py:4867] - Direct email pattern didn't match, trying fallback patterns
2025-05-11 08:50:53,491 - __main__ - INFO - [voice_direct_modular.py:4874] - Trying flexible email+password patterns
2025-05-11 08:50:53,495 - __main__ - INFO - [voice_direct_modular.py:4891] - No email+password pattern matched, trying email-only patterns
2025-05-11 08:50:53,496 - __main__ - INFO - [voice_direct_modular.py:4940] - Checking for login pattern
2025-05-11 08:50:53,497 - __main__ - INFO - [voice_direct_modular.py:4945] - Simple login pattern didn't match, trying flexible patterns
2025-05-11 08:50:53,500 - __main__ - INFO - [voice_direct_modular.py:4974] - Checking for password-only command
2025-05-11 08:50:53,500 - __main__ - INFO - [voice_direct_modular.py:4994] - Delegating to specialized handler
2025-05-11 08:50:53,503 - __main__ - INFO - [voice_direct_modular.py:5006] - Delegating to form filling handler
2025-05-11 08:50:53,505 - __main__ - INFO - [voice_direct_modular.py:5018] - Delegating to business purpose handler
2025-05-11 08:50:53,506 - __main__ - INFO - [voice_direct_modular.py:5030] - Delegating to member/manager handler
2025-05-11 08:50:53,506 - __main__ - INFO - [voice_direct_modular.py:5042] - Delegating to selection handler
2025-05-11 08:50:53,508 - __main__ - INFO - [voice_direct_modular.py:5054] - Delegating to navigation handler
2025-05-11 08:50:53,510 - __main__ - INFO - [voice_direct_modular.py:402] - ASSISTANT: I'm not sure how to process that command. Type 'help' for available commands.
2025-05-11 08:51:00,892 - __main__ - INFO - [voice_direct_modular.py:454] - Processing command: hello hello
2025-05-11 08:51:00,892 - __main__ - INFO - [voice_direct_modular.py:4681] - Processing voice command: hello hello
2025-05-11 08:51:00,892 - __main__ - WARNING - [voice_direct_modular.py:4565] - LLM utils not available for command normalization
2025-05-11 08:51:00,893 - __main__ - INFO - [voice_direct_modular.py:4687] - LLM normalized command: hello hello
2025-05-11 08:51:00,893 - __main__ - INFO - [voice_direct_modular.py:4867] - Direct email pattern didn't match, trying fallback patterns
2025-05-11 08:51:00,893 - __main__ - INFO - [voice_direct_modular.py:4874] - Trying flexible email+password patterns
2025-05-11 08:51:00,893 - __main__ - INFO - [voice_direct_modular.py:4891] - No email+password pattern matched, trying email-only patterns
2025-05-11 08:51:00,893 - __main__ - INFO - [voice_direct_modular.py:4940] - Checking for login pattern
2025-05-11 08:51:00,893 - __main__ - INFO - [voice_direct_modular.py:4945] - Simple login pattern didn't match, trying flexible patterns
2025-05-11 08:51:00,893 - __main__ - INFO - [voice_direct_modular.py:4974] - Checking for password-only command
2025-05-11 08:51:00,893 - __main__ - INFO - [voice_direct_modular.py:4994] - Delegating to specialized handler
2025-05-11 08:51:00,894 - __main__ - INFO - [voice_direct_modular.py:5006] - Delegating to form filling handler
2025-05-11 08:51:00,894 - __main__ - INFO - [voice_direct_modular.py:5018] - Delegating to business purpose handler
2025-05-11 08:51:00,894 - __main__ - INFO - [voice_direct_modular.py:5030] - Delegating to member/manager handler
2025-05-11 08:51:00,894 - __main__ - INFO - [voice_direct_modular.py:5042] - Delegating to selection handler
2025-05-11 08:51:00,894 - __main__ - INFO - [voice_direct_modular.py:5054] - Delegating to navigation handler
2025-05-11 08:51:00,894 - __main__ - INFO - [voice_direct_modular.py:402] - ASSISTANT: I'm not sure how to process that command. Type 'help' for available commands.
2025-05-11 08:51:12,057 - __main__ - INFO - [voice_direct_modular.py:454] - Processing command: go to
2025-05-11 08:51:12,057 - __main__ - INFO - [voice_direct_modular.py:4681] - Processing voice command: go to
2025-05-11 08:51:12,057 - __main__ - WARNING - [voice_direct_modular.py:4565] - LLM utils not available for command normalization
2025-05-11 08:51:12,058 - __main__ - INFO - [voice_direct_modular.py:4687] - LLM normalized command: go to
2025-05-11 08:51:12,058 - __main__ - INFO - [voice_direct_modular.py:4867] - Direct email pattern didn't match, trying fallback patterns
2025-05-11 08:51:12,058 - __main__ - INFO - [voice_direct_modular.py:4874] - Trying flexible email+password patterns
2025-05-11 08:51:12,058 - __main__ - INFO - [voice_direct_modular.py:4891] - No email+password pattern matched, trying email-only patterns
2025-05-11 08:51:12,058 - __main__ - INFO - [voice_direct_modular.py:4940] - Checking for login pattern
2025-05-11 08:51:12,058 - __main__ - INFO - [voice_direct_modular.py:4945] - Simple login pattern didn't match, trying flexible patterns
2025-05-11 08:51:12,058 - __main__ - INFO - [voice_direct_modular.py:4974] - Checking for password-only command
2025-05-11 08:51:12,058 - __main__ - INFO - [voice_direct_modular.py:4994] - Delegating to specialized handler
2025-05-11 08:51:12,058 - __main__ - INFO - [voice_direct_modular.py:5006] - Delegating to form filling handler
2025-05-11 08:51:12,058 - __main__ - INFO - [voice_direct_modular.py:5018] - Delegating to business purpose handler
2025-05-11 08:51:12,058 - __main__ - INFO - [voice_direct_modular.py:5030] - Delegating to member/manager handler
2025-05-11 08:51:12,059 - __main__ - INFO - [voice_direct_modular.py:5042] - Delegating to selection handler
2025-05-11 08:51:12,059 - __main__ - INFO - [voice_direct_modular.py:5054] - Delegating to navigation handler
2025-05-11 08:51:12,059 - __main__ - INFO - [voice_direct_modular.py:402] - ASSISTANT: I'm not sure how to process that command. Type 'help' for available commands.
2025-05-11 08:51:25,921 - __main__ - INFO - [voice_direct_modular.py:454] - Processing command: go to www.gmail.com
2025-05-11 08:51:25,921 - __main__ - INFO - [voice_direct_modular.py:4681] - Processing voice command: go to www.gmail.com
2025-05-11 08:51:25,921 - __main__ - WARNING - [voice_direct_modular.py:4565] - LLM utils not available for command normalization
2025-05-11 08:51:25,921 - __main__ - INFO - [voice_direct_modular.py:4687] - LLM normalized command: go to www.gmail.com
2025-05-11 08:51:25,921 - __main__ - INFO - [voice_direct_modular.py:4697] - Navigation command detected
2025-05-11 08:51:25,922 - __main__ - INFO - [voice_direct_modular.py:4707] - Extracted URL: www.gmail.com
2025-05-11 08:51:25,935 - __main__ - WARNING - [voice_direct_modular.py:4749] - Error using LLM for domain normalization: 'NoneType' object has no attribute 'get_completion'
2025-05-11 08:51:25,935 - __main__ - INFO - [voice_direct_modular.py:402] - ASSISTANT: Navigating to www.gmail.com
2025-05-11 08:51:26,948 - __main__ - INFO - [voice_direct_modular.py:4760] - Final navigation URL: https://www.gmail.com
2025-05-11 08:51:26,948 - __main__ - INFO - [voice_direct_modular.py:433] - Navigating to: https://www.gmail.com
2025-05-11 08:51:32,784 - __main__ - INFO - [voice_direct_modular.py:437] - Page loaded successfully: Gmail
2025-05-11 08:51:32,784 - __main__ - INFO - [voice_direct_modular.py:402] - ASSISTANT: Loaded: Gmail
2025-05-11 08:52:55,648 - __main__ - INFO - [voice_direct_modular.py:454] - Processing command: railway station
2025-05-11 08:52:55,648 - __main__ - INFO - [voice_direct_modular.py:4681] - Processing voice command: railway station
2025-05-11 08:52:55,649 - __main__ - WARNING - [voice_direct_modular.py:4565] - LLM utils not available for command normalization
2025-05-11 08:52:55,649 - __main__ - INFO - [voice_direct_modular.py:4687] - LLM normalized command: railway station
2025-05-11 08:52:55,649 - __main__ - INFO - [voice_direct_modular.py:4867] - Direct email pattern didn't match, trying fallback patterns
2025-05-11 08:52:55,649 - __main__ - INFO - [voice_direct_modular.py:4874] - Trying flexible email+password patterns
2025-05-11 08:52:55,649 - __main__ - INFO - [voice_direct_modular.py:4891] - No email+password pattern matched, trying email-only patterns
2025-05-11 08:52:55,649 - __main__ - INFO - [voice_direct_modular.py:4940] - Checking for login pattern
2025-05-11 08:52:55,650 - __main__ - INFO - [voice_direct_modular.py:4945] - Simple login pattern didn't match, trying flexible patterns
2025-05-11 08:52:55,650 - __main__ - INFO - [voice_direct_modular.py:4974] - Checking for password-only command
2025-05-11 08:52:55,650 - __main__ - INFO - [voice_direct_modular.py:4994] - Delegating to specialized handler
2025-05-11 08:52:55,650 - __main__ - INFO - [voice_direct_modular.py:5006] - Delegating to form filling handler
2025-05-11 08:52:55,650 - __main__ - INFO - [voice_direct_modular.py:5018] - Delegating to business purpose handler
2025-05-11 08:52:55,651 - __main__ - INFO - [voice_direct_modular.py:5030] - Delegating to member/manager handler
2025-05-11 08:52:55,651 - __main__ - INFO - [voice_direct_modular.py:5042] - Delegating to selection handler
2025-05-11 08:52:55,651 - __main__ - INFO - [voice_direct_modular.py:5054] - Delegating to navigation handler
2025-05-11 08:52:55,651 - __main__ - INFO - [voice_direct_modular.py:402] - ASSISTANT: I'm not sure how to process that command. Type 'help' for available commands.
2025-05-11 09:05:29,196 - __main__ - INFO - [voice_direct_modular.py:454] - Processing command: Tum cal
2025-05-11 09:05:29,552 - __main__ - INFO - [voice_direct_modular.py:4681] - Processing voice command: Tum cal
2025-05-11 09:05:29,553 - __main__ - WARNING - [voice_direct_modular.py:4565] - LLM utils not available for command normalization
2025-05-11 09:05:29,553 - __main__ - INFO - [voice_direct_modular.py:4687] - LLM normalized command: Tum cal
2025-05-11 09:05:29,553 - __main__ - INFO - [voice_direct_modular.py:4867] - Direct email pattern didn't match, trying fallback patterns
2025-05-11 09:05:29,553 - __main__ - INFO - [voice_direct_modular.py:4874] - Trying flexible email+password patterns
2025-05-11 09:05:29,553 - __main__ - INFO - [voice_direct_modular.py:4891] - No email+password pattern matched, trying email-only patterns
2025-05-11 09:05:29,553 - __main__ - INFO - [voice_direct_modular.py:4940] - Checking for login pattern
2025-05-11 09:05:29,554 - __main__ - INFO - [voice_direct_modular.py:4945] - Simple login pattern didn't match, trying flexible patterns
2025-05-11 09:05:29,554 - __main__ - INFO - [voice_direct_modular.py:4974] - Checking for password-only command
2025-05-11 09:05:29,554 - __main__ - INFO - [voice_direct_modular.py:4994] - Delegating to specialized handler
2025-05-11 09:05:29,554 - __main__ - INFO - [voice_direct_modular.py:5006] - Delegating to form filling handler
2025-05-11 09:05:29,554 - __main__ - INFO - [voice_direct_modular.py:5018] - Delegating to business purpose handler
2025-05-11 09:05:29,554 - __main__ - INFO - [voice_direct_modular.py:5030] - Delegating to member/manager handler
2025-05-11 09:05:29,554 - __main__ - INFO - [voice_direct_modular.py:5042] - Delegating to selection handler
2025-05-11 09:05:29,555 - __main__ - INFO - [voice_direct_modular.py:5054] - Delegating to navigation handler
2025-05-11 09:05:29,556 - __main__ - INFO - [voice_direct_modular.py:402] - ASSISTANT: I'm not sure how to process that command. Type 'help' for available commands.
2025-05-11 10:05:22,935 - __main__ - INFO - [voice_direct_modular.py:74] - Logging system initialized
2025-05-11 10:05:23,004 - webassist.voice_assistant.speech.enhanced_recognizer - WARNING - [enhanced_recognizer.py:19] - Optional dependencies (Whisper, PyDub) are disabled to avoid conflicts
2025-05-11 10:05:29,624 - __main__ - INFO - [voice_direct_modular.py:74] - Logging system initialized
2025-05-11 10:05:29,636 - webassist.voice_assistant.speech.enhanced_recognizer - WARNING - [enhanced_recognizer.py:19] - Optional dependencies (Whisper, PyDub) are disabled to avoid conflicts
2025-05-11 10:05:30,924 - __main__ - ERROR - [voice_direct_modular.py:180] - Error initializing speech synthesizer: 'SimpleVoiceAssistant' object has no attribute 'speech_config'
2025-05-11 10:05:30,924 - __main__ - ERROR - [voice_direct_modular.py:181] - Speech synthesis will not be available
2025-05-11 10:05:31,100 - __main__ - INFO - [voice_direct_modular.py:196] - Attempting to initialize direct speech recognizer in text mode
2025-05-11 10:05:31,101 - __main__ - INFO - [voice_direct_modular.py:200] - Direct speech recognizer initialized in text mode
2025-05-11 10:05:31,101 - __main__ - ERROR - [voice_direct_modular.py:219] - Error initializing direct speech recognizer: 'SimpleVoiceAssistant' object has no attribute '_handle_recognized_command'
2025-05-11 10:05:31,104 - __main__ - ERROR - [voice_direct_modular.py:221] - Traceback (most recent call last):
  File "D:\webassistant-master\webassistant\voice_direct_modular.py", line 204, in __init__
    self.recognizer.start_listening(self._handle_recognized_command)
AttributeError: 'SimpleVoiceAssistant' object has no attribute '_handle_recognized_command'

2025-05-11 10:05:31,105 - __main__ - INFO - [voice_direct_modular.py:227] - Falling back to enhanced recognizer in text mode
2025-05-11 10:05:31,106 - __main__ - ERROR - [voice_direct_modular.py:231] - Error initializing enhanced recognizer: 'SimpleVoiceAssistant' object has no attribute 'speech_config'
2025-05-11 10:05:31,106 - __main__ - ERROR - [voice_direct_modular.py:232] - Traceback (most recent call last):
  File "D:\webassistant-master\webassistant\voice_direct_modular.py", line 204, in __init__
    self.recognizer.start_listening(self._handle_recognized_command)
AttributeError: 'SimpleVoiceAssistant' object has no attribute '_handle_recognized_command'

During handling of the above exception, another exception occurred:

Traceback (most recent call last):
  File "D:\webassistant-master\webassistant\voice_direct_modular.py", line 228, in __init__
    self.recognizer = create_enhanced_recognizer(config=self.speech_config, mode=input_mode, speak_func=self.speak)
AttributeError: 'SimpleVoiceAssistant' object has no attribute 'speech_config'

2025-05-11 10:05:40,241 - __main__ - INFO - [voice_direct_modular.py:5729] - Initializing assistant...
2025-05-11 10:05:48,407 - __main__ - INFO - [voice_direct_modular.py:348] - Initializing interaction handlers...
2025-05-11 10:05:48,407 - __main__ - INFO - [voice_direct_modular.py:359] - Navigation handler initialized
2025-05-11 10:05:48,407 - __main__ - INFO - [voice_direct_modular.py:365] - Selection handler initialized
2025-05-11 10:05:48,408 - __main__ - INFO - [voice_direct_modular.py:371] - Form filling handler initialized
2025-05-11 10:05:48,408 - __main__ - INFO - [voice_direct_modular.py:377] - Specialized handler initialized
2025-05-11 10:05:48,408 - __main__ - INFO - [voice_direct_modular.py:383] - Member/Manager handler initialized
2025-05-11 10:05:48,408 - __main__ - INFO - [voice_direct_modular.py:389] - Business Purpose handler initialized
2025-05-11 10:05:48,408 - __main__ - INFO - [voice_direct_modular.py:391] - All handlers initialized successfully
2025-05-11 10:05:48,409 - __main__ - INFO - [voice_direct_modular.py:5744] - Assistant initialized successfully, running main loop...
2025-05-11 10:08:47,683 - __main__ - INFO - [voice_direct_modular.py:454] - Processing command: hello hello
2025-05-11 10:08:47,684 - __main__ - INFO - [voice_direct_modular.py:4731] - Processing voice command: hello hello
2025-05-11 10:08:47,684 - __main__ - WARNING - [voice_direct_modular.py:4612] - LLM utils not available for command normalization
2025-05-11 10:08:47,684 - __main__ - INFO - [voice_direct_modular.py:4737] - LLM normalized command: hello hello
2025-05-11 10:08:47,686 - __main__ - INFO - [voice_direct_modular.py:4917] - Direct email pattern didn't match, trying fallback patterns
2025-05-11 10:08:47,687 - __main__ - INFO - [voice_direct_modular.py:4924] - Trying flexible email+password patterns
2025-05-11 10:08:47,689 - __main__ - INFO - [voice_direct_modular.py:4941] - No email+password pattern matched, trying email-only patterns
2025-05-11 10:08:47,692 - __main__ - INFO - [voice_direct_modular.py:4990] - Checking for login pattern
2025-05-11 10:08:47,692 - __main__ - INFO - [voice_direct_modular.py:4995] - Simple login pattern didn't match, trying flexible patterns
2025-05-11 10:08:47,695 - __main__ - INFO - [voice_direct_modular.py:5024] - Checking for password-only command
2025-05-11 10:08:47,696 - __main__ - INFO - [voice_direct_modular.py:5044] - Delegating to specialized handler
2025-05-11 10:08:47,699 - __main__ - INFO - [voice_direct_modular.py:5056] - Delegating to form filling handler
2025-05-11 10:08:47,701 - __main__ - INFO - [voice_direct_modular.py:5068] - Delegating to business purpose handler
2025-05-11 10:08:47,702 - __main__ - INFO - [voice_direct_modular.py:5080] - Delegating to member/manager handler
2025-05-11 10:08:47,702 - __main__ - INFO - [voice_direct_modular.py:5092] - Delegating to selection handler
2025-05-11 10:08:47,704 - __main__ - INFO - [voice_direct_modular.py:5104] - Delegating to navigation handler
2025-05-11 10:08:47,708 - __main__ - INFO - [voice_direct_modular.py:402] - ASSISTANT: I'm not sure how to process that command. Type 'help' for available commands.
2025-05-11 10:20:09,494 - __main__ - INFO - [voice_direct_modular.py:454] - Processing command: Kyunki Mumbai
2025-05-11 10:20:09,595 - __main__ - INFO - [voice_direct_modular.py:4731] - Processing voice command: Kyunki Mumbai
2025-05-11 10:20:09,595 - __main__ - WARNING - [voice_direct_modular.py:4612] - LLM utils not available for command normalization
2025-05-11 10:20:09,595 - __main__ - INFO - [voice_direct_modular.py:4737] - LLM normalized command: Kyunki Mumbai
2025-05-11 10:20:09,600 - __main__ - INFO - [voice_direct_modular.py:4917] - Direct email pattern didn't match, trying fallback patterns
2025-05-11 10:20:09,601 - __main__ - INFO - [voice_direct_modular.py:4924] - Trying flexible email+password patterns
2025-05-11 10:20:09,601 - __main__ - INFO - [voice_direct_modular.py:4941] - No email+password pattern matched, trying email-only patterns
2025-05-11 10:20:09,602 - __main__ - INFO - [voice_direct_modular.py:4990] - Checking for login pattern
2025-05-11 10:20:09,602 - __main__ - INFO - [voice_direct_modular.py:4995] - Simple login pattern didn't match, trying flexible patterns
2025-05-11 10:20:09,602 - __main__ - INFO - [voice_direct_modular.py:5024] - Checking for password-only command
2025-05-11 10:20:09,603 - __main__ - INFO - [voice_direct_modular.py:5044] - Delegating to specialized handler
2025-05-11 10:20:09,604 - __main__ - INFO - [voice_direct_modular.py:5056] - Delegating to form filling handler
2025-05-11 10:20:09,605 - __main__ - INFO - [voice_direct_modular.py:5068] - Delegating to business purpose handler
2025-05-11 10:20:09,605 - __main__ - INFO - [voice_direct_modular.py:5080] - Delegating to member/manager handler
2025-05-11 10:20:09,605 - __main__ - INFO - [voice_direct_modular.py:5092] - Delegating to selection handler
2025-05-11 10:20:09,605 - __main__ - INFO - [voice_direct_modular.py:5104] - Delegating to navigation handler
2025-05-11 10:20:09,608 - __main__ - INFO - [voice_direct_modular.py:402] - ASSISTANT: I'm not sure how to process that command. Type 'help' for available commands.
2025-05-11 10:20:37,727 - __main__ - INFO - [voice_direct_modular.py:454] - Processing command: cal Sab poochh rahe the bhai
2025-05-11 10:20:37,727 - __main__ - INFO - [voice_direct_modular.py:4731] - Processing voice command: cal Sab poochh rahe the bhai
2025-05-11 10:20:37,727 - __main__ - WARNING - [voice_direct_modular.py:4612] - LLM utils not available for command normalization
2025-05-11 10:20:37,727 - __main__ - INFO - [voice_direct_modular.py:4737] - LLM normalized command: cal Sab poochh rahe the bhai
2025-05-11 10:20:37,727 - __main__ - INFO - [voice_direct_modular.py:4917] - Direct email pattern didn't match, trying fallback patterns
2025-05-11 10:20:37,728 - __main__ - INFO - [voice_direct_modular.py:4924] - Trying flexible email+password patterns
2025-05-11 10:20:37,728 - __main__ - INFO - [voice_direct_modular.py:4941] - No email+password pattern matched, trying email-only patterns
2025-05-11 10:20:37,728 - __main__ - INFO - [voice_direct_modular.py:4990] - Checking for login pattern
2025-05-11 10:20:37,728 - __main__ - INFO - [voice_direct_modular.py:4995] - Simple login pattern didn't match, trying flexible patterns
2025-05-11 10:20:37,728 - __main__ - INFO - [voice_direct_modular.py:5024] - Checking for password-only command
2025-05-11 10:20:37,728 - __main__ - INFO - [voice_direct_modular.py:5044] - Delegating to specialized handler
2025-05-11 10:20:37,729 - __main__ - INFO - [voice_direct_modular.py:5056] - Delegating to form filling handler
2025-05-11 10:20:37,766 - __main__ - INFO - [voice_direct_modular.py:5068] - Delegating to business purpose handler
2025-05-11 10:20:37,767 - __main__ - INFO - [voice_direct_modular.py:5080] - Delegating to member/manager handler
2025-05-11 10:20:37,767 - __main__ - INFO - [voice_direct_modular.py:5092] - Delegating to selection handler
2025-05-11 10:20:37,767 - __main__ - INFO - [voice_direct_modular.py:5104] - Delegating to navigation handler
2025-05-11 10:20:37,767 - __main__ - INFO - [voice_direct_modular.py:402] - ASSISTANT: I'm not sure how to process that command. Type 'help' for available commands.
2025-05-11 10:21:30,100 - __main__ - INFO - [voice_direct_modular.py:454] - Processing command: Kaise
2025-05-11 10:21:30,101 - __main__ - INFO - [voice_direct_modular.py:4731] - Processing voice command: Kaise
2025-05-11 10:21:30,101 - __main__ - WARNING - [voice_direct_modular.py:4612] - LLM utils not available for command normalization
2025-05-11 10:21:30,101 - __main__ - INFO - [voice_direct_modular.py:4737] - LLM normalized command: Kaise
2025-05-11 10:21:30,101 - __main__ - INFO - [voice_direct_modular.py:4917] - Direct email pattern didn't match, trying fallback patterns
2025-05-11 10:21:30,102 - __main__ - INFO - [voice_direct_modular.py:4924] - Trying flexible email+password patterns
2025-05-11 10:21:30,103 - __main__ - INFO - [voice_direct_modular.py:4941] - No email+password pattern matched, trying email-only patterns
2025-05-11 10:21:30,103 - __main__ - INFO - [voice_direct_modular.py:4990] - Checking for login pattern
2025-05-11 10:21:30,103 - __main__ - INFO - [voice_direct_modular.py:4995] - Simple login pattern didn't match, trying flexible patterns
2025-05-11 10:21:30,103 - __main__ - INFO - [voice_direct_modular.py:5024] - Checking for password-only command
2025-05-11 10:21:30,103 - __main__ - INFO - [voice_direct_modular.py:5044] - Delegating to specialized handler
2025-05-11 10:21:30,103 - __main__ - INFO - [voice_direct_modular.py:5056] - Delegating to form filling handler
2025-05-11 10:21:30,104 - __main__ - INFO - [voice_direct_modular.py:5068] - Delegating to business purpose handler
2025-05-11 10:21:30,104 - __main__ - INFO - [voice_direct_modular.py:5080] - Delegating to member/manager handler
2025-05-11 10:21:30,104 - __main__ - INFO - [voice_direct_modular.py:5092] - Delegating to selection handler
2025-05-11 10:21:30,104 - __main__ - INFO - [voice_direct_modular.py:5104] - Delegating to navigation handler
2025-05-11 10:21:30,104 - __main__ - INFO - [voice_direct_modular.py:402] - ASSISTANT: I'm not sure how to process that command. Type 'help' for available commands.
2025-05-11 10:21:38,304 - __main__ - INFO - [voice_direct_modular.py:454] - Processing command: han to Fir to a Raha Hai Kya Tu sab
2025-05-11 10:21:38,305 - __main__ - INFO - [voice_direct_modular.py:4731] - Processing voice command: han to Fir to a Raha Hai Kya Tu sab
2025-05-11 10:21:38,305 - __main__ - WARNING - [voice_direct_modular.py:4612] - LLM utils not available for command normalization
2025-05-11 10:21:38,305 - __main__ - INFO - [voice_direct_modular.py:4737] - LLM normalized command: han to Fir to a Raha Hai Kya Tu sab
2025-05-11 10:21:38,306 - __main__ - INFO - [voice_direct_modular.py:4917] - Direct email pattern didn't match, trying fallback patterns
2025-05-11 10:21:38,306 - __main__ - INFO - [voice_direct_modular.py:4924] - Trying flexible email+password patterns
2025-05-11 10:21:38,306 - __main__ - INFO - [voice_direct_modular.py:4941] - No email+password pattern matched, trying email-only patterns
2025-05-11 10:21:38,306 - __main__ - INFO - [voice_direct_modular.py:4990] - Checking for login pattern
2025-05-11 10:21:38,306 - __main__ - INFO - [voice_direct_modular.py:4995] - Simple login pattern didn't match, trying flexible patterns
2025-05-11 10:21:38,307 - __main__ - INFO - [voice_direct_modular.py:5024] - Checking for password-only command
2025-05-11 10:21:38,307 - __main__ - INFO - [voice_direct_modular.py:5044] - Delegating to specialized handler
2025-05-11 10:21:38,307 - __main__ - INFO - [voice_direct_modular.py:5056] - Delegating to form filling handler
2025-05-11 10:21:38,307 - __main__ - INFO - [voice_direct_modular.py:5068] - Delegating to business purpose handler
2025-05-11 10:21:38,307 - __main__ - INFO - [voice_direct_modular.py:5080] - Delegating to member/manager handler
2025-05-11 10:21:38,308 - __main__ - INFO - [voice_direct_modular.py:5092] - Delegating to selection handler
2025-05-11 10:21:38,308 - __main__ - INFO - [voice_direct_modular.py:5104] - Delegating to navigation handler
2025-05-11 10:21:38,308 - __main__ - INFO - [voice_direct_modular.py:402] - ASSISTANT: I'm not sure how to process that command. Type 'help' for available commands.
2025-05-11 10:21:45,959 - __main__ - INFO - [voice_direct_modular.py:454] - Processing command: zoom Karke
2025-05-11 10:21:45,959 - __main__ - INFO - [voice_direct_modular.py:4731] - Processing voice command: zoom Karke
2025-05-11 10:21:45,960 - __main__ - WARNING - [voice_direct_modular.py:4612] - LLM utils not available for command normalization
2025-05-11 10:21:45,960 - __main__ - INFO - [voice_direct_modular.py:4737] - LLM normalized command: zoom Karke
2025-05-11 10:21:45,960 - __main__ - INFO - [voice_direct_modular.py:4917] - Direct email pattern didn't match, trying fallback patterns
2025-05-11 10:21:45,960 - __main__ - INFO - [voice_direct_modular.py:4924] - Trying flexible email+password patterns
2025-05-11 10:21:45,960 - __main__ - INFO - [voice_direct_modular.py:4941] - No email+password pattern matched, trying email-only patterns
2025-05-11 10:21:45,960 - __main__ - INFO - [voice_direct_modular.py:4990] - Checking for login pattern
2025-05-11 10:21:45,960 - __main__ - INFO - [voice_direct_modular.py:4995] - Simple login pattern didn't match, trying flexible patterns
2025-05-11 10:21:45,961 - __main__ - INFO - [voice_direct_modular.py:5024] - Checking for password-only command
2025-05-11 10:21:45,961 - __main__ - INFO - [voice_direct_modular.py:5044] - Delegating to specialized handler
2025-05-11 10:21:45,961 - __main__ - INFO - [voice_direct_modular.py:5056] - Delegating to form filling handler
2025-05-11 10:21:45,961 - __main__ - INFO - [voice_direct_modular.py:5068] - Delegating to business purpose handler
2025-05-11 10:21:45,961 - __main__ - INFO - [voice_direct_modular.py:5080] - Delegating to member/manager handler
2025-05-11 10:21:45,961 - __main__ - INFO - [voice_direct_modular.py:5092] - Delegating to selection handler
2025-05-11 10:21:45,961 - __main__ - INFO - [voice_direct_modular.py:5104] - Delegating to navigation handler
2025-05-11 10:21:45,961 - __main__ - INFO - [voice_direct_modular.py:402] - ASSISTANT: I'm not sure how to process that command. Type 'help' for available commands.
2025-05-11 10:22:08,669 - __main__ - INFO - [voice_direct_modular.py:454] - Processing command: Nahin Rahe sone ke liye
2025-05-11 10:22:08,670 - __main__ - INFO - [voice_direct_modular.py:4731] - Processing voice command: Nahin Rahe sone ke liye
2025-05-11 10:22:08,670 - __main__ - WARNING - [voice_direct_modular.py:4612] - LLM utils not available for command normalization
2025-05-11 10:22:08,670 - __main__ - INFO - [voice_direct_modular.py:4737] - LLM normalized command: Nahin Rahe sone ke liye
2025-05-11 10:22:08,670 - __main__ - INFO - [voice_direct_modular.py:4917] - Direct email pattern didn't match, trying fallback patterns
2025-05-11 10:22:08,671 - __main__ - INFO - [voice_direct_modular.py:4924] - Trying flexible email+password patterns
2025-05-11 10:22:08,671 - __main__ - INFO - [voice_direct_modular.py:4941] - No email+password pattern matched, trying email-only patterns
2025-05-11 10:22:08,671 - __main__ - INFO - [voice_direct_modular.py:4990] - Checking for login pattern
2025-05-11 10:22:08,672 - __main__ - INFO - [voice_direct_modular.py:4995] - Simple login pattern didn't match, trying flexible patterns
2025-05-11 10:22:08,672 - __main__ - INFO - [voice_direct_modular.py:5024] - Checking for password-only command
2025-05-11 10:22:08,672 - __main__ - INFO - [voice_direct_modular.py:5044] - Delegating to specialized handler
2025-05-11 10:22:08,673 - __main__ - INFO - [voice_direct_modular.py:5056] - Delegating to form filling handler
2025-05-11 10:22:08,673 - __main__ - INFO - [voice_direct_modular.py:5068] - Delegating to business purpose handler
2025-05-11 10:22:08,673 - __main__ - INFO - [voice_direct_modular.py:5080] - Delegating to member/manager handler
2025-05-11 10:22:08,673 - __main__ - INFO - [voice_direct_modular.py:5092] - Delegating to selection handler
2025-05-11 10:22:08,673 - __main__ - INFO - [voice_direct_modular.py:5104] - Delegating to navigation handler
2025-05-11 10:22:08,673 - __main__ - INFO - [voice_direct_modular.py:402] - ASSISTANT: I'm not sure how to process that command. Type 'help' for available commands.
2025-05-11 10:23:06,389 - __main__ - INFO - [voice_direct_modular.py:454] - Processing command: apni gadi apni
2025-05-11 10:23:06,389 - __main__ - INFO - [voice_direct_modular.py:4731] - Processing voice command: apni gadi apni
2025-05-11 10:23:06,389 - __main__ - WARNING - [voice_direct_modular.py:4612] - LLM utils not available for command normalization
2025-05-11 10:23:06,389 - __main__ - INFO - [voice_direct_modular.py:4737] - LLM normalized command: apni gadi apni
2025-05-11 10:23:06,389 - __main__ - INFO - [voice_direct_modular.py:4917] - Direct email pattern didn't match, trying fallback patterns
2025-05-11 10:23:06,389 - __main__ - INFO - [voice_direct_modular.py:4924] - Trying flexible email+password patterns
2025-05-11 10:23:06,389 - __main__ - INFO - [voice_direct_modular.py:4941] - No email+password pattern matched, trying email-only patterns
2025-05-11 10:23:06,390 - __main__ - INFO - [voice_direct_modular.py:4990] - Checking for login pattern
2025-05-11 10:23:06,390 - __main__ - INFO - [voice_direct_modular.py:4995] - Simple login pattern didn't match, trying flexible patterns
2025-05-11 10:23:06,390 - __main__ - INFO - [voice_direct_modular.py:5024] - Checking for password-only command
2025-05-11 10:23:06,390 - __main__ - INFO - [voice_direct_modular.py:5044] - Delegating to specialized handler
2025-05-11 10:23:06,390 - __main__ - INFO - [voice_direct_modular.py:5056] - Delegating to form filling handler
2025-05-11 10:23:06,390 - __main__ - INFO - [voice_direct_modular.py:5068] - Delegating to business purpose handler
2025-05-11 10:23:06,390 - __main__ - INFO - [voice_direct_modular.py:5080] - Delegating to member/manager handler
2025-05-11 10:23:06,390 - __main__ - INFO - [voice_direct_modular.py:5092] - Delegating to selection handler
2025-05-11 10:23:06,390 - __main__ - INFO - [voice_direct_modular.py:5104] - Delegating to navigation handler
2025-05-11 10:23:06,390 - __main__ - INFO - [voice_direct_modular.py:402] - ASSISTANT: I'm not sure how to process that command. Type 'help' for available commands.
2025-05-11 10:23:13,424 - __main__ - INFO - [voice_direct_modular.py:454] - Processing command: Nahin Nahin
2025-05-11 10:23:13,424 - __main__ - INFO - [voice_direct_modular.py:4731] - Processing voice command: Nahin Nahin
2025-05-11 10:23:13,424 - __main__ - WARNING - [voice_direct_modular.py:4612] - LLM utils not available for command normalization
2025-05-11 10:23:13,425 - __main__ - INFO - [voice_direct_modular.py:4737] - LLM normalized command: Nahin Nahin
2025-05-11 10:23:13,425 - __main__ - INFO - [voice_direct_modular.py:4917] - Direct email pattern didn't match, trying fallback patterns
2025-05-11 10:23:13,425 - __main__ - INFO - [voice_direct_modular.py:4924] - Trying flexible email+password patterns
2025-05-11 10:23:13,425 - __main__ - INFO - [voice_direct_modular.py:4941] - No email+password pattern matched, trying email-only patterns
2025-05-11 10:23:13,425 - __main__ - INFO - [voice_direct_modular.py:4990] - Checking for login pattern
2025-05-11 10:23:13,425 - __main__ - INFO - [voice_direct_modular.py:4995] - Simple login pattern didn't match, trying flexible patterns
2025-05-11 10:23:13,425 - __main__ - INFO - [voice_direct_modular.py:5024] - Checking for password-only command
2025-05-11 10:23:13,426 - __main__ - INFO - [voice_direct_modular.py:5044] - Delegating to specialized handler
2025-05-11 10:23:13,426 - __main__ - INFO - [voice_direct_modular.py:5056] - Delegating to form filling handler
2025-05-11 10:23:13,426 - __main__ - INFO - [voice_direct_modular.py:5068] - Delegating to business purpose handler
2025-05-11 10:23:13,426 - __main__ - INFO - [voice_direct_modular.py:5080] - Delegating to member/manager handler
2025-05-11 10:23:13,426 - __main__ - INFO - [voice_direct_modular.py:5092] - Delegating to selection handler
2025-05-11 10:23:13,426 - __main__ - INFO - [voice_direct_modular.py:5104] - Delegating to navigation handler
2025-05-11 10:23:13,427 - __main__ - INFO - [voice_direct_modular.py:402] - ASSISTANT: I'm not sure how to process that command. Type 'help' for available commands.
2025-05-11 10:23:26,587 - __main__ - INFO - [voice_direct_modular.py:454] - Processing command: 11:00
2025-05-11 10:23:26,587 - __main__ - INFO - [voice_direct_modular.py:4731] - Processing voice command: 11:00
2025-05-11 10:23:26,587 - __main__ - WARNING - [voice_direct_modular.py:4612] - LLM utils not available for command normalization
2025-05-11 10:23:26,587 - __main__ - INFO - [voice_direct_modular.py:4737] - LLM normalized command: 11:00
2025-05-11 10:23:26,588 - __main__ - INFO - [voice_direct_modular.py:4917] - Direct email pattern didn't match, trying fallback patterns
2025-05-11 10:23:26,588 - __main__ - INFO - [voice_direct_modular.py:4924] - Trying flexible email+password patterns
2025-05-11 10:23:26,588 - __main__ - INFO - [voice_direct_modular.py:4941] - No email+password pattern matched, trying email-only patterns
2025-05-11 10:23:26,588 - __main__ - INFO - [voice_direct_modular.py:4990] - Checking for login pattern
2025-05-11 10:23:26,588 - __main__ - INFO - [voice_direct_modular.py:4995] - Simple login pattern didn't match, trying flexible patterns
2025-05-11 10:23:26,588 - __main__ - INFO - [voice_direct_modular.py:5024] - Checking for password-only command
2025-05-11 10:23:26,588 - __main__ - INFO - [voice_direct_modular.py:5044] - Delegating to specialized handler
2025-05-11 10:23:26,588 - __main__ - INFO - [voice_direct_modular.py:5056] - Delegating to form filling handler
2025-05-11 10:23:26,588 - __main__ - INFO - [voice_direct_modular.py:5068] - Delegating to business purpose handler
2025-05-11 10:23:26,588 - __main__ - INFO - [voice_direct_modular.py:5080] - Delegating to member/manager handler
2025-05-11 10:23:26,588 - __main__ - INFO - [voice_direct_modular.py:5092] - Delegating to selection handler
2025-05-11 10:23:26,588 - __main__ - INFO - [voice_direct_modular.py:5104] - Delegating to navigation handler
2025-05-11 10:23:26,589 - __main__ - INFO - [voice_direct_modular.py:402] - ASSISTANT: I'm not sure how to process that command. Type 'help' for available commands.
2025-05-11 10:23:33,346 - __main__ - INFO - [voice_direct_modular.py:454] - Processing command: intellectual office
2025-05-11 10:23:33,347 - __main__ - INFO - [voice_direct_modular.py:4731] - Processing voice command: intellectual office
2025-05-11 10:23:33,347 - __main__ - WARNING - [voice_direct_modular.py:4612] - LLM utils not available for command normalization
2025-05-11 10:23:33,347 - __main__ - INFO - [voice_direct_modular.py:4737] - LLM normalized command: intellectual office
2025-05-11 10:23:33,347 - __main__ - INFO - [voice_direct_modular.py:4917] - Direct email pattern didn't match, trying fallback patterns
2025-05-11 10:23:33,347 - __main__ - INFO - [voice_direct_modular.py:4924] - Trying flexible email+password patterns
2025-05-11 10:23:33,348 - __main__ - INFO - [voice_direct_modular.py:4941] - No email+password pattern matched, trying email-only patterns
2025-05-11 10:23:33,348 - __main__ - INFO - [voice_direct_modular.py:4990] - Checking for login pattern
2025-05-11 10:23:33,348 - __main__ - INFO - [voice_direct_modular.py:4995] - Simple login pattern didn't match, trying flexible patterns
2025-05-11 10:23:33,348 - __main__ - INFO - [voice_direct_modular.py:5024] - Checking for password-only command
2025-05-11 10:23:33,348 - __main__ - INFO - [voice_direct_modular.py:5044] - Delegating to specialized handler
2025-05-11 10:23:33,348 - __main__ - INFO - [voice_direct_modular.py:5056] - Delegating to form filling handler
2025-05-11 10:23:33,348 - __main__ - INFO - [voice_direct_modular.py:5068] - Delegating to business purpose handler
2025-05-11 10:23:33,348 - __main__ - INFO - [voice_direct_modular.py:5080] - Delegating to member/manager handler
2025-05-11 10:23:33,348 - __main__ - INFO - [voice_direct_modular.py:5092] - Delegating to selection handler
2025-05-11 10:23:33,348 - __main__ - INFO - [voice_direct_modular.py:5104] - Delegating to navigation handler
2025-05-11 10:23:33,348 - __main__ - INFO - [voice_direct_modular.py:402] - ASSISTANT: I'm not sure how to process that command. Type 'help' for available commands.
2025-05-11 10:24:19,843 - __main__ - INFO - [voice_direct_modular.py:454] - Processing command: net chal raha hai tumhara
2025-05-11 10:24:19,843 - __main__ - INFO - [voice_direct_modular.py:4731] - Processing voice command: net chal raha hai tumhara
2025-05-11 10:24:19,843 - __main__ - WARNING - [voice_direct_modular.py:4612] - LLM utils not available for command normalization
2025-05-11 10:24:19,843 - __main__ - INFO - [voice_direct_modular.py:4737] - LLM normalized command: net chal raha hai tumhara
2025-05-11 10:24:19,844 - __main__ - INFO - [voice_direct_modular.py:4917] - Direct email pattern didn't match, trying fallback patterns
2025-05-11 10:24:19,844 - __main__ - INFO - [voice_direct_modular.py:4924] - Trying flexible email+password patterns
2025-05-11 10:24:19,844 - __main__ - INFO - [voice_direct_modular.py:4941] - No email+password pattern matched, trying email-only patterns
2025-05-11 10:24:19,844 - __main__ - INFO - [voice_direct_modular.py:4990] - Checking for login pattern
2025-05-11 10:24:19,844 - __main__ - INFO - [voice_direct_modular.py:4995] - Simple login pattern didn't match, trying flexible patterns
2025-05-11 10:24:19,844 - __main__ - INFO - [voice_direct_modular.py:5024] - Checking for password-only command
2025-05-11 10:24:19,844 - __main__ - INFO - [voice_direct_modular.py:5044] - Delegating to specialized handler
2025-05-11 10:24:19,844 - __main__ - INFO - [voice_direct_modular.py:5056] - Delegating to form filling handler
2025-05-11 10:24:19,845 - __main__ - INFO - [voice_direct_modular.py:5068] - Delegating to business purpose handler
2025-05-11 10:24:19,845 - __main__ - INFO - [voice_direct_modular.py:5080] - Delegating to member/manager handler
2025-05-11 10:24:19,845 - __main__ - INFO - [voice_direct_modular.py:5092] - Delegating to selection handler
2025-05-11 10:24:19,845 - __main__ - INFO - [voice_direct_modular.py:5104] - Delegating to navigation handler
2025-05-11 10:24:19,845 - __main__ - INFO - [voice_direct_modular.py:402] - ASSISTANT: I'm not sure how to process that command. Type 'help' for available commands.
2025-05-11 10:24:27,360 - __main__ - INFO - [voice_direct_modular.py:454] - Processing command: bhabhi ne
2025-05-11 10:24:27,360 - __main__ - INFO - [voice_direct_modular.py:4731] - Processing voice command: bhabhi ne
2025-05-11 10:24:27,360 - __main__ - WARNING - [voice_direct_modular.py:4612] - LLM utils not available for command normalization
2025-05-11 10:24:27,360 - __main__ - INFO - [voice_direct_modular.py:4737] - LLM normalized command: bhabhi ne
2025-05-11 10:24:27,360 - __main__ - INFO - [voice_direct_modular.py:4917] - Direct email pattern didn't match, trying fallback patterns
2025-05-11 10:24:27,360 - __main__ - INFO - [voice_direct_modular.py:4924] - Trying flexible email+password patterns
2025-05-11 10:24:27,360 - __main__ - INFO - [voice_direct_modular.py:4941] - No email+password pattern matched, trying email-only patterns
2025-05-11 10:24:27,360 - __main__ - INFO - [voice_direct_modular.py:4990] - Checking for login pattern
2025-05-11 10:24:27,360 - __main__ - INFO - [voice_direct_modular.py:4995] - Simple login pattern didn't match, trying flexible patterns
2025-05-11 10:24:27,360 - __main__ - INFO - [voice_direct_modular.py:5024] - Checking for password-only command
2025-05-11 10:24:27,361 - __main__ - INFO - [voice_direct_modular.py:5044] - Delegating to specialized handler
2025-05-11 10:24:27,361 - __main__ - INFO - [voice_direct_modular.py:5056] - Delegating to form filling handler
2025-05-11 10:24:27,361 - __main__ - INFO - [voice_direct_modular.py:5068] - Delegating to business purpose handler
2025-05-11 10:24:27,361 - __main__ - INFO - [voice_direct_modular.py:5080] - Delegating to member/manager handler
2025-05-11 10:24:27,361 - __main__ - INFO - [voice_direct_modular.py:5092] - Delegating to selection handler
2025-05-11 10:24:27,361 - __main__ - INFO - [voice_direct_modular.py:5104] - Delegating to navigation handler
2025-05-11 10:24:27,361 - __main__ - INFO - [voice_direct_modular.py:402] - ASSISTANT: I'm not sure how to process that command. Type 'help' for available commands.
2025-05-11 10:33:19,383 - __main__ - INFO - [voice_direct_modular.py:454] - Processing command: 464
2025-05-11 10:33:19,383 - __main__ - INFO - [voice_direct_modular.py:4731] - Processing voice command: 464
2025-05-11 10:33:19,384 - __main__ - WARNING - [voice_direct_modular.py:4612] - LLM utils not available for command normalization
2025-05-11 10:33:19,384 - __main__ - INFO - [voice_direct_modular.py:4737] - LLM normalized command: 464
2025-05-11 10:33:19,384 - __main__ - INFO - [voice_direct_modular.py:4917] - Direct email pattern didn't match, trying fallback patterns
2025-05-11 10:33:19,384 - __main__ - INFO - [voice_direct_modular.py:4924] - Trying flexible email+password patterns
2025-05-11 10:33:19,384 - __main__ - INFO - [voice_direct_modular.py:4941] - No email+password pattern matched, trying email-only patterns
2025-05-11 10:33:19,384 - __main__ - INFO - [voice_direct_modular.py:4990] - Checking for login pattern
2025-05-11 10:33:19,385 - __main__ - INFO - [voice_direct_modular.py:4995] - Simple login pattern didn't match, trying flexible patterns
2025-05-11 10:33:19,385 - __main__ - INFO - [voice_direct_modular.py:5024] - Checking for password-only command
2025-05-11 10:33:19,385 - __main__ - INFO - [voice_direct_modular.py:5044] - Delegating to specialized handler
2025-05-11 10:33:19,385 - __main__ - INFO - [voice_direct_modular.py:5056] - Delegating to form filling handler
2025-05-11 10:33:19,385 - __main__ - INFO - [voice_direct_modular.py:5068] - Delegating to business purpose handler
2025-05-11 10:33:19,385 - __main__ - INFO - [voice_direct_modular.py:5080] - Delegating to member/manager handler
2025-05-11 10:33:19,386 - __main__ - INFO - [voice_direct_modular.py:5092] - Delegating to selection handler
2025-05-11 10:33:19,386 - __main__ - INFO - [voice_direct_modular.py:5104] - Delegating to navigation handler
2025-05-11 10:33:19,386 - __main__ - INFO - [voice_direct_modular.py:402] - ASSISTANT: I'm not sure how to process that command. Type 'help' for available commands.
2025-05-11 10:46:07,647 - __main__ - INFO - [voice_direct_modular.py:454] - Processing command: are to Wapas
2025-05-11 10:46:07,647 - __main__ - INFO - [voice_direct_modular.py:4731] - Processing voice command: are to Wapas
2025-05-11 10:46:07,647 - __main__ - WARNING - [voice_direct_modular.py:4612] - LLM utils not available for command normalization
2025-05-11 10:46:07,647 - __main__ - INFO - [voice_direct_modular.py:4737] - LLM normalized command: are to Wapas
2025-05-11 10:46:07,647 - __main__ - INFO - [voice_direct_modular.py:4917] - Direct email pattern didn't match, trying fallback patterns
2025-05-11 10:46:07,648 - __main__ - INFO - [voice_direct_modular.py:4924] - Trying flexible email+password patterns
2025-05-11 10:46:07,648 - __main__ - INFO - [voice_direct_modular.py:4941] - No email+password pattern matched, trying email-only patterns
2025-05-11 10:46:07,648 - __main__ - INFO - [voice_direct_modular.py:4990] - Checking for login pattern
2025-05-11 10:46:07,648 - __main__ - INFO - [voice_direct_modular.py:4995] - Simple login pattern didn't match, trying flexible patterns
2025-05-11 10:46:07,648 - __main__ - INFO - [voice_direct_modular.py:5024] - Checking for password-only command
2025-05-11 10:46:07,984 - __main__ - INFO - [voice_direct_modular.py:5044] - Delegating to specialized handler
2025-05-11 10:46:07,984 - __main__ - INFO - [voice_direct_modular.py:5056] - Delegating to form filling handler
2025-05-11 10:46:07,985 - __main__ - INFO - [voice_direct_modular.py:5068] - Delegating to business purpose handler
2025-05-11 10:46:07,985 - __main__ - INFO - [voice_direct_modular.py:5080] - Delegating to member/manager handler
2025-05-11 10:46:07,985 - __main__ - INFO - [voice_direct_modular.py:5092] - Delegating to selection handler
2025-05-11 10:46:07,985 - __main__ - INFO - [voice_direct_modular.py:5104] - Delegating to navigation handler
2025-05-11 10:46:07,985 - __main__ - INFO - [voice_direct_modular.py:402] - ASSISTANT: I'm not sure how to process that command. Type 'help' for available commands.
2025-05-11 10:46:47,101 - __main__ - INFO - [voice_direct_modular.py:454] - Processing command: speed breaker bhai Meri
2025-05-11 10:46:47,101 - __main__ - INFO - [voice_direct_modular.py:4731] - Processing voice command: speed breaker bhai Meri
2025-05-11 10:46:47,101 - __main__ - WARNING - [voice_direct_modular.py:4612] - LLM utils not available for command normalization
2025-05-11 10:46:47,102 - __main__ - INFO - [voice_direct_modular.py:4737] - LLM normalized command: speed breaker bhai Meri
2025-05-11 10:46:47,102 - __main__ - INFO - [voice_direct_modular.py:4917] - Direct email pattern didn't match, trying fallback patterns
2025-05-11 10:46:47,102 - __main__ - INFO - [voice_direct_modular.py:4924] - Trying flexible email+password patterns
2025-05-11 10:46:47,102 - __main__ - INFO - [voice_direct_modular.py:4941] - No email+password pattern matched, trying email-only patterns
2025-05-11 10:46:47,102 - __main__ - INFO - [voice_direct_modular.py:4990] - Checking for login pattern
2025-05-11 10:46:47,102 - __main__ - INFO - [voice_direct_modular.py:4995] - Simple login pattern didn't match, trying flexible patterns
2025-05-11 10:46:47,103 - __main__ - INFO - [voice_direct_modular.py:5024] - Checking for password-only command
2025-05-11 10:46:47,103 - __main__ - INFO - [voice_direct_modular.py:5044] - Delegating to specialized handler
2025-05-11 10:46:47,103 - __main__ - INFO - [voice_direct_modular.py:5056] - Delegating to form filling handler
2025-05-11 10:46:47,103 - __main__ - INFO - [voice_direct_modular.py:5068] - Delegating to business purpose handler
2025-05-11 10:46:47,103 - __main__ - INFO - [voice_direct_modular.py:5080] - Delegating to member/manager handler
2025-05-11 10:46:47,103 - __main__ - INFO - [voice_direct_modular.py:5092] - Delegating to selection handler
2025-05-11 10:46:47,104 - __main__ - INFO - [voice_direct_modular.py:5104] - Delegating to navigation handler
2025-05-11 10:46:47,104 - __main__ - INFO - [voice_direct_modular.py:402] - ASSISTANT: I'm not sure how to process that command. Type 'help' for available commands.
2025-05-11 10:46:56,586 - __main__ - INFO - [voice_direct_modular.py:454] - Processing command: Apne Ko Raat Bhi Raat
2025-05-11 10:46:56,586 - __main__ - INFO - [voice_direct_modular.py:4731] - Processing voice command: Apne Ko Raat Bhi Raat
2025-05-11 10:46:56,587 - __main__ - WARNING - [voice_direct_modular.py:4612] - LLM utils not available for command normalization
2025-05-11 10:46:56,587 - __main__ - INFO - [voice_direct_modular.py:4737] - LLM normalized command: Apne Ko Raat Bhi Raat
2025-05-11 10:46:56,587 - __main__ - INFO - [voice_direct_modular.py:4917] - Direct email pattern didn't match, trying fallback patterns
2025-05-11 10:46:56,587 - __main__ - INFO - [voice_direct_modular.py:4924] - Trying flexible email+password patterns
2025-05-11 10:46:56,587 - __main__ - INFO - [voice_direct_modular.py:4941] - No email+password pattern matched, trying email-only patterns
2025-05-11 10:46:56,587 - __main__ - INFO - [voice_direct_modular.py:4990] - Checking for login pattern
2025-05-11 10:46:56,587 - __main__ - INFO - [voice_direct_modular.py:4995] - Simple login pattern didn't match, trying flexible patterns
2025-05-11 10:46:56,587 - __main__ - INFO - [voice_direct_modular.py:5024] - Checking for password-only command
2025-05-11 10:46:56,588 - __main__ - INFO - [voice_direct_modular.py:5044] - Delegating to specialized handler
2025-05-11 10:46:56,588 - __main__ - INFO - [voice_direct_modular.py:5056] - Delegating to form filling handler
2025-05-11 10:46:56,588 - __main__ - INFO - [voice_direct_modular.py:5068] - Delegating to business purpose handler
2025-05-11 10:46:56,588 - __main__ - INFO - [voice_direct_modular.py:5080] - Delegating to member/manager handler
2025-05-11 10:46:56,588 - __main__ - INFO - [voice_direct_modular.py:5092] - Delegating to selection handler
2025-05-11 10:46:56,588 - __main__ - INFO - [voice_direct_modular.py:5104] - Delegating to navigation handler
2025-05-11 10:46:56,588 - __main__ - INFO - [voice_direct_modular.py:402] - ASSISTANT: I'm not sure how to process that command. Type 'help' for available commands.
2025-05-11 10:53:17,769 - __main__ - INFO - [voice_direct_modular.py:454] - Processing command: hello hello
2025-05-11 10:53:18,143 - __main__ - INFO - [voice_direct_modular.py:4731] - Processing voice command: hello hello
2025-05-11 10:53:18,143 - __main__ - WARNING - [voice_direct_modular.py:4612] - LLM utils not available for command normalization
2025-05-11 10:53:18,143 - __main__ - INFO - [voice_direct_modular.py:4737] - LLM normalized command: hello hello
2025-05-11 10:53:18,152 - __main__ - INFO - [voice_direct_modular.py:4917] - Direct email pattern didn't match, trying fallback patterns
2025-05-11 10:53:18,152 - __main__ - INFO - [voice_direct_modular.py:4924] - Trying flexible email+password patterns
2025-05-11 10:53:18,153 - __main__ - INFO - [voice_direct_modular.py:4941] - No email+password pattern matched, trying email-only patterns
2025-05-11 10:53:18,153 - __main__ - INFO - [voice_direct_modular.py:4990] - Checking for login pattern
2025-05-11 10:53:18,153 - __main__ - INFO - [voice_direct_modular.py:4995] - Simple login pattern didn't match, trying flexible patterns
2025-05-11 10:53:18,153 - __main__ - INFO - [voice_direct_modular.py:5024] - Checking for password-only command
2025-05-11 10:53:18,154 - __main__ - INFO - [voice_direct_modular.py:5044] - Delegating to specialized handler
2025-05-11 10:53:18,155 - __main__ - INFO - [voice_direct_modular.py:5056] - Delegating to form filling handler
2025-05-11 10:53:18,157 - __main__ - INFO - [voice_direct_modular.py:5068] - Delegating to business purpose handler
2025-05-11 10:53:18,158 - __main__ - INFO - [voice_direct_modular.py:5080] - Delegating to member/manager handler
2025-05-11 10:53:18,158 - __main__ - INFO - [voice_direct_modular.py:5092] - Delegating to selection handler
2025-05-11 10:53:18,159 - __main__ - INFO - [voice_direct_modular.py:5104] - Delegating to navigation handler
2025-05-11 10:53:18,161 - __main__ - INFO - [voice_direct_modular.py:402] - ASSISTANT: I'm not sure how to process that command. Type 'help' for available commands.
2025-05-11 10:53:39,261 - __main__ - INFO - [voice_direct_modular.py:454] - Processing command: go to WWE
2025-05-11 10:53:39,261 - __main__ - INFO - [voice_direct_modular.py:4731] - Processing voice command: go to WWE
2025-05-11 10:53:39,261 - __main__ - WARNING - [voice_direct_modular.py:4612] - LLM utils not available for command normalization
2025-05-11 10:53:39,261 - __main__ - INFO - [voice_direct_modular.py:4737] - LLM normalized command: go to WWE
2025-05-11 10:53:39,262 - __main__ - INFO - [voice_direct_modular.py:4747] - Navigation command detected
2025-05-11 10:53:39,273 - __main__ - INFO - [voice_direct_modular.py:4757] - Extracted URL: WWE
2025-05-11 10:53:39,274 - __main__ - WARNING - [voice_direct_modular.py:4799] - Error using LLM for domain normalization: 'NoneType' object has no attribute 'get_completion'
2025-05-11 10:53:39,275 - __main__ - INFO - [voice_direct_modular.py:402] - ASSISTANT: Navigating to WWE
2025-05-11 10:53:40,284 - __main__ - INFO - [voice_direct_modular.py:4810] - Final navigation URL: https://WWE
2025-05-11 10:53:40,284 - __main__ - INFO - [voice_direct_modular.py:433] - Navigating to: https://WWE
2025-05-11 10:53:45,595 - __main__ - ERROR - [voice_direct_modular.py:441] - Error navigating to https://WWE: Page.goto: net::ERR_NAME_NOT_RESOLVED at https://wwe/
Call log:
  - navigating to "https://wwe/", waiting until "load"

2025-05-11 10:53:45,595 - __main__ - INFO - [voice_direct_modular.py:402] - ASSISTANT: Error navigating to https://WWE: Page.goto: net::ERR_NAME_NOT_RESOLVED at https://wwe/
Call log:
  - navigating to "https://wwe/", waiting until "load"

2025-05-11 11:07:02,905 - __main__ - INFO - [voice_direct_modular.py:454] - Processing command: Pakistan
2025-05-11 11:07:02,912 - __main__ - INFO - [voice_direct_modular.py:4731] - Processing voice command: Pakistan
2025-05-11 11:07:02,913 - __main__ - WARNING - [voice_direct_modular.py:4612] - LLM utils not available for command normalization
2025-05-11 11:07:02,913 - __main__ - INFO - [voice_direct_modular.py:4737] - LLM normalized command: Pakistan
2025-05-11 11:07:02,915 - __main__ - INFO - [voice_direct_modular.py:4917] - Direct email pattern didn't match, trying fallback patterns
2025-05-11 11:07:02,915 - __main__ - INFO - [voice_direct_modular.py:4924] - Trying flexible email+password patterns
2025-05-11 11:07:02,917 - __main__ - INFO - [voice_direct_modular.py:4941] - No email+password pattern matched, trying email-only patterns
2025-05-11 11:07:02,918 - __main__ - INFO - [voice_direct_modular.py:4990] - Checking for login pattern
2025-05-11 11:07:02,918 - __main__ - INFO - [voice_direct_modular.py:4995] - Simple login pattern didn't match, trying flexible patterns
2025-05-11 11:07:02,919 - __main__ - INFO - [voice_direct_modular.py:5024] - Checking for password-only command
2025-05-11 11:07:02,919 - __main__ - INFO - [voice_direct_modular.py:5044] - Delegating to specialized handler
2025-05-11 11:07:02,920 - __main__ - INFO - [voice_direct_modular.py:5056] - Delegating to form filling handler
2025-05-11 11:07:02,920 - __main__ - INFO - [voice_direct_modular.py:5068] - Delegating to business purpose handler
2025-05-11 11:07:02,921 - __main__ - INFO - [voice_direct_modular.py:5080] - Delegating to member/manager handler
2025-05-11 11:07:02,921 - __main__ - INFO - [voice_direct_modular.py:5092] - Delegating to selection handler
2025-05-11 11:07:02,921 - __main__ - INFO - [voice_direct_modular.py:5104] - Delegating to navigation handler
2025-05-11 11:07:02,922 - __main__ - INFO - [voice_direct_modular.py:402] - ASSISTANT: I'm not sure how to process that command. Type 'help' for available commands.
2025-05-11 11:17:24,688 - __main__ - INFO - [voice_direct_modular.py:454] - Processing command: washroom wale ka 6000 dega
2025-05-11 11:17:24,689 - __main__ - INFO - [voice_direct_modular.py:4731] - Processing voice command: washroom wale ka 6000 dega
2025-05-11 11:17:24,689 - __main__ - WARNING - [voice_direct_modular.py:4612] - LLM utils not available for command normalization
2025-05-11 11:17:24,689 - __main__ - INFO - [voice_direct_modular.py:4737] - LLM normalized command: washroom wale ka 6000 dega
2025-05-11 11:17:24,689 - __main__ - INFO - [voice_direct_modular.py:4917] - Direct email pattern didn't match, trying fallback patterns
2025-05-11 11:17:24,689 - __main__ - INFO - [voice_direct_modular.py:4924] - Trying flexible email+password patterns
2025-05-11 11:17:24,689 - __main__ - INFO - [voice_direct_modular.py:4941] - No email+password pattern matched, trying email-only patterns
2025-05-11 11:17:24,689 - __main__ - INFO - [voice_direct_modular.py:4990] - Checking for login pattern
2025-05-11 11:17:24,689 - __main__ - INFO - [voice_direct_modular.py:4995] - Simple login pattern didn't match, trying flexible patterns
2025-05-11 11:17:24,689 - __main__ - INFO - [voice_direct_modular.py:5024] - Checking for password-only command
2025-05-11 11:17:24,689 - __main__ - INFO - [voice_direct_modular.py:5044] - Delegating to specialized handler
2025-05-11 11:17:24,690 - __main__ - INFO - [voice_direct_modular.py:5056] - Delegating to form filling handler
2025-05-11 11:17:24,690 - __main__ - INFO - [voice_direct_modular.py:5068] - Delegating to business purpose handler
2025-05-11 11:17:24,690 - __main__ - INFO - [voice_direct_modular.py:5080] - Delegating to member/manager handler
2025-05-11 11:17:24,690 - __main__ - INFO - [voice_direct_modular.py:5092] - Delegating to selection handler
2025-05-11 11:17:24,690 - __main__ - INFO - [voice_direct_modular.py:5104] - Delegating to navigation handler
2025-05-11 11:17:24,690 - __main__ - INFO - [voice_direct_modular.py:402] - ASSISTANT: I'm not sure how to process that command. Type 'help' for available commands.
2025-05-11 11:17:42,489 - __main__ - INFO - [voice_direct_modular.py:454] - Processing command: mere ko Jim Jaunga
2025-05-11 11:17:42,489 - __main__ - INFO - [voice_direct_modular.py:4731] - Processing voice command: mere ko Jim Jaunga
2025-05-11 11:17:42,489 - __main__ - WARNING - [voice_direct_modular.py:4612] - LLM utils not available for command normalization
2025-05-11 11:17:42,489 - __main__ - INFO - [voice_direct_modular.py:4737] - LLM normalized command: mere ko Jim Jaunga
2025-05-11 11:17:42,490 - __main__ - INFO - [voice_direct_modular.py:4917] - Direct email pattern didn't match, trying fallback patterns
2025-05-11 11:17:42,490 - __main__ - INFO - [voice_direct_modular.py:4924] - Trying flexible email+password patterns
2025-05-11 11:17:42,490 - __main__ - INFO - [voice_direct_modular.py:4941] - No email+password pattern matched, trying email-only patterns
2025-05-11 11:17:42,490 - __main__ - INFO - [voice_direct_modular.py:4990] - Checking for login pattern
2025-05-11 11:17:42,490 - __main__ - INFO - [voice_direct_modular.py:4995] - Simple login pattern didn't match, trying flexible patterns
2025-05-11 11:17:42,490 - __main__ - INFO - [voice_direct_modular.py:5024] - Checking for password-only command
2025-05-11 11:17:42,491 - __main__ - INFO - [voice_direct_modular.py:5044] - Delegating to specialized handler
2025-05-11 11:17:42,491 - __main__ - INFO - [voice_direct_modular.py:5056] - Delegating to form filling handler
2025-05-11 11:17:42,491 - __main__ - INFO - [voice_direct_modular.py:5068] - Delegating to business purpose handler
2025-05-11 11:17:42,491 - __main__ - INFO - [voice_direct_modular.py:5080] - Delegating to member/manager handler
2025-05-11 11:17:42,491 - __main__ - INFO - [voice_direct_modular.py:5092] - Delegating to selection handler
2025-05-11 11:17:42,491 - __main__ - INFO - [voice_direct_modular.py:5104] - Delegating to navigation handler
2025-05-11 11:17:42,491 - __main__ - INFO - [voice_direct_modular.py:402] - ASSISTANT: I'm not sure how to process that command. Type 'help' for available commands.
2025-05-11 11:17:50,078 - __main__ - INFO - [voice_direct_modular.py:454] - Processing command: frustration
2025-05-11 11:17:50,078 - __main__ - INFO - [voice_direct_modular.py:4731] - Processing voice command: frustration
2025-05-11 11:17:50,079 - __main__ - WARNING - [voice_direct_modular.py:4612] - LLM utils not available for command normalization
2025-05-11 11:17:50,079 - __main__ - INFO - [voice_direct_modular.py:4737] - LLM normalized command: frustration
2025-05-11 11:17:50,079 - __main__ - INFO - [voice_direct_modular.py:4917] - Direct email pattern didn't match, trying fallback patterns
2025-05-11 11:17:50,079 - __main__ - INFO - [voice_direct_modular.py:4924] - Trying flexible email+password patterns
2025-05-11 11:17:50,079 - __main__ - INFO - [voice_direct_modular.py:4941] - No email+password pattern matched, trying email-only patterns
2025-05-11 11:17:50,079 - __main__ - INFO - [voice_direct_modular.py:4990] - Checking for login pattern
2025-05-11 11:17:50,080 - __main__ - INFO - [voice_direct_modular.py:4995] - Simple login pattern didn't match, trying flexible patterns
2025-05-11 11:17:50,080 - __main__ - INFO - [voice_direct_modular.py:5024] - Checking for password-only command
2025-05-11 11:17:50,080 - __main__ - INFO - [voice_direct_modular.py:5044] - Delegating to specialized handler
2025-05-11 11:17:50,080 - __main__ - INFO - [voice_direct_modular.py:5056] - Delegating to form filling handler
2025-05-11 11:17:50,080 - __main__ - INFO - [voice_direct_modular.py:5068] - Delegating to business purpose handler
2025-05-11 11:17:50,081 - __main__ - INFO - [voice_direct_modular.py:5080] - Delegating to member/manager handler
2025-05-11 11:17:50,082 - __main__ - INFO - [voice_direct_modular.py:5092] - Delegating to selection handler
2025-05-11 11:17:50,082 - __main__ - INFO - [voice_direct_modular.py:5104] - Delegating to navigation handler
2025-05-11 11:17:50,082 - __main__ - INFO - [voice_direct_modular.py:402] - ASSISTANT: I'm not sure how to process that command. Type 'help' for available commands.
2025-05-11 11:23:17,693 - __main__ - INFO - [voice_direct_modular.py:454] - Processing command: situation
2025-05-11 11:23:17,694 - __main__ - INFO - [voice_direct_modular.py:4731] - Processing voice command: situation
2025-05-11 11:23:17,694 - __main__ - WARNING - [voice_direct_modular.py:4612] - LLM utils not available for command normalization
2025-05-11 11:23:17,694 - __main__ - INFO - [voice_direct_modular.py:4737] - LLM normalized command: situation
2025-05-11 11:23:17,694 - __main__ - INFO - [voice_direct_modular.py:4917] - Direct email pattern didn't match, trying fallback patterns
2025-05-11 11:23:17,695 - __main__ - INFO - [voice_direct_modular.py:4924] - Trying flexible email+password patterns
2025-05-11 11:23:17,695 - __main__ - INFO - [voice_direct_modular.py:4941] - No email+password pattern matched, trying email-only patterns
2025-05-11 11:23:17,696 - __main__ - INFO - [voice_direct_modular.py:4990] - Checking for login pattern
2025-05-11 11:23:17,696 - __main__ - INFO - [voice_direct_modular.py:4995] - Simple login pattern didn't match, trying flexible patterns
2025-05-11 11:23:17,696 - __main__ - INFO - [voice_direct_modular.py:5024] - Checking for password-only command
2025-05-11 11:23:17,696 - __main__ - INFO - [voice_direct_modular.py:5044] - Delegating to specialized handler
2025-05-11 11:23:17,696 - __main__ - INFO - [voice_direct_modular.py:5056] - Delegating to form filling handler
2025-05-11 11:23:17,696 - __main__ - INFO - [voice_direct_modular.py:5068] - Delegating to business purpose handler
2025-05-11 11:23:17,696 - __main__ - INFO - [voice_direct_modular.py:5080] - Delegating to member/manager handler
2025-05-11 11:23:17,696 - __main__ - INFO - [voice_direct_modular.py:5092] - Delegating to selection handler
2025-05-11 11:23:17,696 - __main__ - INFO - [voice_direct_modular.py:5104] - Delegating to navigation handler
2025-05-11 11:23:17,697 - __main__ - INFO - [voice_direct_modular.py:402] - ASSISTANT: I'm not sure how to process that command. Type 'help' for available commands.
2025-05-11 11:54:08,366 - __main__ - INFO - [voice_direct_modular.py:454] - Processing command: hello hello
2025-05-11 11:54:08,377 - __main__ - INFO - [voice_direct_modular.py:4731] - Processing voice command: hello hello
2025-05-11 11:54:08,378 - __main__ - WARNING - [voice_direct_modular.py:4612] - LLM utils not available for command normalization
2025-05-11 11:54:08,378 - __main__ - INFO - [voice_direct_modular.py:4737] - LLM normalized command: hello hello
2025-05-11 11:54:08,381 - __main__ - INFO - [voice_direct_modular.py:4917] - Direct email pattern didn't match, trying fallback patterns
2025-05-11 11:54:08,381 - __main__ - INFO - [voice_direct_modular.py:4924] - Trying flexible email+password patterns
2025-05-11 11:54:08,382 - __main__ - INFO - [voice_direct_modular.py:4941] - No email+password pattern matched, trying email-only patterns
2025-05-11 11:54:08,383 - __main__ - INFO - [voice_direct_modular.py:4990] - Checking for login pattern
2025-05-11 11:54:08,383 - __main__ - INFO - [voice_direct_modular.py:4995] - Simple login pattern didn't match, trying flexible patterns
2025-05-11 11:54:08,383 - __main__ - INFO - [voice_direct_modular.py:5024] - Checking for password-only command
2025-05-11 11:54:08,383 - __main__ - INFO - [voice_direct_modular.py:5044] - Delegating to specialized handler
2025-05-11 11:54:08,384 - __main__ - INFO - [voice_direct_modular.py:5056] - Delegating to form filling handler
2025-05-11 11:54:08,386 - __main__ - INFO - [voice_direct_modular.py:5068] - Delegating to business purpose handler
2025-05-11 11:54:08,386 - __main__ - INFO - [voice_direct_modular.py:5080] - Delegating to member/manager handler
2025-05-11 11:54:08,386 - __main__ - INFO - [voice_direct_modular.py:5092] - Delegating to selection handler
2025-05-11 11:54:08,386 - __main__ - INFO - [voice_direct_modular.py:5104] - Delegating to navigation handler
2025-05-11 11:54:08,388 - __main__ - INFO - [voice_direct_modular.py:402] - ASSISTANT: I'm not sure how to process that command. Type 'help' for available commands.
2025-05-11 11:55:29,162 - __main__ - INFO - [voice_direct_modular.py:454] - Processing command: yah ladkiyon ki photo Hata
2025-05-11 11:55:29,162 - __main__ - INFO - [voice_direct_modular.py:4731] - Processing voice command: yah ladkiyon ki photo Hata
2025-05-11 11:55:29,162 - __main__ - WARNING - [voice_direct_modular.py:4612] - LLM utils not available for command normalization
2025-05-11 11:55:29,162 - __main__ - INFO - [voice_direct_modular.py:4737] - LLM normalized command: yah ladkiyon ki photo Hata
2025-05-11 11:55:29,162 - __main__ - INFO - [voice_direct_modular.py:4917] - Direct email pattern didn't match, trying fallback patterns
2025-05-11 11:55:29,162 - __main__ - INFO - [voice_direct_modular.py:4924] - Trying flexible email+password patterns
2025-05-11 11:55:29,162 - __main__ - INFO - [voice_direct_modular.py:4941] - No email+password pattern matched, trying email-only patterns
2025-05-11 11:55:29,162 - __main__ - INFO - [voice_direct_modular.py:4990] - Checking for login pattern
2025-05-11 11:55:29,162 - __main__ - INFO - [voice_direct_modular.py:4995] - Simple login pattern didn't match, trying flexible patterns
2025-05-11 11:55:29,162 - __main__ - INFO - [voice_direct_modular.py:5024] - Checking for password-only command
2025-05-11 11:55:29,162 - __main__ - INFO - [voice_direct_modular.py:5044] - Delegating to specialized handler
2025-05-11 11:55:29,163 - __main__ - INFO - [voice_direct_modular.py:5056] - Delegating to form filling handler
2025-05-11 11:55:29,163 - __main__ - INFO - [voice_direct_modular.py:5068] - Delegating to business purpose handler
2025-05-11 11:55:29,163 - __main__ - INFO - [voice_direct_modular.py:5080] - Delegating to member/manager handler
2025-05-11 11:55:29,163 - __main__ - INFO - [voice_direct_modular.py:5092] - Delegating to selection handler
2025-05-11 11:55:29,163 - __main__ - INFO - [voice_direct_modular.py:5104] - Delegating to navigation handler
2025-05-11 11:55:29,163 - __main__ - INFO - [voice_direct_modular.py:402] - ASSISTANT: I'm not sure how to process that command. Type 'help' for available commands.
2025-05-11 11:55:44,833 - __main__ - INFO - [voice_direct_modular.py:454] - Processing command: 2015
2025-05-11 11:55:44,833 - __main__ - INFO - [voice_direct_modular.py:4731] - Processing voice command: 2015
2025-05-11 11:55:44,833 - __main__ - WARNING - [voice_direct_modular.py:4612] - LLM utils not available for command normalization
2025-05-11 11:55:44,833 - __main__ - INFO - [voice_direct_modular.py:4737] - LLM normalized command: 2015
2025-05-11 11:55:44,833 - __main__ - INFO - [voice_direct_modular.py:4917] - Direct email pattern didn't match, trying fallback patterns
2025-05-11 11:55:44,834 - __main__ - INFO - [voice_direct_modular.py:4924] - Trying flexible email+password patterns
2025-05-11 11:55:44,834 - __main__ - INFO - [voice_direct_modular.py:4941] - No email+password pattern matched, trying email-only patterns
2025-05-11 11:55:44,834 - __main__ - INFO - [voice_direct_modular.py:4990] - Checking for login pattern
2025-05-11 11:55:44,834 - __main__ - INFO - [voice_direct_modular.py:4995] - Simple login pattern didn't match, trying flexible patterns
2025-05-11 11:55:44,834 - __main__ - INFO - [voice_direct_modular.py:5024] - Checking for password-only command
2025-05-11 11:55:44,834 - __main__ - INFO - [voice_direct_modular.py:5044] - Delegating to specialized handler
2025-05-11 11:55:44,834 - __main__ - INFO - [voice_direct_modular.py:5056] - Delegating to form filling handler
2025-05-11 11:55:44,834 - __main__ - INFO - [voice_direct_modular.py:5068] - Delegating to business purpose handler
2025-05-11 11:55:44,834 - __main__ - INFO - [voice_direct_modular.py:5080] - Delegating to member/manager handler
2025-05-11 11:55:44,834 - __main__ - INFO - [voice_direct_modular.py:5092] - Delegating to selection handler
2025-05-11 11:55:44,834 - __main__ - INFO - [voice_direct_modular.py:5104] - Delegating to navigation handler
2025-05-11 11:55:44,834 - __main__ - INFO - [voice_direct_modular.py:402] - ASSISTANT: I'm not sure how to process that command. Type 'help' for available commands.
2025-05-11 11:58:16,150 - __main__ - INFO - [voice_direct_modular.py:454] - Processing command: original
2025-05-11 11:58:16,150 - __main__ - INFO - [voice_direct_modular.py:4731] - Processing voice command: original
2025-05-11 11:58:16,150 - __main__ - WARNING - [voice_direct_modular.py:4612] - LLM utils not available for command normalization
2025-05-11 11:58:16,150 - __main__ - INFO - [voice_direct_modular.py:4737] - LLM normalized command: original
2025-05-11 11:58:16,150 - __main__ - INFO - [voice_direct_modular.py:4917] - Direct email pattern didn't match, trying fallback patterns
2025-05-11 11:58:16,151 - __main__ - INFO - [voice_direct_modular.py:4924] - Trying flexible email+password patterns
2025-05-11 11:58:16,151 - __main__ - INFO - [voice_direct_modular.py:4941] - No email+password pattern matched, trying email-only patterns
2025-05-11 11:58:16,152 - __main__ - INFO - [voice_direct_modular.py:4990] - Checking for login pattern
2025-05-11 11:58:16,152 - __main__ - INFO - [voice_direct_modular.py:4995] - Simple login pattern didn't match, trying flexible patterns
2025-05-11 11:58:16,152 - __main__ - INFO - [voice_direct_modular.py:5024] - Checking for password-only command
2025-05-11 11:58:16,152 - __main__ - INFO - [voice_direct_modular.py:5044] - Delegating to specialized handler
2025-05-11 11:58:16,152 - __main__ - INFO - [voice_direct_modular.py:5056] - Delegating to form filling handler
2025-05-11 11:58:16,152 - __main__ - INFO - [voice_direct_modular.py:5068] - Delegating to business purpose handler
2025-05-11 11:58:16,152 - __main__ - INFO - [voice_direct_modular.py:5080] - Delegating to member/manager handler
2025-05-11 11:58:16,152 - __main__ - INFO - [voice_direct_modular.py:5092] - Delegating to selection handler
2025-05-11 11:58:16,152 - __main__ - INFO - [voice_direct_modular.py:5104] - Delegating to navigation handler
2025-05-11 11:58:16,152 - __main__ - INFO - [voice_direct_modular.py:402] - ASSISTANT: I'm not sure how to process that command. Type 'help' for available commands.
2025-05-11 11:58:35,773 - __main__ - INFO - [voice_direct_modular.py:454] - Processing command: Japan ki shopping
2025-05-11 11:58:35,774 - __main__ - INFO - [voice_direct_modular.py:4731] - Processing voice command: Japan ki shopping
2025-05-11 11:58:35,774 - __main__ - WARNING - [voice_direct_modular.py:4612] - LLM utils not available for command normalization
2025-05-11 11:58:35,774 - __main__ - INFO - [voice_direct_modular.py:4737] - LLM normalized command: Japan ki shopping
2025-05-11 11:58:35,774 - __main__ - INFO - [voice_direct_modular.py:4917] - Direct email pattern didn't match, trying fallback patterns
2025-05-11 11:58:35,774 - __main__ - INFO - [voice_direct_modular.py:4924] - Trying flexible email+password patterns
2025-05-11 11:58:35,774 - __main__ - INFO - [voice_direct_modular.py:4941] - No email+password pattern matched, trying email-only patterns
2025-05-11 11:58:35,774 - __main__ - INFO - [voice_direct_modular.py:4990] - Checking for login pattern
2025-05-11 11:58:35,774 - __main__ - INFO - [voice_direct_modular.py:4995] - Simple login pattern didn't match, trying flexible patterns
2025-05-11 11:58:35,775 - __main__ - INFO - [voice_direct_modular.py:5024] - Checking for password-only command
2025-05-11 11:58:35,775 - __main__ - INFO - [voice_direct_modular.py:5044] - Delegating to specialized handler
2025-05-11 11:58:35,775 - __main__ - INFO - [voice_direct_modular.py:5056] - Delegating to form filling handler
2025-05-11 11:58:35,775 - __main__ - INFO - [voice_direct_modular.py:5068] - Delegating to business purpose handler
2025-05-11 11:58:35,775 - __main__ - INFO - [voice_direct_modular.py:5080] - Delegating to member/manager handler
2025-05-11 11:58:35,775 - __main__ - INFO - [voice_direct_modular.py:5092] - Delegating to selection handler
2025-05-11 11:58:35,775 - __main__ - INFO - [voice_direct_modular.py:5104] - Delegating to navigation handler
2025-05-11 11:58:35,775 - __main__ - INFO - [voice_direct_modular.py:402] - ASSISTANT: I'm not sure how to process that command. Type 'help' for available commands.
2025-05-11 11:58:46,905 - __main__ - INFO - [voice_direct_modular.py:454] - Processing command: heart hospital
2025-05-11 11:58:46,905 - __main__ - INFO - [voice_direct_modular.py:4731] - Processing voice command: heart hospital
2025-05-11 11:58:46,905 - __main__ - WARNING - [voice_direct_modular.py:4612] - LLM utils not available for command normalization
2025-05-11 11:58:46,905 - __main__ - INFO - [voice_direct_modular.py:4737] - LLM normalized command: heart hospital
2025-05-11 11:58:46,906 - __main__ - INFO - [voice_direct_modular.py:4917] - Direct email pattern didn't match, trying fallback patterns
2025-05-11 11:58:46,906 - __main__ - INFO - [voice_direct_modular.py:4924] - Trying flexible email+password patterns
2025-05-11 11:58:46,906 - __main__ - INFO - [voice_direct_modular.py:4941] - No email+password pattern matched, trying email-only patterns
2025-05-11 11:58:46,906 - __main__ - INFO - [voice_direct_modular.py:4990] - Checking for login pattern
2025-05-11 11:58:46,906 - __main__ - INFO - [voice_direct_modular.py:4995] - Simple login pattern didn't match, trying flexible patterns
2025-05-11 11:58:46,906 - __main__ - INFO - [voice_direct_modular.py:5024] - Checking for password-only command
2025-05-11 11:58:46,906 - __main__ - INFO - [voice_direct_modular.py:5044] - Delegating to specialized handler
2025-05-11 11:58:46,906 - __main__ - INFO - [voice_direct_modular.py:5056] - Delegating to form filling handler
2025-05-11 11:58:46,906 - __main__ - INFO - [voice_direct_modular.py:5068] - Delegating to business purpose handler
2025-05-11 11:58:46,906 - __main__ - INFO - [voice_direct_modular.py:5080] - Delegating to member/manager handler
2025-05-11 11:58:46,907 - __main__ - INFO - [voice_direct_modular.py:5092] - Delegating to selection handler
2025-05-11 11:58:46,907 - __main__ - INFO - [voice_direct_modular.py:5104] - Delegating to navigation handler
2025-05-11 11:58:46,907 - __main__ - INFO - [voice_direct_modular.py:402] - ASSISTANT: I'm not sure how to process that command. Type 'help' for available commands.
2025-05-11 12:03:04,407 - __main__ - INFO - [voice_direct_modular.py:454] - Processing command: Google Tumhare do
2025-05-11 12:03:04,407 - __main__ - INFO - [voice_direct_modular.py:4731] - Processing voice command: Google Tumhare do
2025-05-11 12:03:04,407 - __main__ - WARNING - [voice_direct_modular.py:4612] - LLM utils not available for command normalization
2025-05-11 12:03:04,407 - __main__ - INFO - [voice_direct_modular.py:4737] - LLM normalized command: Google Tumhare do
2025-05-11 12:03:04,407 - __main__ - INFO - [voice_direct_modular.py:4917] - Direct email pattern didn't match, trying fallback patterns
2025-05-11 12:03:04,407 - __main__ - INFO - [voice_direct_modular.py:4924] - Trying flexible email+password patterns
2025-05-11 12:03:04,407 - __main__ - INFO - [voice_direct_modular.py:4941] - No email+password pattern matched, trying email-only patterns
2025-05-11 12:03:04,407 - __main__ - INFO - [voice_direct_modular.py:4990] - Checking for login pattern
2025-05-11 12:03:04,408 - __main__ - INFO - [voice_direct_modular.py:4995] - Simple login pattern didn't match, trying flexible patterns
2025-05-11 12:03:04,408 - __main__ - INFO - [voice_direct_modular.py:5024] - Checking for password-only command
2025-05-11 12:03:04,408 - __main__ - INFO - [voice_direct_modular.py:5044] - Delegating to specialized handler
2025-05-11 12:03:04,408 - __main__ - INFO - [voice_direct_modular.py:5056] - Delegating to form filling handler
2025-05-11 12:03:04,409 - __main__ - INFO - [voice_direct_modular.py:5068] - Delegating to business purpose handler
2025-05-11 12:03:04,409 - __main__ - INFO - [voice_direct_modular.py:5080] - Delegating to member/manager handler
2025-05-11 12:03:04,409 - __main__ - INFO - [voice_direct_modular.py:5092] - Delegating to selection handler
2025-05-11 12:03:04,409 - __main__ - INFO - [voice_direct_modular.py:5104] - Delegating to navigation handler
2025-05-11 12:03:04,409 - __main__ - INFO - [voice_direct_modular.py:402] - ASSISTANT: I'm not sure how to process that command. Type 'help' for available commands.
2025-05-11 12:06:46,511 - __main__ - INFO - [voice_direct_modular.py:454] - Processing command: open Google
2025-05-11 12:06:46,511 - __main__ - INFO - [voice_direct_modular.py:4731] - Processing voice command: open Google
2025-05-11 12:06:46,511 - __main__ - WARNING - [voice_direct_modular.py:4612] - LLM utils not available for command normalization
2025-05-11 12:06:46,511 - __main__ - INFO - [voice_direct_modular.py:4737] - LLM normalized command: open Google
2025-05-11 12:06:46,511 - __main__ - INFO - [voice_direct_modular.py:4747] - Navigation command detected
2025-05-11 12:06:46,512 - __main__ - INFO - [voice_direct_modular.py:4757] - Extracted URL: Google
2025-05-11 12:06:46,513 - __main__ - WARNING - [voice_direct_modular.py:4799] - Error using LLM for domain normalization: 'NoneType' object has no attribute 'get_completion'
2025-05-11 12:06:46,515 - __main__ - INFO - [voice_direct_modular.py:402] - ASSISTANT: Navigating to Google
2025-05-11 12:06:47,529 - __main__ - INFO - [voice_direct_modular.py:4810] - Final navigation URL: https://Google
2025-05-11 12:06:47,530 - __main__ - INFO - [voice_direct_modular.py:433] - Navigating to: https://Google
2025-05-11 12:06:52,309 - __main__ - ERROR - [voice_direct_modular.py:441] - Error navigating to https://Google: Page.goto: net::ERR_NAME_NOT_RESOLVED at https://google/
Call log:
  - navigating to "https://google/", waiting until "load"

2025-05-11 12:06:52,309 - __main__ - INFO - [voice_direct_modular.py:402] - ASSISTANT: Error navigating to https://Google: Page.goto: net::ERR_NAME_NOT_RESOLVED at https://google/
Call log:
  - navigating to "https://google/", waiting until "load"

2025-05-11 12:07:53,979 - __main__ - INFO - [voice_direct_modular.py:454] - Processing command: go to
2025-05-11 12:07:53,979 - __main__ - INFO - [voice_direct_modular.py:4731] - Processing voice command: go to
2025-05-11 12:07:53,979 - __main__ - WARNING - [voice_direct_modular.py:4612] - LLM utils not available for command normalization
2025-05-11 12:07:53,980 - __main__ - INFO - [voice_direct_modular.py:4737] - LLM normalized command: go to
2025-05-11 12:07:53,980 - __main__ - INFO - [voice_direct_modular.py:4917] - Direct email pattern didn't match, trying fallback patterns
2025-05-11 12:07:53,980 - __main__ - INFO - [voice_direct_modular.py:4924] - Trying flexible email+password patterns
2025-05-11 12:07:53,980 - __main__ - INFO - [voice_direct_modular.py:4941] - No email+password pattern matched, trying email-only patterns
2025-05-11 12:07:53,980 - __main__ - INFO - [voice_direct_modular.py:4990] - Checking for login pattern
2025-05-11 12:07:53,980 - __main__ - INFO - [voice_direct_modular.py:4995] - Simple login pattern didn't match, trying flexible patterns
2025-05-11 12:07:53,981 - __main__ - INFO - [voice_direct_modular.py:5024] - Checking for password-only command
2025-05-11 12:07:53,981 - __main__ - INFO - [voice_direct_modular.py:5044] - Delegating to specialized handler
2025-05-11 12:07:53,981 - __main__ - INFO - [voice_direct_modular.py:5056] - Delegating to form filling handler
2025-05-11 12:07:53,981 - __main__ - INFO - [voice_direct_modular.py:5068] - Delegating to business purpose handler
2025-05-11 12:07:53,981 - __main__ - INFO - [voice_direct_modular.py:5080] - Delegating to member/manager handler
2025-05-11 12:07:53,982 - __main__ - INFO - [voice_direct_modular.py:5092] - Delegating to selection handler
2025-05-11 12:07:53,982 - __main__ - INFO - [voice_direct_modular.py:5104] - Delegating to navigation handler
2025-05-11 12:07:53,982 - __main__ - INFO - [voice_direct_modular.py:402] - ASSISTANT: I'm not sure how to process that command. Type 'help' for available commands.
2025-05-11 12:11:36,413 - __main__ - INFO - [voice_direct_modular.py:454] - Processing command: UP mein kya Kahate Hain website
2025-05-11 12:11:36,417 - __main__ - INFO - [voice_direct_modular.py:4731] - Processing voice command: UP mein kya Kahate Hain website
2025-05-11 12:11:36,418 - __main__ - WARNING - [voice_direct_modular.py:4612] - LLM utils not available for command normalization
2025-05-11 12:11:36,418 - __main__ - INFO - [voice_direct_modular.py:4737] - LLM normalized command: UP mein kya Kahate Hain website
2025-05-11 12:11:36,421 - __main__ - INFO - [voice_direct_modular.py:4917] - Direct email pattern didn't match, trying fallback patterns
2025-05-11 12:11:36,421 - __main__ - INFO - [voice_direct_modular.py:4924] - Trying flexible email+password patterns
2025-05-11 12:11:36,421 - __main__ - INFO - [voice_direct_modular.py:4941] - No email+password pattern matched, trying email-only patterns
2025-05-11 12:11:36,422 - __main__ - INFO - [voice_direct_modular.py:4990] - Checking for login pattern
2025-05-11 12:11:36,422 - __main__ - INFO - [voice_direct_modular.py:4995] - Simple login pattern didn't match, trying flexible patterns
2025-05-11 12:11:36,422 - __main__ - INFO - [voice_direct_modular.py:5024] - Checking for password-only command
2025-05-11 12:11:36,422 - __main__ - INFO - [voice_direct_modular.py:5044] - Delegating to specialized handler
2025-05-11 12:11:36,422 - __main__ - INFO - [voice_direct_modular.py:5056] - Delegating to form filling handler
2025-05-11 12:11:36,423 - __main__ - INFO - [voice_direct_modular.py:5068] - Delegating to business purpose handler
2025-05-11 12:11:36,423 - __main__ - INFO - [voice_direct_modular.py:5080] - Delegating to member/manager handler
2025-05-11 12:11:36,423 - __main__ - INFO - [voice_direct_modular.py:5092] - Delegating to selection handler
2025-05-11 12:11:36,423 - __main__ - INFO - [voice_direct_modular.py:5104] - Delegating to navigation handler
2025-05-11 12:11:36,424 - __main__ - INFO - [voice_direct_modular.py:402] - ASSISTANT: I'm not sure how to process that command. Type 'help' for available commands.
2025-05-11 12:13:02,951 - __main__ - INFO - [voice_direct_modular.py:454] - Processing command: aur logo
2025-05-11 12:13:02,951 - __main__ - INFO - [voice_direct_modular.py:4731] - Processing voice command: aur logo
2025-05-11 12:13:02,951 - __main__ - WARNING - [voice_direct_modular.py:4612] - LLM utils not available for command normalization
2025-05-11 12:13:02,951 - __main__ - INFO - [voice_direct_modular.py:4737] - LLM normalized command: aur logo
2025-05-11 12:13:02,951 - __main__ - INFO - [voice_direct_modular.py:4917] - Direct email pattern didn't match, trying fallback patterns
2025-05-11 12:13:02,951 - __main__ - INFO - [voice_direct_modular.py:4924] - Trying flexible email+password patterns
2025-05-11 12:13:02,951 - __main__ - INFO - [voice_direct_modular.py:4941] - No email+password pattern matched, trying email-only patterns
2025-05-11 12:13:02,951 - __main__ - INFO - [voice_direct_modular.py:4990] - Checking for login pattern
2025-05-11 12:13:02,952 - __main__ - INFO - [voice_direct_modular.py:4995] - Simple login pattern didn't match, trying flexible patterns
2025-05-11 12:13:02,952 - __main__ - INFO - [voice_direct_modular.py:5024] - Checking for password-only command
2025-05-11 12:13:02,952 - __main__ - INFO - [voice_direct_modular.py:5044] - Delegating to specialized handler
2025-05-11 12:13:02,952 - __main__ - INFO - [voice_direct_modular.py:5056] - Delegating to form filling handler
2025-05-11 12:13:02,952 - __main__ - INFO - [voice_direct_modular.py:5068] - Delegating to business purpose handler
2025-05-11 12:13:02,952 - __main__ - INFO - [voice_direct_modular.py:5080] - Delegating to member/manager handler
2025-05-11 12:13:02,952 - __main__ - INFO - [voice_direct_modular.py:5092] - Delegating to selection handler
2025-05-11 12:13:02,953 - __main__ - INFO - [voice_direct_modular.py:5104] - Delegating to navigation handler
2025-05-11 12:13:02,953 - __main__ - INFO - [voice_direct_modular.py:402] - ASSISTANT: I'm not sure how to process that command. Type 'help' for available commands.
2025-05-11 12:34:23,247 - __main__ - INFO - [voice_direct_modular.py:454] - Processing command: go to
2025-05-11 12:34:23,616 - __main__ - INFO - [voice_direct_modular.py:4731] - Processing voice command: go to
2025-05-11 12:34:23,617 - __main__ - WARNING - [voice_direct_modular.py:4612] - LLM utils not available for command normalization
2025-05-11 12:34:23,618 - __main__ - INFO - [voice_direct_modular.py:4737] - LLM normalized command: go to
2025-05-11 12:34:23,627 - __main__ - INFO - [voice_direct_modular.py:4917] - Direct email pattern didn't match, trying fallback patterns
2025-05-11 12:34:23,628 - __main__ - INFO - [voice_direct_modular.py:4924] - Trying flexible email+password patterns
2025-05-11 12:34:23,628 - __main__ - INFO - [voice_direct_modular.py:4941] - No email+password pattern matched, trying email-only patterns
2025-05-11 12:34:23,628 - __main__ - INFO - [voice_direct_modular.py:4990] - Checking for login pattern
2025-05-11 12:34:23,629 - __main__ - INFO - [voice_direct_modular.py:4995] - Simple login pattern didn't match, trying flexible patterns
2025-05-11 12:34:23,629 - __main__ - INFO - [voice_direct_modular.py:5024] - Checking for password-only command
2025-05-11 12:34:23,629 - __main__ - INFO - [voice_direct_modular.py:5044] - Delegating to specialized handler
2025-05-11 12:34:23,632 - __main__ - INFO - [voice_direct_modular.py:5056] - Delegating to form filling handler
2025-05-11 12:34:23,633 - __main__ - INFO - [voice_direct_modular.py:5068] - Delegating to business purpose handler
2025-05-11 12:34:23,634 - __main__ - INFO - [voice_direct_modular.py:5080] - Delegating to member/manager handler
2025-05-11 12:34:23,634 - __main__ - INFO - [voice_direct_modular.py:5092] - Delegating to selection handler
2025-05-11 12:34:23,634 - __main__ - INFO - [voice_direct_modular.py:5104] - Delegating to navigation handler
2025-05-11 12:34:23,637 - __main__ - INFO - [voice_direct_modular.py:402] - ASSISTANT: I'm not sure how to process that command. Type 'help' for available commands.
2025-05-11 12:37:54,561 - __main__ - INFO - [voice_direct_modular.py:454] - Processing command: bhai kya karne ka batao na final Hamen Aaj Karne Wale
2025-05-11 12:37:54,563 - __main__ - INFO - [voice_direct_modular.py:4731] - Processing voice command: bhai kya karne ka batao na final Hamen Aaj Karne Wale
2025-05-11 12:37:54,563 - __main__ - WARNING - [voice_direct_modular.py:4612] - LLM utils not available for command normalization
2025-05-11 12:37:54,563 - __main__ - INFO - [voice_direct_modular.py:4737] - LLM normalized command: bhai kya karne ka batao na final Hamen Aaj Karne Wale
2025-05-11 12:37:54,563 - __main__ - INFO - [voice_direct_modular.py:4917] - Direct email pattern didn't match, trying fallback patterns
2025-05-11 12:37:54,563 - __main__ - INFO - [voice_direct_modular.py:4924] - Trying flexible email+password patterns
2025-05-11 12:37:54,563 - __main__ - INFO - [voice_direct_modular.py:4941] - No email+password pattern matched, trying email-only patterns
2025-05-11 12:37:54,563 - __main__ - INFO - [voice_direct_modular.py:4990] - Checking for login pattern
2025-05-11 12:37:54,563 - __main__ - INFO - [voice_direct_modular.py:4995] - Simple login pattern didn't match, trying flexible patterns
2025-05-11 12:37:54,564 - __main__ - INFO - [voice_direct_modular.py:5024] - Checking for password-only command
2025-05-11 12:37:54,564 - __main__ - INFO - [voice_direct_modular.py:5044] - Delegating to specialized handler
2025-05-11 12:37:54,564 - __main__ - INFO - [voice_direct_modular.py:5056] - Delegating to form filling handler
2025-05-11 12:37:54,564 - __main__ - INFO - [voice_direct_modular.py:5068] - Delegating to business purpose handler
2025-05-11 12:37:54,564 - __main__ - INFO - [voice_direct_modular.py:5080] - Delegating to member/manager handler
2025-05-11 12:37:54,564 - __main__ - INFO - [voice_direct_modular.py:5092] - Delegating to selection handler
2025-05-11 12:37:54,564 - __main__ - INFO - [voice_direct_modular.py:5104] - Delegating to navigation handler
2025-05-11 12:37:54,564 - __main__ - INFO - [voice_direct_modular.py:402] - ASSISTANT: I'm not sure how to process that command. Type 'help' for available commands.
2025-05-11 16:07:59,155 - __main__ - INFO - [voice_direct_modular.py:74] - Logging system initialized
2025-05-11 16:07:59,213 - webassist.voice_assistant.speech.enhanced_recognizer - WARNING - [enhanced_recognizer.py:19] - Optional dependencies (Whisper, PyDub) are disabled to avoid conflicts
2025-05-11 16:08:00,737 - __main__ - ERROR - [voice_direct_modular.py:180] - Error initializing speech synthesizer: 'SimpleVoiceAssistant' object has no attribute 'speech_config'
2025-05-11 16:08:00,738 - __main__ - ERROR - [voice_direct_modular.py:181] - Speech synthesis will not be available
2025-05-11 16:08:00,742 - __main__ - INFO - [voice_direct_modular.py:196] - Attempting to initialize direct speech recognizer in text mode
2025-05-11 16:08:00,742 - __main__ - INFO - [voice_direct_modular.py:200] - Direct speech recognizer initialized in text mode
2025-05-11 16:08:00,742 - __main__ - ERROR - [voice_direct_modular.py:219] - Error initializing direct speech recognizer: 'SimpleVoiceAssistant' object has no attribute '_handle_recognized_command'
2025-05-11 16:08:00,744 - __main__ - ERROR - [voice_direct_modular.py:221] - Traceback (most recent call last):
  File "D:\webassistant-master\webassistant\voice_direct_modular.py", line 204, in __init__
    self.recognizer.start_listening(self._handle_recognized_command)
AttributeError: 'SimpleVoiceAssistant' object has no attribute '_handle_recognized_command'

2025-05-11 16:08:00,744 - __main__ - INFO - [voice_direct_modular.py:227] - Falling back to enhanced recognizer in text mode
2025-05-11 16:08:00,744 - __main__ - ERROR - [voice_direct_modular.py:231] - Error initializing enhanced recognizer: 'SimpleVoiceAssistant' object has no attribute 'speech_config'
2025-05-11 16:08:00,745 - __main__ - ERROR - [voice_direct_modular.py:232] - Traceback (most recent call last):
  File "D:\webassistant-master\webassistant\voice_direct_modular.py", line 204, in __init__
    self.recognizer.start_listening(self._handle_recognized_command)
AttributeError: 'SimpleVoiceAssistant' object has no attribute '_handle_recognized_command'

During handling of the above exception, another exception occurred:

Traceback (most recent call last):
  File "D:\webassistant-master\webassistant\voice_direct_modular.py", line 228, in __init__
    self.recognizer = create_enhanced_recognizer(config=self.speech_config, mode=input_mode, speak_func=self.speak)
AttributeError: 'SimpleVoiceAssistant' object has no attribute 'speech_config'

2025-05-11 16:08:06,679 - __main__ - INFO - [voice_direct_modular.py:5825] - Initializing assistant...
2025-05-11 16:08:10,550 - __main__ - INFO - [voice_direct_modular.py:348] - Initializing interaction handlers...
2025-05-11 16:08:10,551 - __main__ - INFO - [voice_direct_modular.py:359] - Navigation handler initialized
2025-05-11 16:08:10,551 - __main__ - INFO - [voice_direct_modular.py:365] - Selection handler initialized
2025-05-11 16:08:10,551 - __main__ - INFO - [voice_direct_modular.py:371] - Form filling handler initialized
2025-05-11 16:08:10,551 - __main__ - INFO - [voice_direct_modular.py:377] - Specialized handler initialized
2025-05-11 16:08:10,552 - __main__ - INFO - [voice_direct_modular.py:383] - Member/Manager handler initialized
2025-05-11 16:08:10,552 - __main__ - INFO - [voice_direct_modular.py:389] - Business Purpose handler initialized
2025-05-11 16:08:10,651 - __main__ - INFO - [voice_direct_modular.py:391] - All handlers initialized successfully
2025-05-11 16:08:10,652 - __main__ - INFO - [voice_direct_modular.py:5840] - Assistant initialized successfully, running main loop...
2025-05-11 16:16:11,985 - __main__ - INFO - [voice_direct_modular.py:454] - Processing command: OK go to go to starting
2025-05-11 16:16:11,994 - __main__ - INFO - [voice_direct_modular.py:4827] - Processing voice command: OK go to go to starting
2025-05-11 16:16:11,996 - __main__ - WARNING - [voice_direct_modular.py:4705] - LLM utils not available for command normalization
2025-05-11 16:16:11,997 - __main__ - INFO - [voice_direct_modular.py:4833] - LLM normalized command: OK go to go to starting
2025-05-11 16:16:12,009 - __main__ - INFO - [voice_direct_modular.py:5013] - Direct email pattern didn't match, trying fallback patterns
2025-05-11 16:16:12,011 - __main__ - INFO - [voice_direct_modular.py:5020] - Trying flexible email+password patterns
2025-05-11 16:16:12,019 - __main__ - INFO - [voice_direct_modular.py:5037] - No email+password pattern matched, trying email-only patterns
2025-05-11 16:16:12,029 - __main__ - INFO - [voice_direct_modular.py:5086] - Checking for login pattern
2025-05-11 16:16:12,031 - __main__ - INFO - [voice_direct_modular.py:5091] - Simple login pattern didn't match, trying flexible patterns
2025-05-11 16:16:12,050 - __main__ - INFO - [voice_direct_modular.py:5120] - Checking for password-only command
2025-05-11 16:16:12,053 - __main__ - INFO - [voice_direct_modular.py:5140] - Delegating to specialized handler
2025-05-11 16:16:12,074 - __main__ - INFO - [voice_direct_modular.py:5152] - Delegating to form filling handler
2025-05-11 16:16:12,080 - __main__ - INFO - [voice_direct_modular.py:5164] - Delegating to business purpose handler
2025-05-11 16:16:12,082 - __main__ - INFO - [voice_direct_modular.py:5176] - Delegating to member/manager handler
2025-05-11 16:16:12,082 - __main__ - INFO - [voice_direct_modular.py:5188] - Delegating to selection handler
2025-05-11 16:16:12,086 - __main__ - INFO - [voice_direct_modular.py:5200] - Delegating to navigation handler
2025-05-11 16:16:12,103 - __main__ - INFO - [voice_direct_modular.py:402] - ASSISTANT: I'm not sure how to process that command. Type 'help' for available commands.
2025-05-11 16:22:27,977 - __main__ - INFO - [voice_direct_modular.py:454] - Processing command: most popular
2025-05-11 16:22:27,978 - __main__ - INFO - [voice_direct_modular.py:4827] - Processing voice command: most popular
2025-05-11 16:22:27,978 - __main__ - WARNING - [voice_direct_modular.py:4705] - LLM utils not available for command normalization
2025-05-11 16:22:27,979 - __main__ - INFO - [voice_direct_modular.py:4833] - LLM normalized command: most popular
2025-05-11 16:22:27,979 - __main__ - INFO - [voice_direct_modular.py:5013] - Direct email pattern didn't match, trying fallback patterns
2025-05-11 16:22:27,979 - __main__ - INFO - [voice_direct_modular.py:5020] - Trying flexible email+password patterns
2025-05-11 16:22:27,980 - __main__ - INFO - [voice_direct_modular.py:5037] - No email+password pattern matched, trying email-only patterns
2025-05-11 16:22:27,980 - __main__ - INFO - [voice_direct_modular.py:5086] - Checking for login pattern
2025-05-11 16:22:27,980 - __main__ - INFO - [voice_direct_modular.py:5091] - Simple login pattern didn't match, trying flexible patterns
2025-05-11 16:22:27,980 - __main__ - INFO - [voice_direct_modular.py:5120] - Checking for password-only command
2025-05-11 16:22:27,981 - __main__ - INFO - [voice_direct_modular.py:5140] - Delegating to specialized handler
2025-05-11 16:22:27,981 - __main__ - INFO - [voice_direct_modular.py:5152] - Delegating to form filling handler
2025-05-11 16:22:27,981 - __main__ - INFO - [voice_direct_modular.py:5164] - Delegating to business purpose handler
2025-05-11 16:22:27,982 - __main__ - INFO - [voice_direct_modular.py:5176] - Delegating to member/manager handler
2025-05-11 16:22:28,325 - __main__ - INFO - [voice_direct_modular.py:5188] - Delegating to selection handler
2025-05-11 16:22:28,326 - __main__ - INFO - [voice_direct_modular.py:5200] - Delegating to navigation handler
2025-05-11 16:22:28,326 - __main__ - INFO - [voice_direct_modular.py:402] - ASSISTANT: I'm not sure how to process that command. Type 'help' for available commands.
2025-05-11 16:26:59,678 - __main__ - INFO - [voice_direct_modular.py:454] - Processing command: go to railway station
2025-05-11 16:26:59,679 - __main__ - INFO - [voice_direct_modular.py:462] - TOP-LEVEL EXACT MATCH for redberyltest.in: 'go to railway station'
2025-05-11 16:26:59,680 - __main__ - INFO - [voice_direct_modular.py:433] - Navigating to: https://www.redberyltest.in
2025-05-11 16:27:30,065 - __main__ - ERROR - [voice_direct_modular.py:441] - Error navigating to https://www.redberyltest.in: Page.goto: Timeout 30000ms exceeded.
Call log:
  - navigating to "https://www.redberyltest.in/", waiting until "load"

2025-05-11 16:27:30,065 - __main__ - INFO - [voice_direct_modular.py:402] - ASSISTANT: Error navigating to https://www.redberyltest.in: Page.goto: Timeout 30000ms exceeded.
Call log:
  - navigating to "https://www.redberyltest.in/", waiting until "load"

2025-05-11 16:27:31,078 - __main__ - INFO - [voice_direct_modular.py:402] - ASSISTANT: Navigating to redberyltest.in
2025-05-11 17:00:52,149 - __main__ - INFO - [voice_direct_modular.py:454] - Processing command: Sundari means
2025-05-11 17:00:52,189 - __main__ - INFO - [voice_direct_modular.py:4827] - Processing voice command: Sundari means
2025-05-11 17:00:52,194 - __main__ - WARNING - [voice_direct_modular.py:4705] - LLM utils not available for command normalization
2025-05-11 17:00:52,194 - __main__ - INFO - [voice_direct_modular.py:4833] - LLM normalized command: Sundari means
2025-05-11 17:00:52,203 - __main__ - INFO - [voice_direct_modular.py:5013] - Direct email pattern didn't match, trying fallback patterns
2025-05-11 17:00:52,204 - __main__ - INFO - [voice_direct_modular.py:5020] - Trying flexible email+password patterns
2025-05-11 17:00:52,204 - __main__ - INFO - [voice_direct_modular.py:5037] - No email+password pattern matched, trying email-only patterns
2025-05-11 17:00:52,206 - __main__ - INFO - [voice_direct_modular.py:5086] - Checking for login pattern
2025-05-11 17:00:52,206 - __main__ - INFO - [voice_direct_modular.py:5091] - Simple login pattern didn't match, trying flexible patterns
2025-05-11 17:00:52,207 - __main__ - INFO - [voice_direct_modular.py:5120] - Checking for password-only command
2025-05-11 17:00:52,209 - __main__ - INFO - [voice_direct_modular.py:5140] - Delegating to specialized handler
2025-05-11 17:00:52,212 - __main__ - INFO - [voice_direct_modular.py:5152] - Delegating to form filling handler
2025-05-11 17:00:52,215 - __main__ - INFO - [voice_direct_modular.py:5164] - Delegating to business purpose handler
2025-05-11 17:00:52,216 - __main__ - INFO - [voice_direct_modular.py:5176] - Delegating to member/manager handler
2025-05-11 17:00:52,216 - __main__ - INFO - [voice_direct_modular.py:5188] - Delegating to selection handler
2025-05-11 17:00:52,217 - __main__ - INFO - [voice_direct_modular.py:5200] - Delegating to navigation handler
2025-05-11 17:00:52,219 - __main__ - INFO - [voice_direct_modular.py:402] - ASSISTANT: I'm not sure how to process that command. Type 'help' for available commands.
2025-05-11 17:01:41,612 - __main__ - INFO - [voice_direct_modular.py:454] - Processing command: Hindi remix
2025-05-11 17:01:41,613 - __main__ - INFO - [voice_direct_modular.py:4827] - Processing voice command: Hindi remix
2025-05-11 17:01:41,613 - __main__ - WARNING - [voice_direct_modular.py:4705] - LLM utils not available for command normalization
2025-05-11 17:01:41,613 - __main__ - INFO - [voice_direct_modular.py:4833] - LLM normalized command: Hindi remix
2025-05-11 17:01:41,614 - __main__ - INFO - [voice_direct_modular.py:5013] - Direct email pattern didn't match, trying fallback patterns
2025-05-11 17:01:41,615 - __main__ - INFO - [voice_direct_modular.py:5020] - Trying flexible email+password patterns
2025-05-11 17:01:41,615 - __main__ - INFO - [voice_direct_modular.py:5037] - No email+password pattern matched, trying email-only patterns
2025-05-11 17:01:41,615 - __main__ - INFO - [voice_direct_modular.py:5086] - Checking for login pattern
2025-05-11 17:01:41,615 - __main__ - INFO - [voice_direct_modular.py:5091] - Simple login pattern didn't match, trying flexible patterns
2025-05-11 17:01:41,616 - __main__ - INFO - [voice_direct_modular.py:5120] - Checking for password-only command
2025-05-11 17:01:41,617 - __main__ - INFO - [voice_direct_modular.py:5140] - Delegating to specialized handler
2025-05-11 17:01:41,618 - __main__ - INFO - [voice_direct_modular.py:5152] - Delegating to form filling handler
2025-05-11 17:01:41,618 - __main__ - INFO - [voice_direct_modular.py:5164] - Delegating to business purpose handler
2025-05-11 17:01:41,618 - __main__ - INFO - [voice_direct_modular.py:5176] - Delegating to member/manager handler
2025-05-11 17:01:41,618 - __main__ - INFO - [voice_direct_modular.py:5188] - Delegating to selection handler
2025-05-11 17:01:41,619 - __main__ - INFO - [voice_direct_modular.py:5200] - Delegating to navigation handler
2025-05-11 17:01:41,619 - __main__ - INFO - [voice_direct_modular.py:402] - ASSISTANT: I'm not sure how to process that command. Type 'help' for available commands.
2025-05-11 17:05:08,641 - __main__ - INFO - [voice_direct_modular.py:74] - Logging system initialized
2025-05-11 17:05:08,685 - webassist.voice_assistant.speech.enhanced_recognizer - WARNING - [enhanced_recognizer.py:19] - Optional dependencies (Whisper, PyDub) are disabled to avoid conflicts
2025-05-11 17:05:09,949 - __main__ - ERROR - [voice_direct_modular.py:180] - Error initializing speech synthesizer: 'SimpleVoiceAssistant' object has no attribute 'speech_config'
2025-05-11 17:05:09,949 - __main__ - ERROR - [voice_direct_modular.py:181] - Speech synthesis will not be available
2025-05-11 17:05:09,960 - __main__ - INFO - [voice_direct_modular.py:196] - Attempting to initialize direct speech recognizer in text mode
2025-05-11 17:05:09,961 - __main__ - INFO - [voice_direct_modular.py:200] - Direct speech recognizer initialized in text mode
2025-05-11 17:05:09,961 - __main__ - ERROR - [voice_direct_modular.py:219] - Error initializing direct speech recognizer: 'SimpleVoiceAssistant' object has no attribute '_handle_recognized_command'
2025-05-11 17:05:09,964 - __main__ - ERROR - [voice_direct_modular.py:221] - Traceback (most recent call last):
  File "D:\webassistant-master\webassistant\voice_direct_modular.py", line 204, in __init__
    self.recognizer.start_listening(self._handle_recognized_command)
AttributeError: 'SimpleVoiceAssistant' object has no attribute '_handle_recognized_command'

2025-05-11 17:05:09,964 - __main__ - INFO - [voice_direct_modular.py:227] - Falling back to enhanced recognizer in text mode
2025-05-11 17:05:09,964 - __main__ - ERROR - [voice_direct_modular.py:231] - Error initializing enhanced recognizer: 'SimpleVoiceAssistant' object has no attribute 'speech_config'
2025-05-11 17:05:09,964 - __main__ - ERROR - [voice_direct_modular.py:232] - Traceback (most recent call last):
  File "D:\webassistant-master\webassistant\voice_direct_modular.py", line 204, in __init__
    self.recognizer.start_listening(self._handle_recognized_command)
AttributeError: 'SimpleVoiceAssistant' object has no attribute '_handle_recognized_command'

During handling of the above exception, another exception occurred:

Traceback (most recent call last):
  File "D:\webassistant-master\webassistant\voice_direct_modular.py", line 228, in __init__
    self.recognizer = create_enhanced_recognizer(config=self.speech_config, mode=input_mode, speak_func=self.speak)
AttributeError: 'SimpleVoiceAssistant' object has no attribute 'speech_config'

2025-05-11 17:05:18,207 - __main__ - INFO - [voice_direct_modular.py:5840] - Initializing assistant...
2025-05-11 17:05:24,784 - __main__ - INFO - [voice_direct_modular.py:348] - Initializing interaction handlers...
2025-05-11 17:05:24,873 - __main__ - INFO - [voice_direct_modular.py:359] - Navigation handler initialized
2025-05-11 17:05:24,873 - __main__ - INFO - [voice_direct_modular.py:365] - Selection handler initialized
2025-05-11 17:05:24,873 - __main__ - INFO - [voice_direct_modular.py:371] - Form filling handler initialized
2025-05-11 17:05:24,873 - __main__ - INFO - [voice_direct_modular.py:377] - Specialized handler initialized
2025-05-11 17:05:24,874 - __main__ - INFO - [voice_direct_modular.py:383] - Member/Manager handler initialized
2025-05-11 17:05:24,874 - __main__ - INFO - [voice_direct_modular.py:389] - Business Purpose handler initialized
2025-05-11 17:05:24,874 - __main__ - INFO - [voice_direct_modular.py:391] - All handlers initialized successfully
2025-05-11 17:05:24,874 - __main__ - INFO - [voice_direct_modular.py:5855] - Assistant initialized successfully, running main loop...
2025-05-11 17:08:04,501 - __main__ - INFO - [voice_direct_modular.py:454] - Processing command: go to www.redberyltest.in
2025-05-11 17:08:04,514 - __main__ - INFO - [voice_direct_modular.py:462] - TOP-LEVEL EXACT MATCH for redberyltest.in: 'go to www.redberyltest.in'
2025-05-11 17:08:04,514 - __main__ - INFO - [voice_direct_modular.py:433] - Navigating to: https://www.redberyltest.in
2025-05-11 17:08:34,610 - __main__ - ERROR - [voice_direct_modular.py:441] - Error navigating to https://www.redberyltest.in: Page.goto: Timeout 30000ms exceeded.
Call log:
  - navigating to "https://www.redberyltest.in/", waiting until "load"

2025-05-11 17:08:34,610 - __main__ - INFO - [voice_direct_modular.py:402] - ASSISTANT: Error navigating to https://www.redberyltest.in: Page.goto: Timeout 30000ms exceeded.
Call log:
  - navigating to "https://www.redberyltest.in/", waiting until "load"

2025-05-11 17:08:34,611 - __main__ - INFO - [voice_direct_modular.py:402] - ASSISTANT: Navigating to redberyltest.in
2025-05-11 17:09:58,792 - __main__ - INFO - [voice_direct_modular.py:454] - Processing command: ehter email shreyas.deodhare@redberyltech.com
2025-05-11 17:11:33,091 - __main__ - INFO - [voice_direct_modular.py:454] - Processing command: enter email shreyas.deodhare@redberyltech.com
2025-05-11 17:25:23,520 - __main__ - INFO - [voice_direct_modular.py:454] - Processing command: .........................................................................................9
2025-05-11 17:27:02,407 - __main__ - INFO - [voice_direct_modular.py:73] - Logging system initialized
2025-05-11 17:27:02,696 - webassist.voice_assistant.speech.enhanced_recognizer - WARNING - [enhanced_recognizer.py:19] - Optional dependencies (Whisper, PyDub) are disabled to avoid conflicts
2025-05-11 17:27:04,872 - __main__ - ERROR - [voice_direct_modular.py:179] - Error initializing speech synthesizer: 'SimpleVoiceAssistant' object has no attribute 'speech_config'
2025-05-11 17:27:04,872 - __main__ - ERROR - [voice_direct_modular.py:180] - Speech synthesis will not be available
2025-05-11 17:27:04,874 - __main__ - INFO - [voice_direct_modular.py:195] - Attempting to initialize direct speech recognizer in text mode
2025-05-11 17:27:04,874 - __main__ - INFO - [voice_direct_modular.py:199] - Direct speech recognizer initialized in text mode
2025-05-11 17:27:04,874 - __main__ - ERROR - [voice_direct_modular.py:218] - Error initializing direct speech recognizer: 'SimpleVoiceAssistant' object has no attribute '_handle_recognized_command'
2025-05-11 17:27:04,898 - __main__ - ERROR - [voice_direct_modular.py:220] - Traceback (most recent call last):
  File "D:\webassistant-master\webassistant\voice_direct_modular.py", line 203, in __init__
    self.recognizer.start_listening(self._handle_recognized_command)
AttributeError: 'SimpleVoiceAssistant' object has no attribute '_handle_recognized_command'

2025-05-11 17:27:04,898 - __main__ - INFO - [voice_direct_modular.py:226] - Falling back to enhanced recognizer in text mode
2025-05-11 17:27:04,898 - __main__ - ERROR - [voice_direct_modular.py:230] - Error initializing enhanced recognizer: 'SimpleVoiceAssistant' object has no attribute 'speech_config'
2025-05-11 17:27:04,914 - __main__ - ERROR - [voice_direct_modular.py:231] - Traceback (most recent call last):
  File "D:\webassistant-master\webassistant\voice_direct_modular.py", line 203, in __init__
    self.recognizer.start_listening(self._handle_recognized_command)
AttributeError: 'SimpleVoiceAssistant' object has no attribute '_handle_recognized_command'

During handling of the above exception, another exception occurred:

Traceback (most recent call last):
  File "D:\webassistant-master\webassistant\voice_direct_modular.py", line 227, in __init__
    self.recognizer = create_enhanced_recognizer(config=self.speech_config, mode=input_mode, speak_func=self.speak)
AttributeError: 'SimpleVoiceAssistant' object has no attribute 'speech_config'

2025-05-11 17:27:32,221 - __main__ - INFO - [voice_direct_modular.py:4877] - Initializing assistant...
2025-05-11 17:27:36,250 - __main__ - INFO - [voice_direct_modular.py:347] - Initializing interaction handlers...
2025-05-11 17:27:36,250 - __main__ - INFO - [voice_direct_modular.py:358] - Navigation handler initialized
2025-05-11 17:27:36,251 - __main__ - INFO - [voice_direct_modular.py:364] - Selection handler initialized
2025-05-11 17:27:36,251 - __main__ - INFO - [voice_direct_modular.py:370] - Form filling handler initialized
2025-05-11 17:27:36,251 - __main__ - INFO - [voice_direct_modular.py:376] - Specialized handler initialized
2025-05-11 17:27:36,251 - __main__ - INFO - [voice_direct_modular.py:382] - Member/Manager handler initialized
2025-05-11 17:27:36,251 - __main__ - INFO - [voice_direct_modular.py:388] - Business Purpose handler initialized
2025-05-11 17:27:36,252 - __main__ - INFO - [voice_direct_modular.py:390] - All handlers initialized successfully
2025-05-11 17:27:36,252 - __main__ - INFO - [voice_direct_modular.py:4892] - Assistant initialized successfully, running main loop...
2025-05-11 17:28:02,724 - __main__ - INFO - [voice_direct_modular.py:453] - Processing command: go to www.redberyltest.in
2025-05-11 17:28:02,727 - __main__ - INFO - [voice_direct_modular.py:531] - Navigation command detected
2025-05-11 17:28:02,727 - __main__ - INFO - [voice_direct_modular.py:536] - Extracted URL using regex pattern: www.redberyltest.in
2025-05-11 17:28:02,727 - __main__ - INFO - [voice_direct_modular.py:557] - Detected attempt to navigate to redberyltest.in, corrected URL to: redberyltest.in
2025-05-11 17:28:02,727 - __main__ - INFO - [voice_direct_modular.py:401] - ASSISTANT: Navigating to redberyltest.in
2025-05-11 17:28:02,727 - __main__ - INFO - [voice_direct_modular.py:570] - Final navigation URL: https://redberyltest.in (original input: www.redberyltest.in)
2025-05-11 17:28:02,727 - __main__ - INFO - [voice_direct_modular.py:432] - Navigating to: https://redberyltest.in
2025-05-11 17:28:08,247 - __main__ - ERROR - [voice_direct_modular.py:440] - Error navigating to https://redberyltest.in: Page.goto: net::ERR_NAME_NOT_RESOLVED at https://redberyltest.in/
Call log:
  - navigating to "https://redberyltest.in/", waiting until "load"

2025-05-11 17:28:08,248 - __main__ - INFO - [voice_direct_modular.py:401] - ASSISTANT: Error navigating to https://redberyltest.in: Page.goto: net::ERR_NAME_NOT_RESOLVED at https://redberyltest.in/
Call log:
  - navigating to "https://redberyltest.in/", waiting until "load"

2025-05-11 17:29:10,913 - __main__ - INFO - [voice_direct_modular.py:453] - Processing command: go to www.redberyltest.in
2025-05-11 17:29:10,913 - __main__ - INFO - [voice_direct_modular.py:531] - Navigation command detected
2025-05-11 17:29:10,914 - __main__ - INFO - [voice_direct_modular.py:536] - Extracted URL using regex pattern: www.redberyltest.in
2025-05-11 17:29:10,914 - __main__ - INFO - [voice_direct_modular.py:557] - Detected attempt to navigate to redberyltest.in, corrected URL to: redberyltest.in
2025-05-11 17:29:10,914 - __main__ - INFO - [voice_direct_modular.py:401] - ASSISTANT: Navigating to redberyltest.in
2025-05-11 17:29:10,914 - __main__ - INFO - [voice_direct_modular.py:570] - Final navigation URL: https://redberyltest.in (original input: www.redberyltest.in)
2025-05-11 17:29:10,914 - __main__ - INFO - [voice_direct_modular.py:432] - Navigating to: https://redberyltest.in
2025-05-11 17:29:11,275 - __main__ - ERROR - [voice_direct_modular.py:440] - Error navigating to https://redberyltest.in: Page.goto: net::ERR_NAME_NOT_RESOLVED at https://redberyltest.in/
Call log:
  - navigating to "https://redberyltest.in/", waiting until "load"

2025-05-11 17:29:11,275 - __main__ - INFO - [voice_direct_modular.py:401] - ASSISTANT: Error navigating to https://redberyltest.in: Page.goto: net::ERR_NAME_NOT_RESOLVED at https://redberyltest.in/
Call log:
  - navigating to "https://redberyltest.in/", waiting until "load"

2025-05-11 17:29:52,120 - __main__ - INFO - [voice_direct_modular.py:453] - Processing command: go to www.redberyltest.in
2025-05-11 17:29:52,120 - __main__ - INFO - [voice_direct_modular.py:531] - Navigation command detected
2025-05-11 17:29:52,120 - __main__ - INFO - [voice_direct_modular.py:536] - Extracted URL using regex pattern: www.redberyltest.in
2025-05-11 17:29:52,120 - __main__ - INFO - [voice_direct_modular.py:557] - Detected attempt to navigate to redberyltest.in, corrected URL to: redberyltest.in
2025-05-11 17:29:52,120 - __main__ - INFO - [voice_direct_modular.py:401] - ASSISTANT: Navigating to redberyltest.in
2025-05-11 17:29:52,120 - __main__ - INFO - [voice_direct_modular.py:570] - Final navigation URL: https://redberyltest.in (original input: www.redberyltest.in)
2025-05-11 17:29:52,120 - __main__ - INFO - [voice_direct_modular.py:432] - Navigating to: https://redberyltest.in
2025-05-11 17:29:52,293 - __main__ - ERROR - [voice_direct_modular.py:440] - Error navigating to https://redberyltest.in: Page.goto: net::ERR_NAME_NOT_RESOLVED at https://redberyltest.in/
Call log:
  - navigating to "https://redberyltest.in/", waiting until "load"

2025-05-11 17:29:52,293 - __main__ - INFO - [voice_direct_modular.py:401] - ASSISTANT: Error navigating to https://redberyltest.in: Page.goto: net::ERR_NAME_NOT_RESOLVED at https://redberyltest.in/
Call log:
  - navigating to "https://redberyltest.in/", waiting until "load"

2025-05-11 17:32:57,117 - __main__ - INFO - [voice_direct_modular.py:73] - Logging system initialized
2025-05-11 17:32:57,209 - webassist.voice_assistant.speech.enhanced_recognizer - WARNING - [enhanced_recognizer.py:19] - Optional dependencies (Whisper, PyDub) are disabled to avoid conflicts
2025-05-11 17:32:58,713 - __main__ - ERROR - [voice_direct_modular.py:179] - Error initializing speech synthesizer: 'SimpleVoiceAssistant' object has no attribute 'speech_config'
2025-05-11 17:32:58,713 - __main__ - ERROR - [voice_direct_modular.py:180] - Speech synthesis will not be available
2025-05-11 17:32:58,716 - __main__ - INFO - [voice_direct_modular.py:195] - Attempting to initialize direct speech recognizer in text mode
2025-05-11 17:32:58,716 - __main__ - INFO - [voice_direct_modular.py:199] - Direct speech recognizer initialized in text mode
2025-05-11 17:32:58,716 - __main__ - ERROR - [voice_direct_modular.py:218] - Error initializing direct speech recognizer: 'SimpleVoiceAssistant' object has no attribute '_handle_recognized_command'
2025-05-11 17:32:58,718 - __main__ - ERROR - [voice_direct_modular.py:220] - Traceback (most recent call last):
  File "D:\webassistant-master\webassistant\voice_direct_modular.py", line 203, in __init__
    self.recognizer.start_listening(self._handle_recognized_command)
AttributeError: 'SimpleVoiceAssistant' object has no attribute '_handle_recognized_command'

2025-05-11 17:32:58,718 - __main__ - INFO - [voice_direct_modular.py:226] - Falling back to enhanced recognizer in text mode
2025-05-11 17:32:58,718 - __main__ - ERROR - [voice_direct_modular.py:230] - Error initializing enhanced recognizer: 'SimpleVoiceAssistant' object has no attribute 'speech_config'
2025-05-11 17:32:58,718 - __main__ - ERROR - [voice_direct_modular.py:231] - Traceback (most recent call last):
  File "D:\webassistant-master\webassistant\voice_direct_modular.py", line 203, in __init__
    self.recognizer.start_listening(self._handle_recognized_command)
AttributeError: 'SimpleVoiceAssistant' object has no attribute '_handle_recognized_command'

During handling of the above exception, another exception occurred:

Traceback (most recent call last):
  File "D:\webassistant-master\webassistant\voice_direct_modular.py", line 227, in __init__
    self.recognizer = create_enhanced_recognizer(config=self.speech_config, mode=input_mode, speak_func=self.speak)
AttributeError: 'SimpleVoiceAssistant' object has no attribute 'speech_config'

2025-05-11 17:33:02,803 - __main__ - INFO - [voice_direct_modular.py:4877] - Initializing assistant...
2025-05-11 17:33:06,539 - __main__ - INFO - [voice_direct_modular.py:347] - Initializing interaction handlers...
2025-05-11 17:33:06,540 - __main__ - INFO - [voice_direct_modular.py:358] - Navigation handler initialized
2025-05-11 17:33:06,540 - __main__ - INFO - [voice_direct_modular.py:364] - Selection handler initialized
2025-05-11 17:33:06,540 - __main__ - INFO - [voice_direct_modular.py:370] - Form filling handler initialized
2025-05-11 17:33:06,541 - __main__ - INFO - [voice_direct_modular.py:376] - Specialized handler initialized
2025-05-11 17:33:06,541 - __main__ - INFO - [voice_direct_modular.py:382] - Member/Manager handler initialized
2025-05-11 17:33:06,541 - __main__ - INFO - [voice_direct_modular.py:388] - Business Purpose handler initialized
2025-05-11 17:33:06,541 - __main__ - INFO - [voice_direct_modular.py:390] - All handlers initialized successfully
2025-05-11 17:33:06,541 - __main__ - INFO - [voice_direct_modular.py:4892] - Assistant initialized successfully, running main loop...
2025-05-11 17:33:33,015 - __main__ - INFO - [voice_direct_modular.py:453] - Processing command: go to www.redberyltest.in
2025-05-11 17:33:33,018 - __main__ - INFO - [voice_direct_modular.py:531] - Navigation command detected
2025-05-11 17:33:33,018 - __main__ - INFO - [voice_direct_modular.py:536] - Extracted URL using regex pattern: www.redberyltest.in
2025-05-11 17:33:33,019 - __main__ - INFO - [voice_direct_modular.py:557] - Detected attempt to navigate to redberyltest.in, corrected URL to: redberyltest.in
2025-05-11 17:33:33,019 - __main__ - INFO - [voice_direct_modular.py:401] - ASSISTANT: Navigating to redberyltest.in
2025-05-11 17:33:33,019 - __main__ - INFO - [voice_direct_modular.py:570] - Final navigation URL: https://redberyltest.in (original input: www.redberyltest.in)
2025-05-11 17:33:33,019 - __main__ - INFO - [voice_direct_modular.py:432] - Navigating to: https://redberyltest.in
2025-05-11 17:33:33,610 - __main__ - ERROR - [voice_direct_modular.py:440] - Error navigating to https://redberyltest.in: Page.goto: net::ERR_NAME_NOT_RESOLVED at https://redberyltest.in/
Call log:
  - navigating to "https://redberyltest.in/", waiting until "load"

2025-05-11 17:33:33,610 - __main__ - INFO - [voice_direct_modular.py:401] - ASSISTANT: Error navigating to https://redberyltest.in: Page.goto: net::ERR_NAME_NOT_RESOLVED at https://redberyltest.in/
Call log:
  - navigating to "https://redberyltest.in/", waiting until "load"

2025-05-11 17:37:30,562 - __main__ - INFO - [voice_direct_modular.py:73] - Logging system initialized
2025-05-11 17:37:30,693 - webassist.voice_assistant.speech.enhanced_recognizer - WARNING - [enhanced_recognizer.py:19] - Optional dependencies (Whisper, PyDub) are disabled to avoid conflicts
2025-05-11 17:37:32,209 - __main__ - ERROR - [voice_direct_modular.py:179] - Error initializing speech synthesizer: 'SimpleVoiceAssistant' object has no attribute 'speech_config'
2025-05-11 17:37:32,209 - __main__ - ERROR - [voice_direct_modular.py:180] - Speech synthesis will not be available
2025-05-11 17:37:32,214 - __main__ - INFO - [voice_direct_modular.py:195] - Attempting to initialize direct speech recognizer in text mode
2025-05-11 17:37:32,214 - __main__ - INFO - [voice_direct_modular.py:199] - Direct speech recognizer initialized in text mode
2025-05-11 17:37:32,322 - __main__ - ERROR - [voice_direct_modular.py:218] - Error initializing direct speech recognizer: 'SimpleVoiceAssistant' object has no attribute '_handle_recognized_command'
2025-05-11 17:37:32,323 - __main__ - ERROR - [voice_direct_modular.py:220] - Traceback (most recent call last):
  File "D:\webassistant-master\webassistant\voice_direct_modular.py", line 203, in __init__
    self.recognizer.start_listening(self._handle_recognized_command)
AttributeError: 'SimpleVoiceAssistant' object has no attribute '_handle_recognized_command'

2025-05-11 17:37:32,323 - __main__ - INFO - [voice_direct_modular.py:226] - Falling back to enhanced recognizer in text mode
2025-05-11 17:37:32,323 - __main__ - ERROR - [voice_direct_modular.py:230] - Error initializing enhanced recognizer: 'SimpleVoiceAssistant' object has no attribute 'speech_config'
2025-05-11 17:37:32,324 - __main__ - ERROR - [voice_direct_modular.py:231] - Traceback (most recent call last):
  File "D:\webassistant-master\webassistant\voice_direct_modular.py", line 203, in __init__
    self.recognizer.start_listening(self._handle_recognized_command)
AttributeError: 'SimpleVoiceAssistant' object has no attribute '_handle_recognized_command'

During handling of the above exception, another exception occurred:

Traceback (most recent call last):
  File "D:\webassistant-master\webassistant\voice_direct_modular.py", line 227, in __init__
    self.recognizer = create_enhanced_recognizer(config=self.speech_config, mode=input_mode, speak_func=self.speak)
AttributeError: 'SimpleVoiceAssistant' object has no attribute 'speech_config'

2025-05-11 17:37:47,622 - __main__ - INFO - [voice_direct_modular.py:4877] - Initializing assistant...
2025-05-11 17:37:51,230 - __main__ - INFO - [voice_direct_modular.py:347] - Initializing interaction handlers...
2025-05-11 17:37:51,231 - __main__ - INFO - [voice_direct_modular.py:358] - Navigation handler initialized
2025-05-11 17:37:51,231 - __main__ - INFO - [voice_direct_modular.py:364] - Selection handler initialized
2025-05-11 17:37:51,231 - __main__ - INFO - [voice_direct_modular.py:370] - Form filling handler initialized
2025-05-11 17:37:51,231 - __main__ - INFO - [voice_direct_modular.py:376] - Specialized handler initialized
2025-05-11 17:37:51,232 - __main__ - INFO - [voice_direct_modular.py:382] - Member/Manager handler initialized
2025-05-11 17:37:51,232 - __main__ - INFO - [voice_direct_modular.py:388] - Business Purpose handler initialized
2025-05-11 17:37:51,232 - __main__ - INFO - [voice_direct_modular.py:390] - All handlers initialized successfully
2025-05-11 17:37:51,232 - __main__ - INFO - [voice_direct_modular.py:4892] - Assistant initialized successfully, running main loop...
2025-05-11 17:38:07,597 - __main__ - INFO - [voice_direct_modular.py:453] - Processing command: go to www.redberyltest.in
2025-05-11 17:38:07,598 - __main__ - INFO - [voice_direct_modular.py:531] - Navigation command detected
2025-05-11 17:38:07,599 - __main__ - INFO - [voice_direct_modular.py:536] - Extracted URL using regex pattern: www.redberyltest.in
2025-05-11 17:38:07,599 - __main__ - INFO - [voice_direct_modular.py:557] - Detected attempt to navigate to redberyltest.in, corrected URL to: redberyltest.in
2025-05-11 17:38:07,599 - __main__ - INFO - [voice_direct_modular.py:401] - ASSISTANT: Navigating to redberyltest.in
2025-05-11 17:38:07,599 - __main__ - INFO - [voice_direct_modular.py:570] - Final navigation URL: https://redberyltest.in (original input: www.redberyltest.in)
2025-05-11 17:38:07,600 - __main__ - INFO - [voice_direct_modular.py:432] - Navigating to: https://redberyltest.in
2025-05-11 17:38:07,815 - __main__ - ERROR - [voice_direct_modular.py:440] - Error navigating to https://redberyltest.in: Page.goto: net::ERR_NAME_NOT_RESOLVED at https://redberyltest.in/
Call log:
  - navigating to "https://redberyltest.in/", waiting until "load"

2025-05-11 17:38:07,815 - __main__ - INFO - [voice_direct_modular.py:401] - ASSISTANT: Error navigating to https://redberyltest.in: Page.goto: net::ERR_NAME_NOT_RESOLVED at https://redberyltest.in/
Call log:
  - navigating to "https://redberyltest.in/", waiting until "load"

2025-05-11 17:39:26,744 - __main__ - INFO - [voice_direct_modular.py:74] - Logging system initialized
2025-05-11 17:39:26,773 - webassist.voice_assistant.speech.enhanced_recognizer - WARNING - [enhanced_recognizer.py:19] - Optional dependencies (Whisper, PyDub) are disabled to avoid conflicts
2025-05-11 17:39:28,479 - __main__ - ERROR - [voice_direct_modular.py:180] - Error initializing speech synthesizer: 'SimpleVoiceAssistant' object has no attribute 'speech_config'
2025-05-11 17:39:28,480 - __main__ - ERROR - [voice_direct_modular.py:181] - Speech synthesis will not be available
2025-05-11 17:39:28,776 - __main__ - INFO - [voice_direct_modular.py:196] - Attempting to initialize direct speech recognizer in text mode
2025-05-11 17:39:28,776 - __main__ - INFO - [voice_direct_modular.py:200] - Direct speech recognizer initialized in text mode
2025-05-11 17:39:28,776 - __main__ - ERROR - [voice_direct_modular.py:219] - Error initializing direct speech recognizer: 'SimpleVoiceAssistant' object has no attribute '_handle_recognized_command'
2025-05-11 17:39:28,779 - __main__ - ERROR - [voice_direct_modular.py:221] - Traceback (most recent call last):
  File "D:\webassistant-master\webassistant\voice_direct_modular.py", line 204, in __init__
    self.recognizer.start_listening(self._handle_recognized_command)
AttributeError: 'SimpleVoiceAssistant' object has no attribute '_handle_recognized_command'

2025-05-11 17:39:28,780 - __main__ - INFO - [voice_direct_modular.py:227] - Falling back to enhanced recognizer in text mode
2025-05-11 17:39:28,780 - __main__ - ERROR - [voice_direct_modular.py:231] - Error initializing enhanced recognizer: 'SimpleVoiceAssistant' object has no attribute 'speech_config'
2025-05-11 17:39:28,781 - __main__ - ERROR - [voice_direct_modular.py:232] - Traceback (most recent call last):
  File "D:\webassistant-master\webassistant\voice_direct_modular.py", line 204, in __init__
    self.recognizer.start_listening(self._handle_recognized_command)
AttributeError: 'SimpleVoiceAssistant' object has no attribute '_handle_recognized_command'

During handling of the above exception, another exception occurred:

Traceback (most recent call last):
  File "D:\webassistant-master\webassistant\voice_direct_modular.py", line 228, in __init__
    self.recognizer = create_enhanced_recognizer(config=self.speech_config, mode=input_mode, speak_func=self.speak)
AttributeError: 'SimpleVoiceAssistant' object has no attribute 'speech_config'

2025-05-11 17:39:47,530 - __main__ - INFO - [voice_direct_modular.py:5825] - Initializing assistant...
2025-05-11 17:39:51,655 - __main__ - INFO - [voice_direct_modular.py:348] - Initializing interaction handlers...
2025-05-11 17:39:51,656 - __main__ - INFO - [voice_direct_modular.py:359] - Navigation handler initialized
2025-05-11 17:39:51,656 - __main__ - INFO - [voice_direct_modular.py:365] - Selection handler initialized
2025-05-11 17:39:51,656 - __main__ - INFO - [voice_direct_modular.py:371] - Form filling handler initialized
2025-05-11 17:39:51,656 - __main__ - INFO - [voice_direct_modular.py:377] - Specialized handler initialized
2025-05-11 17:39:51,657 - __main__ - INFO - [voice_direct_modular.py:383] - Member/Manager handler initialized
2025-05-11 17:39:51,657 - __main__ - INFO - [voice_direct_modular.py:389] - Business Purpose handler initialized
2025-05-11 17:39:51,657 - __main__ - INFO - [voice_direct_modular.py:391] - All handlers initialized successfully
2025-05-11 17:39:51,657 - __main__ - INFO - [voice_direct_modular.py:5840] - Assistant initialized successfully, running main loop...
2025-05-11 17:40:10,411 - __main__ - INFO - [voice_direct_modular.py:454] - Processing command: go to www.redberyltest.in
2025-05-11 17:40:10,411 - __main__ - INFO - [voice_direct_modular.py:462] - TOP-LEVEL EXACT MATCH for redberyltest.in: 'go to www.redberyltest.in'
2025-05-11 17:40:10,411 - __main__ - INFO - [voice_direct_modular.py:433] - Navigating to: https://www.redberyltest.in
2025-05-11 17:40:28,634 - __main__ - ERROR - [voice_direct_modular.py:441] - Error navigating to https://www.redberyltest.in: Page.goto: net::ERR_CONNECTION_CLOSED at https://www.redberyltest.in/
Call log:
  - navigating to "https://www.redberyltest.in/", waiting until "load"

2025-05-11 17:40:28,635 - __main__ - INFO - [voice_direct_modular.py:402] - ASSISTANT: Error navigating to https://www.redberyltest.in: Page.goto: net::ERR_CONNECTION_CLOSED at https://www.redberyltest.in/
Call log:
  - navigating to "https://www.redberyltest.in/", waiting until "load"

2025-05-11 17:40:28,635 - __main__ - INFO - [voice_direct_modular.py:402] - ASSISTANT: Navigating to redberyltest.in
2025-05-11 17:42:25,790 - __main__ - INFO - [voice_direct_modular.py:454] - Processing command: enter email shreyas.deodhare@redberyltech.com
2025-05-11 17:48:01,296 - __main__ - INFO - [voice_direct_modular.py:74] - Logging system initialized
2025-05-11 17:48:01,369 - webassist.voice_assistant.speech.enhanced_recognizer - WARNING - [enhanced_recognizer.py:19] - Optional dependencies (Whisper, PyDub) are disabled to avoid conflicts
2025-05-11 17:48:04,313 - __main__ - ERROR - [voice_direct_modular.py:180] - Error initializing speech synthesizer: 'SimpleVoiceAssistant' object has no attribute 'speech_config'
2025-05-11 17:48:04,313 - __main__ - ERROR - [voice_direct_modular.py:181] - Speech synthesis will not be available
2025-05-11 17:48:04,473 - __main__ - INFO - [voice_direct_modular.py:196] - Attempting to initialize direct speech recognizer in text mode
2025-05-11 17:48:04,474 - __main__ - INFO - [voice_direct_modular.py:200] - Direct speech recognizer initialized in text mode
2025-05-11 17:48:04,474 - __main__ - ERROR - [voice_direct_modular.py:219] - Error initializing direct speech recognizer: 'SimpleVoiceAssistant' object has no attribute '_handle_recognized_command'
2025-05-11 17:48:04,475 - __main__ - ERROR - [voice_direct_modular.py:221] - Traceback (most recent call last):
  File "D:\webassistant-master\webassistant\voice_direct_modular.py", line 204, in __init__
    self.recognizer.start_listening(self._handle_recognized_command)
AttributeError: 'SimpleVoiceAssistant' object has no attribute '_handle_recognized_command'

2025-05-11 17:48:04,475 - __main__ - INFO - [voice_direct_modular.py:227] - Falling back to enhanced recognizer in text mode
2025-05-11 17:48:04,476 - __main__ - ERROR - [voice_direct_modular.py:231] - Error initializing enhanced recognizer: 'SimpleVoiceAssistant' object has no attribute 'speech_config'
2025-05-11 17:48:04,476 - __main__ - ERROR - [voice_direct_modular.py:232] - Traceback (most recent call last):
  File "D:\webassistant-master\webassistant\voice_direct_modular.py", line 204, in __init__
    self.recognizer.start_listening(self._handle_recognized_command)
AttributeError: 'SimpleVoiceAssistant' object has no attribute '_handle_recognized_command'

During handling of the above exception, another exception occurred:

Traceback (most recent call last):
  File "D:\webassistant-master\webassistant\voice_direct_modular.py", line 228, in __init__
    self.recognizer = create_enhanced_recognizer(config=self.speech_config, mode=input_mode, speak_func=self.speak)
AttributeError: 'SimpleVoiceAssistant' object has no attribute 'speech_config'

2025-05-11 17:50:30,619 - __main__ - INFO - [voice_direct_modular.py:5744] - Initializing assistant...
2025-05-11 17:50:34,631 - __main__ - INFO - [voice_direct_modular.py:348] - Initializing interaction handlers...
2025-05-11 17:50:34,633 - __main__ - INFO - [voice_direct_modular.py:359] - Navigation handler initialized
2025-05-11 17:50:34,633 - __main__ - INFO - [voice_direct_modular.py:365] - Selection handler initialized
2025-05-11 17:50:34,634 - __main__ - INFO - [voice_direct_modular.py:371] - Form filling handler initialized
2025-05-11 17:50:34,634 - __main__ - INFO - [voice_direct_modular.py:377] - Specialized handler initialized
2025-05-11 17:50:34,634 - __main__ - INFO - [voice_direct_modular.py:383] - Member/Manager handler initialized
2025-05-11 17:50:34,634 - __main__ - INFO - [voice_direct_modular.py:389] - Business Purpose handler initialized
2025-05-11 17:50:34,634 - __main__ - INFO - [voice_direct_modular.py:391] - All handlers initialized successfully
2025-05-11 17:50:34,634 - __main__ - INFO - [voice_direct_modular.py:5759] - Assistant initialized successfully, running main loop...
2025-05-11 17:50:50,769 - __main__ - INFO - [voice_direct_modular.py:454] - Processing command: go to www.redberyltest.in
2025-05-11 17:50:50,770 - __main__ - INFO - [voice_direct_modular.py:462] - TOP-LEVEL EXACT MATCH for redberyltest.in: 'go to www.redberyltest.in'
2025-05-11 17:50:50,770 - __main__ - INFO - [voice_direct_modular.py:433] - Navigating to: https://www.redberyltest.in
2025-05-11 17:51:20,797 - __main__ - ERROR - [voice_direct_modular.py:441] - Error navigating to https://www.redberyltest.in: Page.goto: Timeout 30000ms exceeded.
Call log:
  - navigating to "https://www.redberyltest.in/", waiting until "load"

2025-05-11 17:51:20,797 - __main__ - INFO - [voice_direct_modular.py:402] - ASSISTANT: Error navigating to https://www.redberyltest.in: Page.goto: Timeout 30000ms exceeded.
Call log:
  - navigating to "https://www.redberyltest.in/", waiting until "load"

2025-05-11 17:51:20,797 - __main__ - INFO - [voice_direct_modular.py:402] - ASSISTANT: Navigating to redberyltest.in
2025-05-11 17:52:30,519 - __main__ - INFO - [voice_direct_modular.py:454] - Processing command: enter email shreyas.deodhare@redberyltewch.,
2025-05-11 17:52:30,526 - __main__ - INFO - [voice_direct_modular.py:701] - Email command detected. Extracted email: 'shreyas.deodhare@redberyltewch.,', password: None
2025-05-11 17:52:30,526 - __main__ - INFO - [voice_direct_modular.py:711] - Only email provided in command
2025-05-11 17:52:30,527 - __main__ - INFO - [voice_direct_modular.py:759] - Processing email-only command with email: shreyas.deodhare@redberyltewch.,
2025-05-11 17:52:30,527 - __main__ - INFO - [voice_direct_modular.py:402] - ASSISTANT: Entering email: shreyas.deodhare@redberyltewch.,
2025-05-11 17:52:45,150 - __main__ - INFO - [voice_direct_modular.py:763] - Successfully filled email field
2025-05-11 17:52:45,150 - __main__ - INFO - [voice_direct_modular.py:402] - ASSISTANT: Email entered successfully
