2025-05-10 10:23:16,658 - __main__ - INFO - [voice_direct_modular.py:73] - Logging system initialized
2025-05-10 10:23:16,721 - webassist.voice_assistant.speech.enhanced_recognizer - WARNING - [enhanced_recognizer.py:19] - Optional dependencies (Whisper, PyDub) are disabled to avoid conflicts
2025-05-10 10:23:18,596 - __main__ - ERROR - [voice_direct_modular.py:179] - Error initializing speech synthesizer: 'SimpleVoiceAssistant' object has no attribute 'speech_config'
2025-05-10 10:23:18,596 - __main__ - ERROR - [voice_direct_modular.py:180] - Speech synthesis will not be available
2025-05-10 10:23:18,603 - __main__ - INFO - [voice_direct_modular.py:195] - Attempting to initialize direct speech recognizer in text mode
2025-05-10 10:23:18,605 - __main__ - INFO - [voice_direct_modular.py:199] - Direct speech recognizer initialized in text mode
2025-05-10 10:23:18,605 - __main__ - ERROR - [voice_direct_modular.py:218] - Error initializing direct speech recognizer: 'SimpleVoiceAssistant' object has no attribute '_handle_recognized_command'
2025-05-10 10:23:18,607 - __main__ - ERROR - [voice_direct_modular.py:220] - Traceback (most recent call last):
  File "D:\webassistant-master\webassistant\voice_direct_modular.py", line 203, in __init__
    self.recognizer.start_listening(self._handle_recognized_command)
AttributeError: 'SimpleVoiceAssistant' object has no attribute '_handle_recognized_command'

2025-05-10 10:23:18,607 - __main__ - INFO - [voice_direct_modular.py:226] - Falling back to enhanced recognizer in text mode
2025-05-10 10:23:18,607 - __main__ - ERROR - [voice_direct_modular.py:230] - Error initializing enhanced recognizer: 'SimpleVoiceAssistant' object has no attribute 'speech_config'
2025-05-10 10:23:18,608 - __main__ - ERROR - [voice_direct_modular.py:231] - Traceback (most recent call last):
  File "D:\webassistant-master\webassistant\voice_direct_modular.py", line 203, in __init__
    self.recognizer.start_listening(self._handle_recognized_command)
AttributeError: 'SimpleVoiceAssistant' object has no attribute '_handle_recognized_command'

During handling of the above exception, another exception occurred:

Traceback (most recent call last):
  File "D:\webassistant-master\webassistant\voice_direct_modular.py", line 227, in __init__
    self.recognizer = create_enhanced_recognizer(config=self.speech_config, mode=input_mode, speak_func=self.speak)
AttributeError: 'SimpleVoiceAssistant' object has no attribute 'speech_config'

2025-05-10 10:24:31,114 - __main__ - INFO - [voice_direct_modular.py:4877] - Initializing assistant...
2025-05-10 10:24:43,442 - __main__ - INFO - [voice_direct_modular.py:347] - Initializing interaction handlers...
2025-05-10 10:24:43,442 - __main__ - INFO - [voice_direct_modular.py:358] - Navigation handler initialized
2025-05-10 10:24:43,442 - __main__ - INFO - [voice_direct_modular.py:364] - Selection handler initialized
2025-05-10 10:24:43,442 - __main__ - INFO - [voice_direct_modular.py:370] - Form filling handler initialized
2025-05-10 10:24:43,444 - __main__ - INFO - [voice_direct_modular.py:376] - Specialized handler initialized
2025-05-10 10:24:43,444 - __main__ - INFO - [voice_direct_modular.py:382] - Member/Manager handler initialized
2025-05-10 10:24:43,444 - __main__ - INFO - [voice_direct_modular.py:388] - Business Purpose handler initialized
2025-05-10 10:24:43,444 - __main__ - INFO - [voice_direct_modular.py:390] - All handlers initialized successfully
2025-05-10 10:24:43,444 - __main__ - INFO - [voice_direct_modular.py:4892] - Assistant initialized successfully, running main loop...
2025-05-10 10:25:34,570 - __main__ - INFO - [voice_direct_modular.py:453] - Processing command: \
2025-05-10 10:25:34,574 - __main__ - INFO - [voice_direct_modular.py:677] - Direct email pattern didn't match, trying fallback patterns
2025-05-10 10:25:34,574 - __main__ - INFO - [voice_direct_modular.py:684] - Trying flexible email+password patterns
2025-05-10 10:25:34,577 - __main__ - INFO - [voice_direct_modular.py:701] - No email+password pattern matched, trying email-only patterns
2025-05-10 10:25:34,579 - __main__ - INFO - [voice_direct_modular.py:750] - Checking for login pattern
2025-05-10 10:25:34,580 - __main__ - INFO - [voice_direct_modular.py:755] - Simple login pattern didn't match, trying flexible patterns
2025-05-10 10:25:34,584 - __main__ - INFO - [voice_direct_modular.py:784] - Checking for password-only command
2025-05-10 10:25:34,584 - __main__ - INFO - [voice_direct_modular.py:804] - Delegating to specialized handler
2025-05-10 10:25:34,588 - __main__ - INFO - [voice_direct_modular.py:816] - Delegating to form filling handler
2025-05-10 10:25:34,590 - __main__ - INFO - [voice_direct_modular.py:828] - Delegating to business purpose handler
2025-05-10 10:25:34,591 - __main__ - INFO - [voice_direct_modular.py:840] - Delegating to member/manager handler
2025-05-10 10:25:34,591 - __main__ - INFO - [voice_direct_modular.py:852] - Delegating to selection handler
2025-05-10 10:25:34,592 - __main__ - INFO - [voice_direct_modular.py:864] - Delegating to navigation handler
2025-05-10 10:25:34,595 - __main__ - INFO - [voice_direct_modular.py:401] - ASSISTANT: I'm not sure how to process that command. Type 'help' for available commands.
2025-05-10 10:25:53,850 - __main__ - INFO - [voice_direct_modular.py:453] - Processing command: hello hello hello hello hello hello hello
2025-05-10 10:25:53,850 - __main__ - INFO - [voice_direct_modular.py:467] - Processing voice command: hello hello hello hello hello hello hello
2025-05-10 10:25:53,850 - __main__ - INFO - [voice_direct_modular.py:677] - Direct email pattern didn't match, trying fallback patterns
2025-05-10 10:25:53,850 - __main__ - INFO - [voice_direct_modular.py:684] - Trying flexible email+password patterns
2025-05-10 10:25:53,850 - __main__ - INFO - [voice_direct_modular.py:701] - No email+password pattern matched, trying email-only patterns
2025-05-10 10:25:53,851 - __main__ - INFO - [voice_direct_modular.py:750] - Checking for login pattern
2025-05-10 10:25:53,851 - __main__ - INFO - [voice_direct_modular.py:755] - Simple login pattern didn't match, trying flexible patterns
2025-05-10 10:25:53,851 - __main__ - INFO - [voice_direct_modular.py:784] - Checking for password-only command
2025-05-10 10:25:53,851 - __main__ - INFO - [voice_direct_modular.py:804] - Delegating to specialized handler
2025-05-10 10:25:53,852 - __main__ - INFO - [voice_direct_modular.py:816] - Delegating to form filling handler
2025-05-10 10:25:53,852 - __main__ - INFO - [voice_direct_modular.py:828] - Delegating to business purpose handler
2025-05-10 10:25:53,852 - __main__ - INFO - [voice_direct_modular.py:840] - Delegating to member/manager handler
2025-05-10 10:25:53,853 - __main__ - INFO - [voice_direct_modular.py:852] - Delegating to selection handler
2025-05-10 10:25:53,853 - __main__ - INFO - [voice_direct_modular.py:864] - Delegating to navigation handler
2025-05-10 10:25:53,854 - __main__ - INFO - [voice_direct_modular.py:401] - ASSISTANT: I'm not sure how to process that command. Type 'help' for available commands.
2025-05-10 10:26:29,689 - __main__ - INFO - [voice_direct_modular.py:453] - Processing command: www.webmail.com
2025-05-10 10:26:29,690 - __main__ - INFO - [voice_direct_modular.py:467] - Processing voice command: www.webmail.com
2025-05-10 10:26:29,690 - __main__ - INFO - [voice_direct_modular.py:677] - Direct email pattern didn't match, trying fallback patterns
2025-05-10 10:26:29,690 - __main__ - INFO - [voice_direct_modular.py:684] - Trying flexible email+password patterns
2025-05-10 10:26:29,690 - __main__ - INFO - [voice_direct_modular.py:701] - No email+password pattern matched, trying email-only patterns
2025-05-10 10:26:29,690 - __main__ - INFO - [voice_direct_modular.py:750] - Checking for login pattern
2025-05-10 10:26:29,691 - __main__ - INFO - [voice_direct_modular.py:755] - Simple login pattern didn't match, trying flexible patterns
2025-05-10 10:26:29,691 - __main__ - INFO - [voice_direct_modular.py:784] - Checking for password-only command
2025-05-10 10:26:29,691 - __main__ - INFO - [voice_direct_modular.py:804] - Delegating to specialized handler
2025-05-10 10:26:29,691 - __main__ - INFO - [voice_direct_modular.py:816] - Delegating to form filling handler
2025-05-10 10:26:29,691 - __main__ - INFO - [voice_direct_modular.py:828] - Delegating to business purpose handler
2025-05-10 10:26:29,692 - __main__ - INFO - [voice_direct_modular.py:840] - Delegating to member/manager handler
2025-05-10 10:26:29,692 - __main__ - INFO - [voice_direct_modular.py:852] - Delegating to selection handler
2025-05-10 10:26:29,692 - __main__ - INFO - [voice_direct_modular.py:864] - Delegating to navigation handler
2025-05-10 10:26:29,692 - __main__ - INFO - [voice_direct_modular.py:1287] - Processing as direct URL: https://www.webmail.com (original input: www.webmail.com)
2025-05-10 10:26:29,692 - __main__ - INFO - [voice_direct_modular.py:432] - Navigating to: https://www.webmail.com
2025-05-10 10:26:30,110 - __main__ - ERROR - [voice_direct_modular.py:440] - Error navigating to https://www.webmail.com: Page.goto: net::ERR_NAME_NOT_RESOLVED at https://www.webmail.com/
Call log:
  - navigating to "https://www.webmail.com/", waiting until "load"

2025-05-10 10:26:30,111 - __main__ - INFO - [voice_direct_modular.py:401] - ASSISTANT: Error navigating to https://www.webmail.com: Page.goto: net::ERR_NAME_NOT_RESOLVED at https://www.webmail.com/
Call log:
  - navigating to "https://www.webmail.com/", waiting until "load"

2025-05-10 12:39:31,295 - __main__ - INFO - [voice_direct_modular.py:73] - Logging system initialized
2025-05-10 12:39:31,416 - webassist.voice_assistant.speech.enhanced_recognizer - WARNING - [enhanced_recognizer.py:19] - Optional dependencies (Whisper, PyDub) are disabled to avoid conflicts
2025-05-10 12:39:32,569 - __main__ - ERROR - [voice_direct_modular.py:179] - Error initializing speech synthesizer: 'SimpleVoiceAssistant' object has no attribute 'speech_config'
2025-05-10 12:39:32,569 - __main__ - ERROR - [voice_direct_modular.py:180] - Speech synthesis will not be available
2025-05-10 12:39:32,571 - __main__ - INFO - [voice_direct_modular.py:195] - Attempting to initialize direct speech recognizer in text mode
2025-05-10 12:39:32,571 - __main__ - INFO - [voice_direct_modular.py:199] - Direct speech recognizer initialized in text mode
2025-05-10 12:39:32,571 - __main__ - ERROR - [voice_direct_modular.py:218] - Error initializing direct speech recognizer: 'SimpleVoiceAssistant' object has no attribute '_handle_recognized_command'
2025-05-10 12:39:32,584 - __main__ - ERROR - [voice_direct_modular.py:220] - Traceback (most recent call last):
  File "D:\webassistant-master\webassistant\voice_direct_modular.py", line 203, in __init__
    self.recognizer.start_listening(self._handle_recognized_command)
AttributeError: 'SimpleVoiceAssistant' object has no attribute '_handle_recognized_command'

2025-05-10 12:39:32,584 - __main__ - INFO - [voice_direct_modular.py:226] - Falling back to enhanced recognizer in text mode
2025-05-10 12:39:32,584 - __main__ - ERROR - [voice_direct_modular.py:230] - Error initializing enhanced recognizer: 'SimpleVoiceAssistant' object has no attribute 'speech_config'
2025-05-10 12:39:32,584 - __main__ - ERROR - [voice_direct_modular.py:231] - Traceback (most recent call last):
  File "D:\webassistant-master\webassistant\voice_direct_modular.py", line 203, in __init__
    self.recognizer.start_listening(self._handle_recognized_command)
AttributeError: 'SimpleVoiceAssistant' object has no attribute '_handle_recognized_command'

During handling of the above exception, another exception occurred:

Traceback (most recent call last):
  File "D:\webassistant-master\webassistant\voice_direct_modular.py", line 227, in __init__
    self.recognizer = create_enhanced_recognizer(config=self.speech_config, mode=input_mode, speak_func=self.speak)
AttributeError: 'SimpleVoiceAssistant' object has no attribute 'speech_config'

2025-05-10 17:08:20,082 - __main__ - INFO - [voice_direct_modular.py:73] - Logging system initialized
2025-05-10 17:08:20,180 - webassist.voice_assistant.speech.enhanced_recognizer - WARNING - [enhanced_recognizer.py:19] - Optional dependencies (Whisper, PyDub) are disabled to avoid conflicts
2025-05-10 17:08:21,632 - __main__ - ERROR - [voice_direct_modular.py:179] - Error initializing speech synthesizer: 'SimpleVoiceAssistant' object has no attribute 'speech_config'
2025-05-10 17:08:21,632 - __main__ - ERROR - [voice_direct_modular.py:180] - Speech synthesis will not be available
2025-05-10 17:08:21,675 - __main__ - INFO - [voice_direct_modular.py:195] - Attempting to initialize direct speech recognizer in text mode
2025-05-10 17:08:21,675 - __main__ - INFO - [voice_direct_modular.py:199] - Direct speech recognizer initialized in text mode
2025-05-10 17:08:21,675 - __main__ - ERROR - [voice_direct_modular.py:218] - Error initializing direct speech recognizer: 'SimpleVoiceAssistant' object has no attribute '_handle_recognized_command'
2025-05-10 17:08:21,680 - __main__ - ERROR - [voice_direct_modular.py:220] - Traceback (most recent call last):
  File "D:\webassistant-master\webassistant\voice_direct_modular.py", line 203, in __init__
    self.recognizer.start_listening(self._handle_recognized_command)
AttributeError: 'SimpleVoiceAssistant' object has no attribute '_handle_recognized_command'

2025-05-10 17:08:21,680 - __main__ - INFO - [voice_direct_modular.py:226] - Falling back to enhanced recognizer in text mode
2025-05-10 17:08:21,680 - __main__ - ERROR - [voice_direct_modular.py:230] - Error initializing enhanced recognizer: 'SimpleVoiceAssistant' object has no attribute 'speech_config'
2025-05-10 17:08:21,680 - __main__ - ERROR - [voice_direct_modular.py:231] - Traceback (most recent call last):
  File "D:\webassistant-master\webassistant\voice_direct_modular.py", line 203, in __init__
    self.recognizer.start_listening(self._handle_recognized_command)
AttributeError: 'SimpleVoiceAssistant' object has no attribute '_handle_recognized_command'

During handling of the above exception, another exception occurred:

Traceback (most recent call last):
  File "D:\webassistant-master\webassistant\voice_direct_modular.py", line 227, in __init__
    self.recognizer = create_enhanced_recognizer(config=self.speech_config, mode=input_mode, speak_func=self.speak)
AttributeError: 'SimpleVoiceAssistant' object has no attribute 'speech_config'

2025-05-10 17:12:55,460 - __main__ - INFO - [voice_direct_modular.py:73] - Logging system initialized
2025-05-10 17:12:55,614 - webassist.voice_assistant.speech.enhanced_recognizer - WARNING - [enhanced_recognizer.py:19] - Optional dependencies (Whisper, PyDub) are disabled to avoid conflicts
2025-05-10 17:13:00,343 - __main__ - INFO - [voice_direct_modular.py:4749] - Initializing assistant...
2025-05-10 17:13:02,860 - __main__ - INFO - [voice_direct_modular.py:243] - Initializing interaction handlers...
2025-05-10 17:13:02,861 - __main__ - ERROR - [voice_direct_modular.py:246] - Cannot initialize handlers - missing required components
2025-05-10 17:13:02,863 - webassist.voice_assistant.speech.direct_recognizer - WARNING - [direct_recognizer.py:34] - Could not initialize LLM utilities: __init__() missing 3 required positional arguments: 'llm_provider', 'page', and 'speak_func'
2025-05-10 17:13:02,863 - webassist.voice_assistant.speech.direct_recognizer - INFO - [direct_recognizer.py:49] - Initializing microphone...
2025-05-10 17:13:02,863 - webassist.voice_assistant.speech.direct_recognizer - INFO - [direct_recognizer.py:52] - Available microphones:
2025-05-10 17:13:03,170 - webassist.voice_assistant.speech.direct_recognizer - INFO - [direct_recognizer.py:54] - Microphone 0: Microsoft Sound Mapper - Input
2025-05-10 17:13:03,171 - webassist.voice_assistant.speech.direct_recognizer - INFO - [direct_recognizer.py:54] - Microphone 1: Microphone Array (IntelÂ® Smart 
2025-05-10 17:13:03,171 - webassist.voice_assistant.speech.direct_recognizer - INFO - [direct_recognizer.py:54] - Microphone 2: Microsoft Sound Mapper - Output
2025-05-10 17:13:03,171 - webassist.voice_assistant.speech.direct_recognizer - INFO - [direct_recognizer.py:54] - Microphone 3: Speakers (Realtek(R) Audio)
2025-05-10 17:13:03,171 - webassist.voice_assistant.speech.direct_recognizer - INFO - [direct_recognizer.py:54] - Microphone 4: Primary Sound Capture Driver
2025-05-10 17:13:03,172 - webassist.voice_assistant.speech.direct_recognizer - INFO - [direct_recognizer.py:54] - Microphone 5: Microphone Array (IntelÂ® Smart Sound Technology for Digital Microphones)
2025-05-10 17:13:03,172 - webassist.voice_assistant.speech.direct_recognizer - INFO - [direct_recognizer.py:54] - Microphone 6: Primary Sound Driver
2025-05-10 17:13:03,172 - webassist.voice_assistant.speech.direct_recognizer - INFO - [direct_recognizer.py:54] - Microphone 7: Speakers (Realtek(R) Audio)
2025-05-10 17:13:03,172 - webassist.voice_assistant.speech.direct_recognizer - INFO - [direct_recognizer.py:54] - Microphone 8: Speakers (Realtek(R) Audio)
2025-05-10 17:13:03,172 - webassist.voice_assistant.speech.direct_recognizer - INFO - [direct_recognizer.py:54] - Microphone 9: Microphone Array (IntelÂ® Smart Sound Technology for Digital Microphones)
2025-05-10 17:13:03,172 - webassist.voice_assistant.speech.direct_recognizer - INFO - [direct_recognizer.py:54] - Microphone 10: Headphones ()
2025-05-10 17:13:03,172 - webassist.voice_assistant.speech.direct_recognizer - INFO - [direct_recognizer.py:54] - Microphone 11: Speakers 1 (Realtek HD Audio output with SST)
2025-05-10 17:13:03,173 - webassist.voice_assistant.speech.direct_recognizer - INFO - [direct_recognizer.py:54] - Microphone 12: Speakers 2 (Realtek HD Audio output with SST)
2025-05-10 17:13:03,173 - webassist.voice_assistant.speech.direct_recognizer - INFO - [direct_recognizer.py:54] - Microphone 13: PC Speaker (Realtek HD Audio output with SST)
2025-05-10 17:13:03,173 - webassist.voice_assistant.speech.direct_recognizer - INFO - [direct_recognizer.py:54] - Microphone 14: Microphone (Realtek HD Audio Mic input)
2025-05-10 17:13:03,173 - webassist.voice_assistant.speech.direct_recognizer - INFO - [direct_recognizer.py:54] - Microphone 15: Headphones 1 (Realtek HD Audio 2nd output with SST)
2025-05-10 17:13:03,173 - webassist.voice_assistant.speech.direct_recognizer - INFO - [direct_recognizer.py:54] - Microphone 16: Headphones 2 (Realtek HD Audio 2nd output with SST)
2025-05-10 17:13:03,173 - webassist.voice_assistant.speech.direct_recognizer - INFO - [direct_recognizer.py:54] - Microphone 17: PC Speaker (Realtek HD Audio 2nd output with SST)
2025-05-10 17:13:03,173 - webassist.voice_assistant.speech.direct_recognizer - INFO - [direct_recognizer.py:54] - Microphone 18: Stereo Mix (Realtek HD Audio Stereo input)
2025-05-10 17:13:03,173 - webassist.voice_assistant.speech.direct_recognizer - INFO - [direct_recognizer.py:54] - Microphone 19: Headphones ()
2025-05-10 17:13:03,174 - webassist.voice_assistant.speech.direct_recognizer - INFO - [direct_recognizer.py:54] - Microphone 20: Headset (@System32\drivers\bthhfenum.sys,#2;%1 Hands-Free AG Audio%0
;(OPPO Enco Buds2))
2025-05-10 17:13:03,174 - webassist.voice_assistant.speech.direct_recognizer - INFO - [direct_recognizer.py:54] - Microphone 21: Headset (@System32\drivers\bthhfenum.sys,#2;%1 Hands-Free AG Audio%0
;(OPPO Enco Buds2))
2025-05-10 17:13:03,174 - webassist.voice_assistant.speech.direct_recognizer - INFO - [direct_recognizer.py:54] - Microphone 22: Headphones ()
2025-05-10 17:13:03,174 - webassist.voice_assistant.speech.direct_recognizer - INFO - [direct_recognizer.py:54] - Microphone 23: Microphone Array 1 ()
2025-05-10 17:13:03,174 - webassist.voice_assistant.speech.direct_recognizer - INFO - [direct_recognizer.py:54] - Microphone 24: Microphone Array 2 ()
2025-05-10 17:13:03,174 - webassist.voice_assistant.speech.direct_recognizer - INFO - [direct_recognizer.py:54] - Microphone 25: Microphone Array 3 ()
2025-05-10 17:13:03,174 - webassist.voice_assistant.speech.direct_recognizer - INFO - [direct_recognizer.py:54] - Microphone 26: Headphones ()
2025-05-10 17:13:03,174 - webassist.voice_assistant.speech.direct_recognizer - INFO - [direct_recognizer.py:54] - Microphone 27: Headset (@System32\drivers\bthhfenum.sys,#2;%1 Hands-Free AG Audio%0
;(Mivi DuoPods F30))
2025-05-10 17:13:03,175 - webassist.voice_assistant.speech.direct_recognizer - INFO - [direct_recognizer.py:54] - Microphone 28: Headset (@System32\drivers\bthhfenum.sys,#2;%1 Hands-Free AG Audio%0
;(Mivi DuoPods F30))
2025-05-10 17:13:03,175 - webassist.voice_assistant.speech.direct_recognizer - INFO - [direct_recognizer.py:54] - Microphone 29: Headset (@System32\drivers\bthhfenum.sys,#2;%1 Hands-Free AG Audio%0
;(Airdopes 402))
2025-05-10 17:13:03,175 - webassist.voice_assistant.speech.direct_recognizer - INFO - [direct_recognizer.py:54] - Microphone 30: Headset (@System32\drivers\bthhfenum.sys,#2;%1 Hands-Free AG Audio%0
;(Airdopes 402))
2025-05-10 17:13:03,176 - webassist.voice_assistant.speech.direct_recognizer - INFO - [direct_recognizer.py:54] - Microphone 31: Headset (@System32\drivers\bthhfenum.sys,#2;%1 Hands-Free AG Audio%0
;(trÃ¼ke BTG Beta))
2025-05-10 17:13:03,177 - webassist.voice_assistant.speech.direct_recognizer - INFO - [direct_recognizer.py:54] - Microphone 32: Headset (@System32\drivers\bthhfenum.sys,#2;%1 Hands-Free AG Audio%0
;(trÃ¼ke BTG Beta))
2025-05-10 17:13:03,243 - webassist.voice_assistant.speech.direct_recognizer - INFO - [direct_recognizer.py:58] - Microphone initialized successfully
2025-05-10 17:13:03,360 - webassist.voice_assistant.speech.direct_recognizer - INFO - [direct_recognizer.py:62] - Testing microphone...
2025-05-10 17:13:04,369 - webassist.voice_assistant.speech.direct_recognizer - INFO - [direct_recognizer.py:64] - Microphone test successful. Energy threshold: 96.32689135369138
2025-05-10 17:13:04,394 - webassist.voice_assistant.speech.direct_recognizer - INFO - [direct_recognizer.py:98] - Listening loop started
2025-05-10 17:13:04,394 - webassist.voice_assistant.speech.direct_recognizer - INFO - [direct_recognizer.py:89] - Started listening thread
2025-05-10 17:13:04,394 - __main__ - INFO - [voice_direct_modular.py:191] - Voice recognition started
2025-05-10 17:13:04,394 - __main__ - ERROR - [voice_direct_modular.py:4754] - Failed to initialize assistant
2025-05-10 17:17:06,239 - __main__ - INFO - [voice_direct_modular.py:73] - Logging system initialized
2025-05-10 17:17:06,339 - webassist.voice_assistant.speech.enhanced_recognizer - WARNING - [enhanced_recognizer.py:19] - Optional dependencies (Whisper, PyDub) are disabled to avoid conflicts
2025-05-10 17:17:19,874 - __main__ - INFO - [voice_direct_modular.py:4727] - Initializing assistant...
2025-05-10 17:17:19,874 - __main__ - INFO - [voice_direct_modular.py:204] - Initializing browser...
2025-05-10 17:17:21,602 - __main__ - INFO - [voice_direct_modular.py:219] - Browser initialized successfully
2025-05-10 17:17:21,603 - __main__ - INFO - [voice_direct_modular.py:230] - Initializing interaction handlers...
2025-05-10 17:17:21,603 - __main__ - INFO - [voice_direct_modular.py:240] - LLM utilities initialized
2025-05-10 17:17:21,603 - __main__ - WARNING - [voice_direct_modular.py:251] - Could not initialize browser utilities: __init__() missing 1 required positional argument: 'speak_func'
2025-05-10 17:17:21,604 - __main__ - INFO - [voice_direct_modular.py:262] - Handlers initialized successfully
2025-05-10 17:17:21,606 - webassist.voice_assistant.speech.direct_recognizer - WARNING - [direct_recognizer.py:34] - Could not initialize LLM utilities: __init__() missing 3 required positional arguments: 'llm_provider', 'page', and 'speak_func'
2025-05-10 17:17:21,607 - webassist.voice_assistant.speech.direct_recognizer - INFO - [direct_recognizer.py:49] - Initializing microphone...
2025-05-10 17:17:21,607 - webassist.voice_assistant.speech.direct_recognizer - INFO - [direct_recognizer.py:52] - Available microphones:
2025-05-10 17:17:21,940 - webassist.voice_assistant.speech.direct_recognizer - INFO - [direct_recognizer.py:54] - Microphone 0: Microsoft Sound Mapper - Input
2025-05-10 17:17:21,940 - webassist.voice_assistant.speech.direct_recognizer - INFO - [direct_recognizer.py:54] - Microphone 1: Microphone Array (IntelÂ® Smart 
2025-05-10 17:17:21,940 - webassist.voice_assistant.speech.direct_recognizer - INFO - [direct_recognizer.py:54] - Microphone 2: Microsoft Sound Mapper - Output
2025-05-10 17:17:21,941 - webassist.voice_assistant.speech.direct_recognizer - INFO - [direct_recognizer.py:54] - Microphone 3: Speakers (Realtek(R) Audio)
2025-05-10 17:17:21,941 - webassist.voice_assistant.speech.direct_recognizer - INFO - [direct_recognizer.py:54] - Microphone 4: Primary Sound Capture Driver
2025-05-10 17:17:21,941 - webassist.voice_assistant.speech.direct_recognizer - INFO - [direct_recognizer.py:54] - Microphone 5: Microphone Array (IntelÂ® Smart Sound Technology for Digital Microphones)
2025-05-10 17:17:21,941 - webassist.voice_assistant.speech.direct_recognizer - INFO - [direct_recognizer.py:54] - Microphone 6: Primary Sound Driver
2025-05-10 17:17:21,942 - webassist.voice_assistant.speech.direct_recognizer - INFO - [direct_recognizer.py:54] - Microphone 7: Speakers (Realtek(R) Audio)
2025-05-10 17:17:21,942 - webassist.voice_assistant.speech.direct_recognizer - INFO - [direct_recognizer.py:54] - Microphone 8: Speakers (Realtek(R) Audio)
2025-05-10 17:17:21,942 - webassist.voice_assistant.speech.direct_recognizer - INFO - [direct_recognizer.py:54] - Microphone 9: Microphone Array (IntelÂ® Smart Sound Technology for Digital Microphones)
2025-05-10 17:17:21,942 - webassist.voice_assistant.speech.direct_recognizer - INFO - [direct_recognizer.py:54] - Microphone 10: Headphones ()
2025-05-10 17:17:21,943 - webassist.voice_assistant.speech.direct_recognizer - INFO - [direct_recognizer.py:54] - Microphone 11: Speakers 1 (Realtek HD Audio output with SST)
2025-05-10 17:17:21,943 - webassist.voice_assistant.speech.direct_recognizer - INFO - [direct_recognizer.py:54] - Microphone 12: Speakers 2 (Realtek HD Audio output with SST)
2025-05-10 17:17:21,943 - webassist.voice_assistant.speech.direct_recognizer - INFO - [direct_recognizer.py:54] - Microphone 13: PC Speaker (Realtek HD Audio output with SST)
2025-05-10 17:17:21,943 - webassist.voice_assistant.speech.direct_recognizer - INFO - [direct_recognizer.py:54] - Microphone 14: Microphone (Realtek HD Audio Mic input)
2025-05-10 17:17:21,943 - webassist.voice_assistant.speech.direct_recognizer - INFO - [direct_recognizer.py:54] - Microphone 15: Headphones 1 (Realtek HD Audio 2nd output with SST)
2025-05-10 17:17:21,944 - webassist.voice_assistant.speech.direct_recognizer - INFO - [direct_recognizer.py:54] - Microphone 16: Headphones 2 (Realtek HD Audio 2nd output with SST)
2025-05-10 17:17:21,944 - webassist.voice_assistant.speech.direct_recognizer - INFO - [direct_recognizer.py:54] - Microphone 17: PC Speaker (Realtek HD Audio 2nd output with SST)
2025-05-10 17:17:21,944 - webassist.voice_assistant.speech.direct_recognizer - INFO - [direct_recognizer.py:54] - Microphone 18: Stereo Mix (Realtek HD Audio Stereo input)
2025-05-10 17:17:21,944 - webassist.voice_assistant.speech.direct_recognizer - INFO - [direct_recognizer.py:54] - Microphone 19: Headphones ()
2025-05-10 17:17:21,946 - webassist.voice_assistant.speech.direct_recognizer - INFO - [direct_recognizer.py:54] - Microphone 20: Headset (@System32\drivers\bthhfenum.sys,#2;%1 Hands-Free AG Audio%0
;(OPPO Enco Buds2))
2025-05-10 17:17:21,946 - webassist.voice_assistant.speech.direct_recognizer - INFO - [direct_recognizer.py:54] - Microphone 21: Headset (@System32\drivers\bthhfenum.sys,#2;%1 Hands-Free AG Audio%0
;(OPPO Enco Buds2))
2025-05-10 17:17:21,946 - webassist.voice_assistant.speech.direct_recognizer - INFO - [direct_recognizer.py:54] - Microphone 22: Headphones ()
2025-05-10 17:17:21,947 - webassist.voice_assistant.speech.direct_recognizer - INFO - [direct_recognizer.py:54] - Microphone 23: Microphone Array 1 ()
2025-05-10 17:17:21,947 - webassist.voice_assistant.speech.direct_recognizer - INFO - [direct_recognizer.py:54] - Microphone 24: Microphone Array 2 ()
2025-05-10 17:17:21,947 - webassist.voice_assistant.speech.direct_recognizer - INFO - [direct_recognizer.py:54] - Microphone 25: Microphone Array 3 ()
2025-05-10 17:17:21,947 - webassist.voice_assistant.speech.direct_recognizer - INFO - [direct_recognizer.py:54] - Microphone 26: Headphones ()
2025-05-10 17:17:21,948 - webassist.voice_assistant.speech.direct_recognizer - INFO - [direct_recognizer.py:54] - Microphone 27: Headset (@System32\drivers\bthhfenum.sys,#2;%1 Hands-Free AG Audio%0
;(Mivi DuoPods F30))
2025-05-10 17:17:21,948 - webassist.voice_assistant.speech.direct_recognizer - INFO - [direct_recognizer.py:54] - Microphone 28: Headset (@System32\drivers\bthhfenum.sys,#2;%1 Hands-Free AG Audio%0
;(Mivi DuoPods F30))
2025-05-10 17:17:21,948 - webassist.voice_assistant.speech.direct_recognizer - INFO - [direct_recognizer.py:54] - Microphone 29: Headset (@System32\drivers\bthhfenum.sys,#2;%1 Hands-Free AG Audio%0
;(Airdopes 402))
2025-05-10 17:17:21,948 - webassist.voice_assistant.speech.direct_recognizer - INFO - [direct_recognizer.py:54] - Microphone 30: Headset (@System32\drivers\bthhfenum.sys,#2;%1 Hands-Free AG Audio%0
;(Airdopes 402))
2025-05-10 17:17:21,949 - webassist.voice_assistant.speech.direct_recognizer - INFO - [direct_recognizer.py:54] - Microphone 31: Headset (@System32\drivers\bthhfenum.sys,#2;%1 Hands-Free AG Audio%0
;(trÃ¼ke BTG Beta))
2025-05-10 17:17:21,949 - webassist.voice_assistant.speech.direct_recognizer - INFO - [direct_recognizer.py:54] - Microphone 32: Headset (@System32\drivers\bthhfenum.sys,#2;%1 Hands-Free AG Audio%0
;(trÃ¼ke BTG Beta))
2025-05-10 17:17:22,020 - webassist.voice_assistant.speech.direct_recognizer - INFO - [direct_recognizer.py:58] - Microphone initialized successfully
2025-05-10 17:17:22,167 - webassist.voice_assistant.speech.direct_recognizer - INFO - [direct_recognizer.py:62] - Testing microphone...
2025-05-10 17:17:23,212 - webassist.voice_assistant.speech.direct_recognizer - INFO - [direct_recognizer.py:64] - Microphone test successful. Energy threshold: 86.70025031844513
2025-05-10 17:17:23,230 - webassist.voice_assistant.speech.direct_recognizer - INFO - [direct_recognizer.py:98] - Listening loop started
2025-05-10 17:17:23,230 - webassist.voice_assistant.speech.direct_recognizer - INFO - [direct_recognizer.py:89] - Started listening thread
2025-05-10 17:17:23,230 - __main__ - INFO - [voice_direct_modular.py:191] - Voice recognition started
2025-05-10 17:17:23,230 - __main__ - ERROR - [voice_direct_modular.py:4732] - Failed to initialize assistant
2025-05-10 17:18:40,669 - __main__ - INFO - [voice_direct_modular.py:73] - Logging system initialized
2025-05-10 17:18:41,039 - webassist.voice_assistant.speech.enhanced_recognizer - WARNING - [enhanced_recognizer.py:19] - Optional dependencies (Whisper, PyDub) are disabled to avoid conflicts
2025-05-10 17:18:42,597 - __main__ - ERROR - [voice_direct_modular.py:179] - Error initializing speech synthesizer: 'SimpleVoiceAssistant' object has no attribute 'speech_config'
2025-05-10 17:18:42,597 - __main__ - ERROR - [voice_direct_modular.py:180] - Speech synthesis will not be available
2025-05-10 17:18:42,598 - __main__ - INFO - [voice_direct_modular.py:195] - Attempting to initialize direct speech recognizer in text mode
2025-05-10 17:18:42,598 - __main__ - INFO - [voice_direct_modular.py:199] - Direct speech recognizer initialized in text mode
2025-05-10 17:18:42,598 - __main__ - ERROR - [voice_direct_modular.py:218] - Error initializing direct speech recognizer: 'SimpleVoiceAssistant' object has no attribute '_handle_recognized_command'
2025-05-10 17:18:42,601 - __main__ - ERROR - [voice_direct_modular.py:220] - Traceback (most recent call last):
  File "D:\webassistant-master\webassistant\voice_direct_modular.py", line 203, in __init__
    self.recognizer.start_listening(self._handle_recognized_command)
AttributeError: 'SimpleVoiceAssistant' object has no attribute '_handle_recognized_command'

2025-05-10 17:18:42,601 - __main__ - INFO - [voice_direct_modular.py:226] - Falling back to enhanced recognizer in text mode
2025-05-10 17:18:42,601 - __main__ - ERROR - [voice_direct_modular.py:230] - Error initializing enhanced recognizer: 'SimpleVoiceAssistant' object has no attribute 'speech_config'
2025-05-10 17:18:42,602 - __main__ - ERROR - [voice_direct_modular.py:231] - Traceback (most recent call last):
  File "D:\webassistant-master\webassistant\voice_direct_modular.py", line 203, in __init__
    self.recognizer.start_listening(self._handle_recognized_command)
AttributeError: 'SimpleVoiceAssistant' object has no attribute '_handle_recognized_command'

During handling of the above exception, another exception occurred:

Traceback (most recent call last):
  File "D:\webassistant-master\webassistant\voice_direct_modular.py", line 227, in __init__
    self.recognizer = create_enhanced_recognizer(config=self.speech_config, mode=input_mode, speak_func=self.speak)
AttributeError: 'SimpleVoiceAssistant' object has no attribute 'speech_config'

2025-05-10 17:18:46,933 - __main__ - INFO - [voice_direct_modular.py:4877] - Initializing assistant...
2025-05-10 17:18:49,184 - __main__ - INFO - [voice_direct_modular.py:347] - Initializing interaction handlers...
2025-05-10 17:18:49,185 - __main__ - INFO - [voice_direct_modular.py:358] - Navigation handler initialized
2025-05-10 17:18:49,185 - __main__ - INFO - [voice_direct_modular.py:364] - Selection handler initialized
2025-05-10 17:18:49,186 - __main__ - INFO - [voice_direct_modular.py:370] - Form filling handler initialized
2025-05-10 17:18:49,186 - __main__ - INFO - [voice_direct_modular.py:376] - Specialized handler initialized
2025-05-10 17:18:49,186 - __main__ - INFO - [voice_direct_modular.py:382] - Member/Manager handler initialized
2025-05-10 17:18:49,186 - __main__ - INFO - [voice_direct_modular.py:388] - Business Purpose handler initialized
2025-05-10 17:18:49,186 - __main__ - INFO - [voice_direct_modular.py:390] - All handlers initialized successfully
2025-05-10 17:18:49,187 - __main__ - INFO - [voice_direct_modular.py:4892] - Assistant initialized successfully, running main loop...
2025-05-10 17:22:08,224 - __main__ - INFO - [voice_direct_modular.py:453] - Processing command: hello hello hello
2025-05-10 17:22:08,224 - __main__ - INFO - [voice_direct_modular.py:467] - Processing voice command: hello hello hello
2025-05-10 17:22:08,226 - __main__ - INFO - [voice_direct_modular.py:677] - Direct email pattern didn't match, trying fallback patterns
2025-05-10 17:22:08,226 - __main__ - INFO - [voice_direct_modular.py:684] - Trying flexible email+password patterns
2025-05-10 17:22:08,229 - __main__ - INFO - [voice_direct_modular.py:701] - No email+password pattern matched, trying email-only patterns
2025-05-10 17:22:08,230 - __main__ - INFO - [voice_direct_modular.py:750] - Checking for login pattern
2025-05-10 17:22:08,231 - __main__ - INFO - [voice_direct_modular.py:755] - Simple login pattern didn't match, trying flexible patterns
2025-05-10 17:22:08,234 - __main__ - INFO - [voice_direct_modular.py:784] - Checking for password-only command
2025-05-10 17:22:08,235 - __main__ - INFO - [voice_direct_modular.py:804] - Delegating to specialized handler
2025-05-10 17:22:08,239 - __main__ - INFO - [voice_direct_modular.py:816] - Delegating to form filling handler
2025-05-10 17:22:08,241 - __main__ - INFO - [voice_direct_modular.py:828] - Delegating to business purpose handler
2025-05-10 17:22:08,241 - __main__ - INFO - [voice_direct_modular.py:840] - Delegating to member/manager handler
2025-05-10 17:22:08,242 - __main__ - INFO - [voice_direct_modular.py:852] - Delegating to selection handler
2025-05-10 17:22:08,243 - __main__ - INFO - [voice_direct_modular.py:864] - Delegating to navigation handler
2025-05-10 17:22:08,245 - __main__ - INFO - [voice_direct_modular.py:401] - ASSISTANT: I'm not sure how to process that command. Type 'help' for available commands.
2025-05-10 17:22:39,504 - __main__ - INFO - [voice_direct_modular.py:453] - Processing command: go to www.facebook.in
2025-05-10 17:22:39,504 - __main__ - INFO - [voice_direct_modular.py:467] - Processing voice command: go to www.facebook.in
2025-05-10 17:22:39,504 - __main__ - INFO - [voice_direct_modular.py:531] - Navigation command detected
2025-05-10 17:22:39,506 - __main__ - INFO - [voice_direct_modular.py:536] - Extracted URL using regex pattern: www.facebook.in
2025-05-10 17:22:39,506 - __main__ - INFO - [voice_direct_modular.py:401] - ASSISTANT: Navigating to www.facebook.in
2025-05-10 17:22:40,510 - __main__ - INFO - [voice_direct_modular.py:570] - Final navigation URL: https://www.facebook.in (original input: www.facebook.in)
2025-05-10 17:22:40,510 - __main__ - INFO - [voice_direct_modular.py:432] - Navigating to: https://www.facebook.in
2025-05-10 17:22:41,488 - __main__ - ERROR - [voice_direct_modular.py:440] - Error navigating to https://www.facebook.in: Page.goto: net::ERR_CERT_COMMON_NAME_INVALID at https://www.facebook.in/
Call log:
  - navigating to "https://www.facebook.in/", waiting until "load"

2025-05-10 17:22:41,489 - __main__ - INFO - [voice_direct_modular.py:401] - ASSISTANT: Error navigating to https://www.facebook.in: Page.goto: net::ERR_CERT_COMMON_NAME_INVALID at https://www.facebook.in/
Call log:
  - navigating to "https://www.facebook.in/", waiting until "load"

2025-05-10 17:23:26,841 - __main__ - INFO - [voice_direct_modular.py:453] - Processing command: go to www.web
2025-05-10 17:23:26,841 - __main__ - INFO - [voice_direct_modular.py:467] - Processing voice command: go to www.web
2025-05-10 17:23:26,842 - __main__ - INFO - [voice_direct_modular.py:531] - Navigation command detected
2025-05-10 17:23:26,842 - __main__ - INFO - [voice_direct_modular.py:536] - Extracted URL using regex pattern: www.web
2025-05-10 17:23:26,842 - __main__ - INFO - [voice_direct_modular.py:401] - ASSISTANT: Navigating to www.web
2025-05-10 17:23:27,843 - __main__ - INFO - [voice_direct_modular.py:570] - Final navigation URL: https://www.web (original input: www.web)
2025-05-10 17:23:27,843 - __main__ - INFO - [voice_direct_modular.py:432] - Navigating to: https://www.web
2025-05-10 17:23:27,943 - __main__ - ERROR - [voice_direct_modular.py:440] - Error navigating to https://www.web: Page.goto: net::ERR_NAME_NOT_RESOLVED at https://www.web/
Call log:
  - navigating to "https://www.web/", waiting until "load"

2025-05-10 17:23:27,944 - __main__ - INFO - [voice_direct_modular.py:401] - ASSISTANT: Error navigating to https://www.web: Page.goto: net::ERR_NAME_NOT_RESOLVED at https://www.web/
Call log:
  - navigating to "https://www.web/", waiting until "load"

2025-05-10 17:23:39,142 - __main__ - INFO - [voice_direct_modular.py:453] - Processing command: Go to www
2025-05-10 17:23:39,143 - __main__ - INFO - [voice_direct_modular.py:467] - Processing voice command: Go to www
2025-05-10 17:23:39,143 - __main__ - INFO - [voice_direct_modular.py:531] - Navigation command detected
2025-05-10 17:23:39,143 - __main__ - INFO - [voice_direct_modular.py:401] - ASSISTANT: Navigating to www
2025-05-10 17:23:40,153 - __main__ - INFO - [voice_direct_modular.py:570] - Final navigation URL: https://www (original input: www)
2025-05-10 17:23:40,154 - __main__ - INFO - [voice_direct_modular.py:432] - Navigating to: https://www
2025-05-10 17:23:44,734 - __main__ - ERROR - [voice_direct_modular.py:440] - Error navigating to https://www: Page.goto: net::ERR_NAME_NOT_RESOLVED at https://www/
Call log:
  - navigating to "https://www/", waiting until "load"

2025-05-10 17:23:44,734 - __main__ - INFO - [voice_direct_modular.py:401] - ASSISTANT: Error navigating to https://www: Page.goto: net::ERR_NAME_NOT_RESOLVED at https://www/
Call log:
  - navigating to "https://www/", waiting until "load"

2025-05-10 17:23:58,365 - __main__ - INFO - [voice_direct_modular.py:453] - Processing command: go to Red printed station.in
2025-05-10 17:23:58,365 - __main__ - INFO - [voice_direct_modular.py:467] - Processing voice command: go to Red printed station.in
2025-05-10 17:23:58,365 - __main__ - INFO - [voice_direct_modular.py:531] - Navigation command detected
2025-05-10 17:23:58,366 - __main__ - INFO - [voice_direct_modular.py:401] - ASSISTANT: Navigating to Red printed station.in
2025-05-10 17:23:59,368 - __main__ - INFO - [voice_direct_modular.py:570] - Final navigation URL: https://Red printed station.in (original input: Red printed station.in)
2025-05-10 17:23:59,368 - __main__ - INFO - [voice_direct_modular.py:432] - Navigating to: https://Red printed station.in
2025-05-10 17:23:59,428 - __main__ - ERROR - [voice_direct_modular.py:440] - Error navigating to https://Red printed station.in: Page.goto: net::ERR_NAME_NOT_RESOLVED at https://Red printed station.in
Call log:
  - navigating to "https://Red printed station.in", waiting until "load"

2025-05-10 17:23:59,428 - __main__ - INFO - [voice_direct_modular.py:401] - ASSISTANT: Error navigating to https://Red printed station.in: Page.goto: net::ERR_NAME_NOT_RESOLVED at https://Red printed station.in
Call log:
  - navigating to "https://Red printed station.in", waiting until "load"

2025-05-10 17:24:18,460 - __main__ - INFO - [voice_direct_modular.py:453] - Processing command: go to railway station railway station
2025-05-10 17:24:18,460 - __main__ - INFO - [voice_direct_modular.py:467] - Processing voice command: go to railway station railway station
2025-05-10 17:24:18,460 - __main__ - INFO - [voice_direct_modular.py:531] - Navigation command detected
2025-05-10 17:24:18,460 - __main__ - INFO - [voice_direct_modular.py:401] - ASSISTANT: Navigating to railway station railway station
2025-05-10 17:24:19,474 - __main__ - INFO - [voice_direct_modular.py:570] - Final navigation URL: https://railway station railway station (original input: railway station railway station)
2025-05-10 17:24:19,474 - __main__ - INFO - [voice_direct_modular.py:432] - Navigating to: https://railway station railway station
2025-05-10 17:24:19,494 - __main__ - ERROR - [voice_direct_modular.py:440] - Error navigating to https://railway station railway station: Page.goto: net::ERR_NAME_NOT_RESOLVED at https://railway station railway station
Call log:
  - navigating to "https://railway station railway station", waiting until "load"

2025-05-10 17:24:19,494 - __main__ - INFO - [voice_direct_modular.py:401] - ASSISTANT: Error navigating to https://railway station railway station: Page.goto: net::ERR_NAME_NOT_RESOLVED at https://railway station railway station
Call log:
  - navigating to "https://railway station railway station", waiting until "load"

2025-05-10 17:24:38,807 - __main__ - INFO - [voice_direct_modular.py:453] - Processing command: go to railway station
2025-05-10 17:24:38,807 - __main__ - INFO - [voice_direct_modular.py:467] - Processing voice command: go to railway station
2025-05-10 17:24:38,807 - __main__ - INFO - [voice_direct_modular.py:531] - Navigation command detected
2025-05-10 17:24:38,807 - __main__ - INFO - [voice_direct_modular.py:401] - ASSISTANT: Navigating to railway station
2025-05-10 17:24:39,821 - __main__ - INFO - [voice_direct_modular.py:570] - Final navigation URL: https://railway station (original input: railway station)
2025-05-10 17:24:39,821 - __main__ - INFO - [voice_direct_modular.py:432] - Navigating to: https://railway station
2025-05-10 17:24:39,842 - __main__ - ERROR - [voice_direct_modular.py:440] - Error navigating to https://railway station: Page.goto: net::ERR_NAME_NOT_RESOLVED at https://railway station
Call log:
  - navigating to "https://railway station", waiting until "load"

2025-05-10 17:24:39,843 - __main__ - INFO - [voice_direct_modular.py:401] - ASSISTANT: Error navigating to https://railway station: Page.goto: net::ERR_NAME_NOT_RESOLVED at https://railway station
Call log:
  - navigating to "https://railway station", waiting until "load"

2025-05-10 17:27:41,182 - __main__ - INFO - [voice_direct_modular.py:453] - Processing command: August Kitni tarikh
2025-05-10 17:27:41,183 - __main__ - INFO - [voice_direct_modular.py:467] - Processing voice command: August Kitni tarikh
2025-05-10 17:27:41,183 - __main__ - INFO - [voice_direct_modular.py:677] - Direct email pattern didn't match, trying fallback patterns
2025-05-10 17:27:41,183 - __main__ - INFO - [voice_direct_modular.py:684] - Trying flexible email+password patterns
2025-05-10 17:27:41,183 - __main__ - INFO - [voice_direct_modular.py:701] - No email+password pattern matched, trying email-only patterns
2025-05-10 17:27:41,183 - __main__ - INFO - [voice_direct_modular.py:750] - Checking for login pattern
2025-05-10 17:27:41,184 - __main__ - INFO - [voice_direct_modular.py:755] - Simple login pattern didn't match, trying flexible patterns
2025-05-10 17:27:41,184 - __main__ - INFO - [voice_direct_modular.py:784] - Checking for password-only command
2025-05-10 17:27:41,184 - __main__ - INFO - [voice_direct_modular.py:804] - Delegating to specialized handler
2025-05-10 17:27:41,184 - __main__ - INFO - [voice_direct_modular.py:816] - Delegating to form filling handler
2025-05-10 17:27:41,185 - __main__ - INFO - [voice_direct_modular.py:828] - Delegating to business purpose handler
2025-05-10 17:27:41,185 - __main__ - INFO - [voice_direct_modular.py:840] - Delegating to member/manager handler
2025-05-10 17:27:41,185 - __main__ - INFO - [voice_direct_modular.py:852] - Delegating to selection handler
2025-05-10 17:27:41,185 - __main__ - INFO - [voice_direct_modular.py:864] - Delegating to navigation handler
2025-05-10 17:27:41,185 - __main__ - INFO - [voice_direct_modular.py:401] - ASSISTANT: I'm not sure how to process that command. Type 'help' for available commands.
2025-05-10 17:27:49,807 - __main__ - INFO - [voice_direct_modular.py:453] - Processing command: final
2025-05-10 17:27:49,807 - __main__ - INFO - [voice_direct_modular.py:467] - Processing voice command: final
2025-05-10 17:27:49,807 - __main__ - INFO - [voice_direct_modular.py:677] - Direct email pattern didn't match, trying fallback patterns
2025-05-10 17:27:49,807 - __main__ - INFO - [voice_direct_modular.py:684] - Trying flexible email+password patterns
2025-05-10 17:27:49,807 - __main__ - INFO - [voice_direct_modular.py:701] - No email+password pattern matched, trying email-only patterns
2025-05-10 17:27:49,808 - __main__ - INFO - [voice_direct_modular.py:750] - Checking for login pattern
2025-05-10 17:27:49,808 - __main__ - INFO - [voice_direct_modular.py:755] - Simple login pattern didn't match, trying flexible patterns
2025-05-10 17:27:49,808 - __main__ - INFO - [voice_direct_modular.py:784] - Checking for password-only command
2025-05-10 17:27:49,808 - __main__ - INFO - [voice_direct_modular.py:804] - Delegating to specialized handler
2025-05-10 17:27:49,808 - __main__ - INFO - [voice_direct_modular.py:816] - Delegating to form filling handler
2025-05-10 17:27:49,808 - __main__ - INFO - [voice_direct_modular.py:828] - Delegating to business purpose handler
2025-05-10 17:27:49,808 - __main__ - INFO - [voice_direct_modular.py:840] - Delegating to member/manager handler
2025-05-10 17:27:49,808 - __main__ - INFO - [voice_direct_modular.py:852] - Delegating to selection handler
2025-05-10 17:27:49,809 - __main__ - INFO - [voice_direct_modular.py:864] - Delegating to navigation handler
2025-05-10 17:27:49,809 - __main__ - INFO - [voice_direct_modular.py:401] - ASSISTANT: I'm not sure how to process that command. Type 'help' for available commands.
2025-05-10 17:33:28,719 - __main__ - INFO - [voice_direct_modular.py:453] - Processing command: go to railway station
2025-05-10 17:33:28,719 - __main__ - INFO - [voice_direct_modular.py:467] - Processing voice command: go to railway station
2025-05-10 17:33:28,720 - __main__ - INFO - [voice_direct_modular.py:531] - Navigation command detected
2025-05-10 17:33:28,720 - __main__ - INFO - [voice_direct_modular.py:401] - ASSISTANT: Navigating to railway station
2025-05-10 17:33:29,726 - __main__ - INFO - [voice_direct_modular.py:570] - Final navigation URL: https://railway station (original input: railway station)
2025-05-10 17:33:29,726 - __main__ - INFO - [voice_direct_modular.py:432] - Navigating to: https://railway station
2025-05-10 17:33:29,745 - __main__ - ERROR - [voice_direct_modular.py:440] - Error navigating to https://railway station: Page.goto: net::ERR_NAME_NOT_RESOLVED at https://railway station
Call log:
  - navigating to "https://railway station", waiting until "load"

2025-05-10 17:33:29,745 - __main__ - INFO - [voice_direct_modular.py:401] - ASSISTANT: Error navigating to https://railway station: Page.goto: net::ERR_NAME_NOT_RESOLVED at https://railway station
Call log:
  - navigating to "https://railway station", waiting until "load"

2025-05-10 17:47:43,271 - __main__ - INFO - [voice_direct_modular.py:73] - Logging system initialized
2025-05-10 17:47:43,363 - webassist.voice_assistant.speech.enhanced_recognizer - WARNING - [enhanced_recognizer.py:19] - Optional dependencies (Whisper, PyDub) are disabled to avoid conflicts
2025-05-10 17:47:44,865 - __main__ - ERROR - [voice_direct_modular.py:179] - Error initializing speech synthesizer: 'SimpleVoiceAssistant' object has no attribute 'speech_config'
2025-05-10 17:47:44,866 - __main__ - ERROR - [voice_direct_modular.py:180] - Speech synthesis will not be available
2025-05-10 17:47:44,889 - __main__ - INFO - [voice_direct_modular.py:195] - Attempting to initialize direct speech recognizer in text mode
2025-05-10 17:47:44,889 - __main__ - INFO - [voice_direct_modular.py:199] - Direct speech recognizer initialized in text mode
2025-05-10 17:47:44,889 - __main__ - ERROR - [voice_direct_modular.py:218] - Error initializing direct speech recognizer: 'SimpleVoiceAssistant' object has no attribute '_handle_recognized_command'
2025-05-10 17:47:44,891 - __main__ - ERROR - [voice_direct_modular.py:220] - Traceback (most recent call last):
  File "D:\webassistant-master\webassistant\voice_direct_modular.py", line 203, in __init__
    self.recognizer.start_listening(self._handle_recognized_command)
AttributeError: 'SimpleVoiceAssistant' object has no attribute '_handle_recognized_command'

2025-05-10 17:47:44,892 - __main__ - INFO - [voice_direct_modular.py:226] - Falling back to enhanced recognizer in text mode
2025-05-10 17:47:44,892 - __main__ - ERROR - [voice_direct_modular.py:230] - Error initializing enhanced recognizer: 'SimpleVoiceAssistant' object has no attribute 'speech_config'
2025-05-10 17:47:44,892 - __main__ - ERROR - [voice_direct_modular.py:231] - Traceback (most recent call last):
  File "D:\webassistant-master\webassistant\voice_direct_modular.py", line 203, in __init__
    self.recognizer.start_listening(self._handle_recognized_command)
AttributeError: 'SimpleVoiceAssistant' object has no attribute '_handle_recognized_command'

During handling of the above exception, another exception occurred:

Traceback (most recent call last):
  File "D:\webassistant-master\webassistant\voice_direct_modular.py", line 227, in __init__
    self.recognizer = create_enhanced_recognizer(config=self.speech_config, mode=input_mode, speak_func=self.speak)
AttributeError: 'SimpleVoiceAssistant' object has no attribute 'speech_config'

2025-05-10 17:47:50,963 - __main__ - INFO - [voice_direct_modular.py:4906] - Initializing assistant...
2025-05-10 17:47:53,636 - __main__ - INFO - [voice_direct_modular.py:347] - Initializing interaction handlers...
2025-05-10 17:47:53,636 - __main__ - INFO - [voice_direct_modular.py:358] - Navigation handler initialized
2025-05-10 17:47:53,636 - __main__ - INFO - [voice_direct_modular.py:364] - Selection handler initialized
2025-05-10 17:47:53,637 - __main__ - INFO - [voice_direct_modular.py:370] - Form filling handler initialized
2025-05-10 17:47:53,637 - __main__ - INFO - [voice_direct_modular.py:376] - Specialized handler initialized
2025-05-10 17:47:53,637 - __main__ - INFO - [voice_direct_modular.py:382] - Member/Manager handler initialized
2025-05-10 17:47:53,637 - __main__ - INFO - [voice_direct_modular.py:388] - Business Purpose handler initialized
2025-05-10 17:47:53,637 - __main__ - INFO - [voice_direct_modular.py:390] - All handlers initialized successfully
2025-05-10 17:47:53,637 - __main__ - INFO - [voice_direct_modular.py:4921] - Assistant initialized successfully, running main loop...
2025-05-10 17:53:25,391 - __main__ - INFO - [voice_direct_modular.py:73] - Logging system initialized
2025-05-10 17:53:25,471 - webassist.voice_assistant.speech.enhanced_recognizer - WARNING - [enhanced_recognizer.py:19] - Optional dependencies (Whisper, PyDub) are disabled to avoid conflicts
2025-05-10 17:53:31,278 - __main__ - INFO - [voice_direct_modular.py:4727] - Initializing assistant...
2025-05-10 17:53:31,279 - __main__ - INFO - [voice_direct_modular.py:204] - Initializing browser...
2025-05-10 17:53:32,209 - __main__ - INFO - [voice_direct_modular.py:219] - Browser initialized successfully
2025-05-10 17:53:32,209 - __main__ - INFO - [voice_direct_modular.py:230] - Initializing interaction handlers...
2025-05-10 17:53:32,209 - __main__ - INFO - [voice_direct_modular.py:240] - LLM utilities initialized
2025-05-10 17:53:32,209 - __main__ - WARNING - [voice_direct_modular.py:251] - Could not initialize browser utilities: __init__() missing 1 required positional argument: 'speak_func'
2025-05-10 17:53:32,209 - __main__ - INFO - [voice_direct_modular.py:262] - Handlers initialized successfully
2025-05-10 17:53:32,211 - webassist.voice_assistant.speech.direct_recognizer - WARNING - [direct_recognizer.py:34] - Could not initialize LLM utilities: __init__() missing 3 required positional arguments: 'llm_provider', 'page', and 'speak_func'
2025-05-10 17:53:32,211 - webassist.voice_assistant.speech.direct_recognizer - INFO - [direct_recognizer.py:49] - Initializing microphone...
2025-05-10 17:53:32,212 - webassist.voice_assistant.speech.direct_recognizer - INFO - [direct_recognizer.py:52] - Available microphones:
2025-05-10 17:53:32,544 - webassist.voice_assistant.speech.direct_recognizer - INFO - [direct_recognizer.py:54] - Microphone 0: Microsoft Sound Mapper - Input
2025-05-10 17:53:32,544 - webassist.voice_assistant.speech.direct_recognizer - INFO - [direct_recognizer.py:54] - Microphone 1: Microphone Array (IntelÂ® Smart 
2025-05-10 17:53:32,544 - webassist.voice_assistant.speech.direct_recognizer - INFO - [direct_recognizer.py:54] - Microphone 2: Microsoft Sound Mapper - Output
2025-05-10 17:53:32,545 - webassist.voice_assistant.speech.direct_recognizer - INFO - [direct_recognizer.py:54] - Microphone 3: Speakers (Realtek(R) Audio)
2025-05-10 17:53:32,545 - webassist.voice_assistant.speech.direct_recognizer - INFO - [direct_recognizer.py:54] - Microphone 4: Primary Sound Capture Driver
2025-05-10 17:53:32,545 - webassist.voice_assistant.speech.direct_recognizer - INFO - [direct_recognizer.py:54] - Microphone 5: Microphone Array (IntelÂ® Smart Sound Technology for Digital Microphones)
2025-05-10 17:53:32,545 - webassist.voice_assistant.speech.direct_recognizer - INFO - [direct_recognizer.py:54] - Microphone 6: Primary Sound Driver
2025-05-10 17:53:32,545 - webassist.voice_assistant.speech.direct_recognizer - INFO - [direct_recognizer.py:54] - Microphone 7: Speakers (Realtek(R) Audio)
2025-05-10 17:53:32,545 - webassist.voice_assistant.speech.direct_recognizer - INFO - [direct_recognizer.py:54] - Microphone 8: Speakers (Realtek(R) Audio)
2025-05-10 17:53:32,545 - webassist.voice_assistant.speech.direct_recognizer - INFO - [direct_recognizer.py:54] - Microphone 9: Microphone Array (IntelÂ® Smart Sound Technology for Digital Microphones)
2025-05-10 17:53:32,545 - webassist.voice_assistant.speech.direct_recognizer - INFO - [direct_recognizer.py:54] - Microphone 10: Headphones ()
2025-05-10 17:53:32,545 - webassist.voice_assistant.speech.direct_recognizer - INFO - [direct_recognizer.py:54] - Microphone 11: Speakers 1 (Realtek HD Audio output with SST)
2025-05-10 17:53:32,545 - webassist.voice_assistant.speech.direct_recognizer - INFO - [direct_recognizer.py:54] - Microphone 12: Speakers 2 (Realtek HD Audio output with SST)
2025-05-10 17:53:32,545 - webassist.voice_assistant.speech.direct_recognizer - INFO - [direct_recognizer.py:54] - Microphone 13: PC Speaker (Realtek HD Audio output with SST)
2025-05-10 17:53:32,545 - webassist.voice_assistant.speech.direct_recognizer - INFO - [direct_recognizer.py:54] - Microphone 14: Microphone (Realtek HD Audio Mic input)
2025-05-10 17:53:32,546 - webassist.voice_assistant.speech.direct_recognizer - INFO - [direct_recognizer.py:54] - Microphone 15: Headphones 1 (Realtek HD Audio 2nd output with SST)
2025-05-10 17:53:32,546 - webassist.voice_assistant.speech.direct_recognizer - INFO - [direct_recognizer.py:54] - Microphone 16: Headphones 2 (Realtek HD Audio 2nd output with SST)
2025-05-10 17:53:32,546 - webassist.voice_assistant.speech.direct_recognizer - INFO - [direct_recognizer.py:54] - Microphone 17: PC Speaker (Realtek HD Audio 2nd output with SST)
2025-05-10 17:53:32,546 - webassist.voice_assistant.speech.direct_recognizer - INFO - [direct_recognizer.py:54] - Microphone 18: Stereo Mix (Realtek HD Audio Stereo input)
2025-05-10 17:53:32,546 - webassist.voice_assistant.speech.direct_recognizer - INFO - [direct_recognizer.py:54] - Microphone 19: Headphones ()
2025-05-10 17:53:32,547 - webassist.voice_assistant.speech.direct_recognizer - INFO - [direct_recognizer.py:54] - Microphone 20: Headset (@System32\drivers\bthhfenum.sys,#2;%1 Hands-Free AG Audio%0
;(OPPO Enco Buds2))
2025-05-10 17:53:32,548 - webassist.voice_assistant.speech.direct_recognizer - INFO - [direct_recognizer.py:54] - Microphone 21: Headset (@System32\drivers\bthhfenum.sys,#2;%1 Hands-Free AG Audio%0
;(OPPO Enco Buds2))
2025-05-10 17:53:32,548 - webassist.voice_assistant.speech.direct_recognizer - INFO - [direct_recognizer.py:54] - Microphone 22: Headphones ()
2025-05-10 17:53:32,548 - webassist.voice_assistant.speech.direct_recognizer - INFO - [direct_recognizer.py:54] - Microphone 23: Microphone Array 1 ()
2025-05-10 17:53:32,549 - webassist.voice_assistant.speech.direct_recognizer - INFO - [direct_recognizer.py:54] - Microphone 24: Microphone Array 2 ()
2025-05-10 17:53:32,549 - webassist.voice_assistant.speech.direct_recognizer - INFO - [direct_recognizer.py:54] - Microphone 25: Microphone Array 3 ()
2025-05-10 17:53:32,549 - webassist.voice_assistant.speech.direct_recognizer - INFO - [direct_recognizer.py:54] - Microphone 26: Headphones ()
2025-05-10 17:53:32,549 - webassist.voice_assistant.speech.direct_recognizer - INFO - [direct_recognizer.py:54] - Microphone 27: Headset (@System32\drivers\bthhfenum.sys,#2;%1 Hands-Free AG Audio%0
;(Mivi DuoPods F30))
2025-05-10 17:53:32,549 - webassist.voice_assistant.speech.direct_recognizer - INFO - [direct_recognizer.py:54] - Microphone 28: Headset (@System32\drivers\bthhfenum.sys,#2;%1 Hands-Free AG Audio%0
;(Mivi DuoPods F30))
2025-05-10 17:53:32,549 - webassist.voice_assistant.speech.direct_recognizer - INFO - [direct_recognizer.py:54] - Microphone 29: Headset (@System32\drivers\bthhfenum.sys,#2;%1 Hands-Free AG Audio%0
;(Airdopes 402))
2025-05-10 17:53:32,549 - webassist.voice_assistant.speech.direct_recognizer - INFO - [direct_recognizer.py:54] - Microphone 30: Headset (@System32\drivers\bthhfenum.sys,#2;%1 Hands-Free AG Audio%0
;(Airdopes 402))
2025-05-10 17:53:32,549 - webassist.voice_assistant.speech.direct_recognizer - INFO - [direct_recognizer.py:54] - Microphone 31: Headset (@System32\drivers\bthhfenum.sys,#2;%1 Hands-Free AG Audio%0
;(trÃ¼ke BTG Beta))
2025-05-10 17:53:32,550 - webassist.voice_assistant.speech.direct_recognizer - INFO - [direct_recognizer.py:54] - Microphone 32: Headset (@System32\drivers\bthhfenum.sys,#2;%1 Hands-Free AG Audio%0
;(trÃ¼ke BTG Beta))
2025-05-10 17:53:32,587 - webassist.voice_assistant.speech.direct_recognizer - INFO - [direct_recognizer.py:58] - Microphone initialized successfully
2025-05-10 17:53:32,654 - webassist.voice_assistant.speech.direct_recognizer - INFO - [direct_recognizer.py:62] - Testing microphone...
2025-05-10 17:53:33,659 - webassist.voice_assistant.speech.direct_recognizer - INFO - [direct_recognizer.py:64] - Microphone test successful. Energy threshold: 88.97457338163741
2025-05-10 17:53:33,684 - webassist.voice_assistant.speech.direct_recognizer - INFO - [direct_recognizer.py:98] - Listening loop started
2025-05-10 17:53:33,684 - webassist.voice_assistant.speech.direct_recognizer - INFO - [direct_recognizer.py:89] - Started listening thread
2025-05-10 17:53:33,684 - __main__ - INFO - [voice_direct_modular.py:191] - Voice recognition started
2025-05-10 17:53:33,684 - __main__ - ERROR - [voice_direct_modular.py:4732] - Failed to initialize assistant
2025-05-10 17:55:11,701 - __main__ - INFO - [voice_direct_modular.py:73] - Logging system initialized
2025-05-10 17:55:11,749 - webassist.voice_assistant.speech.enhanced_recognizer - WARNING - [enhanced_recognizer.py:19] - Optional dependencies (Whisper, PyDub) are disabled to avoid conflicts
2025-05-10 17:55:13,078 - __main__ - ERROR - [voice_direct_modular.py:179] - Error initializing speech synthesizer: 'SimpleVoiceAssistant' object has no attribute 'speech_config'
2025-05-10 17:55:13,078 - __main__ - ERROR - [voice_direct_modular.py:180] - Speech synthesis will not be available
2025-05-10 17:55:13,079 - __main__ - INFO - [voice_direct_modular.py:195] - Attempting to initialize direct speech recognizer in text mode
2025-05-10 17:55:13,079 - __main__ - INFO - [voice_direct_modular.py:199] - Direct speech recognizer initialized in text mode
2025-05-10 17:55:13,080 - __main__ - ERROR - [voice_direct_modular.py:218] - Error initializing direct speech recognizer: 'SimpleVoiceAssistant' object has no attribute '_handle_recognized_command'
2025-05-10 17:55:13,081 - __main__ - ERROR - [voice_direct_modular.py:220] - Traceback (most recent call last):
  File "D:\webassistant-master\webassistant\voice_direct_modular.py", line 203, in __init__
    self.recognizer.start_listening(self._handle_recognized_command)
AttributeError: 'SimpleVoiceAssistant' object has no attribute '_handle_recognized_command'

2025-05-10 17:55:13,081 - __main__ - INFO - [voice_direct_modular.py:226] - Falling back to enhanced recognizer in text mode
2025-05-10 17:55:13,081 - __main__ - ERROR - [voice_direct_modular.py:230] - Error initializing enhanced recognizer: 'SimpleVoiceAssistant' object has no attribute 'speech_config'
2025-05-10 17:55:13,081 - __main__ - ERROR - [voice_direct_modular.py:231] - Traceback (most recent call last):
  File "D:\webassistant-master\webassistant\voice_direct_modular.py", line 203, in __init__
    self.recognizer.start_listening(self._handle_recognized_command)
AttributeError: 'SimpleVoiceAssistant' object has no attribute '_handle_recognized_command'

During handling of the above exception, another exception occurred:

Traceback (most recent call last):
  File "D:\webassistant-master\webassistant\voice_direct_modular.py", line 227, in __init__
    self.recognizer = create_enhanced_recognizer(config=self.speech_config, mode=input_mode, speak_func=self.speak)
AttributeError: 'SimpleVoiceAssistant' object has no attribute 'speech_config'

2025-05-10 17:57:22,666 - __main__ - INFO - [voice_direct_modular.py:4877] - Initializing assistant...
2025-05-10 17:57:25,386 - __main__ - INFO - [voice_direct_modular.py:347] - Initializing interaction handlers...
2025-05-10 17:57:25,386 - __main__ - INFO - [voice_direct_modular.py:358] - Navigation handler initialized
2025-05-10 17:57:25,386 - __main__ - INFO - [voice_direct_modular.py:364] - Selection handler initialized
2025-05-10 17:57:25,386 - __main__ - INFO - [voice_direct_modular.py:370] - Form filling handler initialized
2025-05-10 17:57:25,386 - __main__ - INFO - [voice_direct_modular.py:376] - Specialized handler initialized
2025-05-10 17:57:25,386 - __main__ - INFO - [voice_direct_modular.py:382] - Member/Manager handler initialized
2025-05-10 17:57:25,387 - __main__ - INFO - [voice_direct_modular.py:388] - Business Purpose handler initialized
2025-05-10 17:57:25,387 - __main__ - INFO - [voice_direct_modular.py:390] - All handlers initialized successfully
2025-05-10 17:57:25,387 - __main__ - INFO - [voice_direct_modular.py:4892] - Assistant initialized successfully, running main loop...
2025-05-10 18:11:28,292 - __main__ - INFO - [voice_direct_modular.py:453] - Processing command: scholarship
2025-05-10 18:11:28,312 - __main__ - INFO - [voice_direct_modular.py:467] - Processing voice command: scholarship
2025-05-10 18:11:28,328 - __main__ - INFO - [voice_direct_modular.py:677] - Direct email pattern didn't match, trying fallback patterns
2025-05-10 18:11:28,329 - __main__ - INFO - [voice_direct_modular.py:684] - Trying flexible email+password patterns
2025-05-10 18:11:28,332 - __main__ - INFO - [voice_direct_modular.py:701] - No email+password pattern matched, trying email-only patterns
2025-05-10 18:11:28,334 - __main__ - INFO - [voice_direct_modular.py:750] - Checking for login pattern
2025-05-10 18:11:28,334 - __main__ - INFO - [voice_direct_modular.py:755] - Simple login pattern didn't match, trying flexible patterns
2025-05-10 18:11:28,337 - __main__ - INFO - [voice_direct_modular.py:784] - Checking for password-only command
2025-05-10 18:11:28,338 - __main__ - INFO - [voice_direct_modular.py:804] - Delegating to specialized handler
2025-05-10 18:11:28,342 - __main__ - INFO - [voice_direct_modular.py:816] - Delegating to form filling handler
2025-05-10 18:11:28,345 - __main__ - INFO - [voice_direct_modular.py:828] - Delegating to business purpose handler
2025-05-10 18:11:28,345 - __main__ - INFO - [voice_direct_modular.py:840] - Delegating to member/manager handler
2025-05-10 18:11:28,345 - __main__ - INFO - [voice_direct_modular.py:852] - Delegating to selection handler
2025-05-10 18:11:28,347 - __main__ - INFO - [voice_direct_modular.py:864] - Delegating to navigation handler
2025-05-10 18:11:28,352 - __main__ - INFO - [voice_direct_modular.py:401] - ASSISTANT: I'm not sure how to process that command. Type 'help' for available commands.
2025-05-10 18:30:56,263 - __main__ - INFO - [voice_direct_modular.py:453] - Processing command: go to railway station
2025-05-10 18:30:56,300 - __main__ - INFO - [voice_direct_modular.py:467] - Processing voice command: go to railway station
2025-05-10 18:30:56,306 - __main__ - INFO - [voice_direct_modular.py:531] - Navigation command detected
2025-05-10 18:30:56,306 - __main__ - INFO - [voice_direct_modular.py:401] - ASSISTANT: Navigating to railway station
2025-05-10 18:30:57,317 - __main__ - INFO - [voice_direct_modular.py:570] - Final navigation URL: https://railway station (original input: railway station)
2025-05-10 18:30:57,318 - __main__ - INFO - [voice_direct_modular.py:432] - Navigating to: https://railway station
2025-05-10 18:30:57,674 - __main__ - ERROR - [voice_direct_modular.py:440] - Error navigating to https://railway station: Page.goto: net::ERR_NAME_NOT_RESOLVED at https://railway station
Call log:
  - navigating to "https://railway station", waiting until "load"

2025-05-10 18:30:57,674 - __main__ - INFO - [voice_direct_modular.py:401] - ASSISTANT: Error navigating to https://railway station: Page.goto: net::ERR_NAME_NOT_RESOLVED at https://railway station
Call log:
  - navigating to "https://railway station", waiting until "load"

2025-05-10 18:31:10,236 - __main__ - INFO - [voice_direct_modular.py:453] - Processing command: go to railway station railway test.in
2025-05-10 18:31:10,237 - __main__ - INFO - [voice_direct_modular.py:467] - Processing voice command: go to railway station railway test.in
2025-05-10 18:31:10,237 - __main__ - INFO - [voice_direct_modular.py:531] - Navigation command detected
2025-05-10 18:31:10,237 - __main__ - INFO - [voice_direct_modular.py:401] - ASSISTANT: Navigating to railway station railway test.in
2025-05-10 18:31:11,250 - __main__ - INFO - [voice_direct_modular.py:570] - Final navigation URL: https://railway station railway test.in (original input: railway station railway test.in)
2025-05-10 18:31:11,250 - __main__ - INFO - [voice_direct_modular.py:432] - Navigating to: https://railway station railway test.in
2025-05-10 18:31:11,281 - __main__ - ERROR - [voice_direct_modular.py:440] - Error navigating to https://railway station railway test.in: Page.goto: net::ERR_NAME_NOT_RESOLVED at https://railway station railway test.in
Call log:
  - navigating to "https://railway station railway test.in", waiting until "load"

2025-05-10 18:31:11,281 - __main__ - INFO - [voice_direct_modular.py:401] - ASSISTANT: Error navigating to https://railway station railway test.in: Page.goto: net::ERR_NAME_NOT_RESOLVED at https://railway station railway test.in
Call log:
  - navigating to "https://railway station railway test.in", waiting until "load"

2025-05-10 18:31:25,463 - __main__ - INFO - [voice_direct_modular.py:453] - Processing command: go to RD
2025-05-10 18:31:25,463 - __main__ - INFO - [voice_direct_modular.py:467] - Processing voice command: go to RD
2025-05-10 18:31:25,463 - __main__ - INFO - [voice_direct_modular.py:531] - Navigation command detected
2025-05-10 18:31:25,464 - __main__ - INFO - [voice_direct_modular.py:401] - ASSISTANT: Navigating to RD
2025-05-10 18:31:26,474 - __main__ - INFO - [voice_direct_modular.py:570] - Final navigation URL: https://RD (original input: RD)
2025-05-10 18:31:26,474 - __main__ - INFO - [voice_direct_modular.py:432] - Navigating to: https://RD
2025-05-10 18:31:31,062 - __main__ - ERROR - [voice_direct_modular.py:440] - Error navigating to https://RD: Page.goto: net::ERR_NAME_NOT_RESOLVED at https://rd/
Call log:
  - navigating to "https://rd/", waiting until "load"

2025-05-10 18:31:31,062 - __main__ - INFO - [voice_direct_modular.py:401] - ASSISTANT: Error navigating to https://RD: Page.goto: net::ERR_NAME_NOT_RESOLVED at https://rd/
Call log:
  - navigating to "https://rd/", waiting until "load"

2025-05-10 18:31:40,635 - __main__ - INFO - [voice_direct_modular.py:453] - Processing command: go to www.rediff.com
2025-05-10 18:31:40,635 - __main__ - INFO - [voice_direct_modular.py:467] - Processing voice command: go to www.rediff.com
2025-05-10 18:31:40,635 - __main__ - INFO - [voice_direct_modular.py:531] - Navigation command detected
2025-05-10 18:31:40,635 - __main__ - INFO - [voice_direct_modular.py:536] - Extracted URL using regex pattern: www.rediff.com
2025-05-10 18:31:40,636 - __main__ - INFO - [voice_direct_modular.py:401] - ASSISTANT: Navigating to www.rediff.com
2025-05-10 18:31:41,641 - __main__ - INFO - [voice_direct_modular.py:570] - Final navigation URL: https://www.rediff.com (original input: www.rediff.com)
2025-05-10 18:31:41,641 - __main__ - INFO - [voice_direct_modular.py:432] - Navigating to: https://www.rediff.com
2025-05-10 18:31:48,421 - __main__ - INFO - [voice_direct_modular.py:436] - Page loaded successfully: Rediff.com: News | Rediffmail | Stock Quotes | Rediff Gurus
2025-05-10 18:31:48,421 - __main__ - INFO - [voice_direct_modular.py:401] - ASSISTANT: Loaded: Rediff.com: News | Rediffmail | Stock Quotes | Rediff Gurus
2025-05-10 18:33:17,770 - __main__ - INFO - [voice_direct_modular.py:453] - Processing command: Guddu redberry index.in
2025-05-10 18:33:17,770 - __main__ - INFO - [voice_direct_modular.py:467] - Processing voice command: Guddu redberry index.in
2025-05-10 18:33:17,784 - __main__ - INFO - [voice_direct_modular.py:677] - Direct email pattern didn't match, trying fallback patterns
2025-05-10 18:33:17,785 - __main__ - INFO - [voice_direct_modular.py:684] - Trying flexible email+password patterns
2025-05-10 18:33:17,786 - __main__ - INFO - [voice_direct_modular.py:701] - No email+password pattern matched, trying email-only patterns
2025-05-10 18:33:17,786 - __main__ - INFO - [voice_direct_modular.py:750] - Checking for login pattern
2025-05-10 18:33:17,786 - __main__ - INFO - [voice_direct_modular.py:755] - Simple login pattern didn't match, trying flexible patterns
2025-05-10 18:33:17,787 - __main__ - INFO - [voice_direct_modular.py:784] - Checking for password-only command
2025-05-10 18:33:17,787 - __main__ - INFO - [voice_direct_modular.py:804] - Delegating to specialized handler
2025-05-10 18:33:17,789 - __main__ - INFO - [voice_direct_modular.py:816] - Delegating to form filling handler
2025-05-10 18:33:17,791 - __main__ - INFO - [voice_direct_modular.py:828] - Delegating to business purpose handler
2025-05-10 18:33:17,791 - __main__ - INFO - [voice_direct_modular.py:840] - Delegating to member/manager handler
2025-05-10 18:33:17,791 - __main__ - INFO - [voice_direct_modular.py:852] - Delegating to selection handler
2025-05-10 18:33:17,792 - __main__ - INFO - [voice_direct_modular.py:864] - Delegating to navigation handler
2025-05-10 18:33:17,793 - __main__ - INFO - [voice_direct_modular.py:1287] - Processing as direct URL: https://Guddu redberry index.in (original input: Guddu redberry index.in)
2025-05-10 18:33:17,793 - __main__ - INFO - [voice_direct_modular.py:432] - Navigating to: https://Guddu redberry index.in
2025-05-10 18:33:17,949 - __main__ - ERROR - [voice_direct_modular.py:440] - Error navigating to https://Guddu redberry index.in: Page.goto: net::ERR_NAME_NOT_RESOLVED at https://Guddu redberry index.in
Call log:
  - navigating to "https://Guddu redberry index.in", waiting until "load"

2025-05-10 18:33:17,950 - __main__ - INFO - [voice_direct_modular.py:401] - ASSISTANT: Error navigating to https://Guddu redberry index.in: Page.goto: net::ERR_NAME_NOT_RESOLVED at https://Guddu redberry index.in
Call log:
  - navigating to "https://Guddu redberry index.in", waiting until "load"

2025-05-10 18:33:32,321 - __main__ - INFO - [voice_direct_modular.py:453] - Processing command: red barrel test.in
2025-05-10 18:33:32,321 - __main__ - INFO - [voice_direct_modular.py:467] - Processing voice command: red barrel test.in
2025-05-10 18:33:32,321 - __main__ - INFO - [voice_direct_modular.py:677] - Direct email pattern didn't match, trying fallback patterns
2025-05-10 18:33:32,321 - __main__ - INFO - [voice_direct_modular.py:684] - Trying flexible email+password patterns
2025-05-10 18:33:32,321 - __main__ - INFO - [voice_direct_modular.py:701] - No email+password pattern matched, trying email-only patterns
2025-05-10 18:33:32,322 - __main__ - INFO - [voice_direct_modular.py:750] - Checking for login pattern
2025-05-10 18:33:32,322 - __main__ - INFO - [voice_direct_modular.py:755] - Simple login pattern didn't match, trying flexible patterns
2025-05-10 18:33:32,322 - __main__ - INFO - [voice_direct_modular.py:784] - Checking for password-only command
2025-05-10 18:33:32,322 - __main__ - INFO - [voice_direct_modular.py:804] - Delegating to specialized handler
2025-05-10 18:33:32,322 - __main__ - INFO - [voice_direct_modular.py:816] - Delegating to form filling handler
2025-05-10 18:33:32,322 - __main__ - INFO - [voice_direct_modular.py:828] - Delegating to business purpose handler
2025-05-10 18:33:32,322 - __main__ - INFO - [voice_direct_modular.py:840] - Delegating to member/manager handler
2025-05-10 18:33:32,322 - __main__ - INFO - [voice_direct_modular.py:852] - Delegating to selection handler
2025-05-10 18:33:32,322 - __main__ - INFO - [voice_direct_modular.py:864] - Delegating to navigation handler
2025-05-10 18:33:32,322 - __main__ - INFO - [voice_direct_modular.py:1287] - Processing as direct URL: https://red barrel test.in (original input: red barrel test.in)
2025-05-10 18:33:32,322 - __main__ - INFO - [voice_direct_modular.py:432] - Navigating to: https://red barrel test.in
2025-05-10 18:33:32,341 - __main__ - ERROR - [voice_direct_modular.py:440] - Error navigating to https://red barrel test.in: Page.goto: net::ERR_NAME_NOT_RESOLVED at https://red barrel test.in
Call log:
  - navigating to "https://red barrel test.in", waiting until "load"

2025-05-10 18:33:32,341 - __main__ - INFO - [voice_direct_modular.py:401] - ASSISTANT: Error navigating to https://red barrel test.in: Page.goto: net::ERR_NAME_NOT_RESOLVED at https://red barrel test.in
Call log:
  - navigating to "https://red barrel test.in", waiting until "load"

2025-05-10 18:33:40,916 - __main__ - INFO - [voice_direct_modular.py:453] - Processing command: redberry relation to jot
2025-05-10 18:33:40,916 - __main__ - INFO - [voice_direct_modular.py:467] - Processing voice command: redberry relation to jot
2025-05-10 18:33:40,916 - __main__ - INFO - [voice_direct_modular.py:677] - Direct email pattern didn't match, trying fallback patterns
2025-05-10 18:33:40,916 - __main__ - INFO - [voice_direct_modular.py:684] - Trying flexible email+password patterns
2025-05-10 18:33:40,917 - __main__ - INFO - [voice_direct_modular.py:701] - No email+password pattern matched, trying email-only patterns
2025-05-10 18:33:40,917 - __main__ - INFO - [voice_direct_modular.py:750] - Checking for login pattern
2025-05-10 18:33:40,917 - __main__ - INFO - [voice_direct_modular.py:755] - Simple login pattern didn't match, trying flexible patterns
2025-05-10 18:33:40,917 - __main__ - INFO - [voice_direct_modular.py:784] - Checking for password-only command
2025-05-10 18:33:40,917 - __main__ - INFO - [voice_direct_modular.py:804] - Delegating to specialized handler
2025-05-10 18:33:40,917 - __main__ - INFO - [voice_direct_modular.py:816] - Delegating to form filling handler
2025-05-10 18:33:40,917 - __main__ - INFO - [voice_direct_modular.py:828] - Delegating to business purpose handler
2025-05-10 18:33:40,917 - __main__ - INFO - [voice_direct_modular.py:840] - Delegating to member/manager handler
2025-05-10 18:33:40,917 - __main__ - INFO - [voice_direct_modular.py:852] - Delegating to selection handler
2025-05-10 18:33:40,917 - __main__ - INFO - [voice_direct_modular.py:864] - Delegating to navigation handler
2025-05-10 18:33:40,918 - __main__ - INFO - [voice_direct_modular.py:401] - ASSISTANT: I'm not sure how to process that command. Type 'help' for available commands.
2025-05-10 18:33:50,236 - __main__ - INFO - [voice_direct_modular.py:453] - Processing command: go to railway station
2025-05-10 18:33:50,237 - __main__ - INFO - [voice_direct_modular.py:467] - Processing voice command: go to railway station
2025-05-10 18:33:50,237 - __main__ - INFO - [voice_direct_modular.py:531] - Navigation command detected
2025-05-10 18:33:50,237 - __main__ - INFO - [voice_direct_modular.py:401] - ASSISTANT: Navigating to railway station
2025-05-10 18:33:51,238 - __main__ - INFO - [voice_direct_modular.py:570] - Final navigation URL: https://railway station (original input: railway station)
2025-05-10 18:33:51,238 - __main__ - INFO - [voice_direct_modular.py:432] - Navigating to: https://railway station
2025-05-10 18:33:51,259 - __main__ - ERROR - [voice_direct_modular.py:440] - Error navigating to https://railway station: Page.goto: net::ERR_NAME_NOT_RESOLVED at https://railway station
Call log:
  - navigating to "https://railway station", waiting until "load"

2025-05-10 18:33:51,259 - __main__ - INFO - [voice_direct_modular.py:401] - ASSISTANT: Error navigating to https://railway station: Page.goto: net::ERR_NAME_NOT_RESOLVED at https://railway station
Call log:
  - navigating to "https://railway station", waiting until "load"

2025-05-10 18:36:01,208 - __main__ - INFO - [voice_direct_modular.py:453] - Processing command: Savan ka
2025-05-10 18:36:01,208 - __main__ - INFO - [voice_direct_modular.py:467] - Processing voice command: Savan ka
2025-05-10 18:36:01,208 - __main__ - INFO - [voice_direct_modular.py:677] - Direct email pattern didn't match, trying fallback patterns
2025-05-10 18:36:01,209 - __main__ - INFO - [voice_direct_modular.py:684] - Trying flexible email+password patterns
2025-05-10 18:36:01,209 - __main__ - INFO - [voice_direct_modular.py:701] - No email+password pattern matched, trying email-only patterns
2025-05-10 18:36:01,209 - __main__ - INFO - [voice_direct_modular.py:750] - Checking for login pattern
2025-05-10 18:36:01,210 - __main__ - INFO - [voice_direct_modular.py:755] - Simple login pattern didn't match, trying flexible patterns
2025-05-10 18:36:01,210 - __main__ - INFO - [voice_direct_modular.py:784] - Checking for password-only command
2025-05-10 18:36:01,210 - __main__ - INFO - [voice_direct_modular.py:804] - Delegating to specialized handler
2025-05-10 18:36:01,210 - __main__ - INFO - [voice_direct_modular.py:816] - Delegating to form filling handler
2025-05-10 18:36:01,210 - __main__ - INFO - [voice_direct_modular.py:828] - Delegating to business purpose handler
2025-05-10 18:36:01,210 - __main__ - INFO - [voice_direct_modular.py:840] - Delegating to member/manager handler
2025-05-10 18:36:01,211 - __main__ - INFO - [voice_direct_modular.py:852] - Delegating to selection handler
2025-05-10 18:36:01,211 - __main__ - INFO - [voice_direct_modular.py:864] - Delegating to navigation handler
2025-05-10 18:36:01,211 - __main__ - INFO - [voice_direct_modular.py:401] - ASSISTANT: I'm not sure how to process that command. Type 'help' for available commands.
2025-05-10 18:38:12,981 - __main__ - INFO - [voice_direct_modular.py:453] - Processing command: Rajasthan
2025-05-10 18:38:12,982 - __main__ - INFO - [voice_direct_modular.py:467] - Processing voice command: Rajasthan
2025-05-10 18:38:12,982 - __main__ - INFO - [voice_direct_modular.py:677] - Direct email pattern didn't match, trying fallback patterns
2025-05-10 18:38:12,982 - __main__ - INFO - [voice_direct_modular.py:684] - Trying flexible email+password patterns
2025-05-10 18:38:12,982 - __main__ - INFO - [voice_direct_modular.py:701] - No email+password pattern matched, trying email-only patterns
2025-05-10 18:38:12,982 - __main__ - INFO - [voice_direct_modular.py:750] - Checking for login pattern
2025-05-10 18:38:12,983 - __main__ - INFO - [voice_direct_modular.py:755] - Simple login pattern didn't match, trying flexible patterns
2025-05-10 18:38:12,983 - __main__ - INFO - [voice_direct_modular.py:784] - Checking for password-only command
2025-05-10 18:38:12,983 - __main__ - INFO - [voice_direct_modular.py:804] - Delegating to specialized handler
2025-05-10 18:38:12,983 - __main__ - INFO - [voice_direct_modular.py:816] - Delegating to form filling handler
2025-05-10 18:38:12,983 - __main__ - INFO - [voice_direct_modular.py:828] - Delegating to business purpose handler
2025-05-10 18:38:12,984 - __main__ - INFO - [voice_direct_modular.py:840] - Delegating to member/manager handler
2025-05-10 18:38:12,984 - __main__ - INFO - [voice_direct_modular.py:852] - Delegating to selection handler
2025-05-10 18:38:12,984 - __main__ - INFO - [voice_direct_modular.py:864] - Delegating to navigation handler
2025-05-10 18:38:12,984 - __main__ - INFO - [voice_direct_modular.py:401] - ASSISTANT: I'm not sure how to process that command. Type 'help' for available commands.
2025-05-10 18:54:59,923 - __main__ - INFO - [voice_direct_modular.py:453] - Processing command: parson Shaadi Ke Liye jana hai lekin Mumbai
2025-05-10 18:55:00,279 - __main__ - INFO - [voice_direct_modular.py:467] - Processing voice command: parson Shaadi Ke Liye jana hai lekin Mumbai
2025-05-10 18:55:00,279 - __main__ - INFO - [voice_direct_modular.py:677] - Direct email pattern didn't match, trying fallback patterns
2025-05-10 18:55:00,279 - __main__ - INFO - [voice_direct_modular.py:684] - Trying flexible email+password patterns
2025-05-10 18:55:00,280 - __main__ - INFO - [voice_direct_modular.py:701] - No email+password pattern matched, trying email-only patterns
2025-05-10 18:55:00,280 - __main__ - INFO - [voice_direct_modular.py:750] - Checking for login pattern
2025-05-10 18:55:00,280 - __main__ - INFO - [voice_direct_modular.py:755] - Simple login pattern didn't match, trying flexible patterns
2025-05-10 18:55:00,280 - __main__ - INFO - [voice_direct_modular.py:784] - Checking for password-only command
2025-05-10 18:55:00,280 - __main__ - INFO - [voice_direct_modular.py:804] - Delegating to specialized handler
2025-05-10 18:55:00,281 - __main__ - INFO - [voice_direct_modular.py:816] - Delegating to form filling handler
2025-05-10 18:55:00,281 - __main__ - INFO - [voice_direct_modular.py:828] - Delegating to business purpose handler
2025-05-10 18:55:00,282 - __main__ - INFO - [voice_direct_modular.py:840] - Delegating to member/manager handler
2025-05-10 18:55:00,282 - __main__ - INFO - [voice_direct_modular.py:852] - Delegating to selection handler
2025-05-10 18:55:00,295 - __main__ - INFO - [voice_direct_modular.py:864] - Delegating to navigation handler
2025-05-10 18:55:00,295 - __main__ - INFO - [voice_direct_modular.py:401] - ASSISTANT: I'm not sure how to process that command. Type 'help' for available commands.
2025-05-10 19:13:03,661 - __main__ - INFO - [voice_direct_modular.py:453] - Processing command: teenon ke double
2025-05-10 19:13:03,670 - __main__ - INFO - [voice_direct_modular.py:467] - Processing voice command: teenon ke double
2025-05-10 19:13:03,676 - __main__ - INFO - [voice_direct_modular.py:677] - Direct email pattern didn't match, trying fallback patterns
2025-05-10 19:13:03,676 - __main__ - INFO - [voice_direct_modular.py:684] - Trying flexible email+password patterns
2025-05-10 19:13:03,676 - __main__ - INFO - [voice_direct_modular.py:701] - No email+password pattern matched, trying email-only patterns
2025-05-10 19:13:03,678 - __main__ - INFO - [voice_direct_modular.py:750] - Checking for login pattern
2025-05-10 19:13:03,678 - __main__ - INFO - [voice_direct_modular.py:755] - Simple login pattern didn't match, trying flexible patterns
2025-05-10 19:13:03,678 - __main__ - INFO - [voice_direct_modular.py:784] - Checking for password-only command
2025-05-10 19:13:03,679 - __main__ - INFO - [voice_direct_modular.py:804] - Delegating to specialized handler
2025-05-10 19:13:03,681 - __main__ - INFO - [voice_direct_modular.py:816] - Delegating to form filling handler
2025-05-10 19:13:03,682 - __main__ - INFO - [voice_direct_modular.py:828] - Delegating to business purpose handler
2025-05-10 19:13:03,682 - __main__ - INFO - [voice_direct_modular.py:840] - Delegating to member/manager handler
2025-05-10 19:13:03,683 - __main__ - INFO - [voice_direct_modular.py:852] - Delegating to selection handler
2025-05-10 19:13:03,684 - __main__ - INFO - [voice_direct_modular.py:864] - Delegating to navigation handler
2025-05-10 19:13:03,685 - __main__ - INFO - [voice_direct_modular.py:401] - ASSISTANT: I'm not sure how to process that command. Type 'help' for available commands.
2025-05-10 19:13:11,608 - __main__ - INFO - [voice_direct_modular.py:453] - Processing command: Khali Nahin Hai
2025-05-10 19:13:11,609 - __main__ - INFO - [voice_direct_modular.py:467] - Processing voice command: Khali Nahin Hai
2025-05-10 19:13:11,609 - __main__ - INFO - [voice_direct_modular.py:677] - Direct email pattern didn't match, trying fallback patterns
2025-05-10 19:13:11,609 - __main__ - INFO - [voice_direct_modular.py:684] - Trying flexible email+password patterns
2025-05-10 19:13:11,609 - __main__ - INFO - [voice_direct_modular.py:701] - No email+password pattern matched, trying email-only patterns
2025-05-10 19:13:11,610 - __main__ - INFO - [voice_direct_modular.py:750] - Checking for login pattern
2025-05-10 19:13:11,610 - __main__ - INFO - [voice_direct_modular.py:755] - Simple login pattern didn't match, trying flexible patterns
2025-05-10 19:13:11,610 - __main__ - INFO - [voice_direct_modular.py:784] - Checking for password-only command
2025-05-10 19:13:11,610 - __main__ - INFO - [voice_direct_modular.py:804] - Delegating to specialized handler
2025-05-10 19:13:11,610 - __main__ - INFO - [voice_direct_modular.py:816] - Delegating to form filling handler
2025-05-10 19:13:11,610 - __main__ - INFO - [voice_direct_modular.py:828] - Delegating to business purpose handler
2025-05-10 19:13:11,611 - __main__ - INFO - [voice_direct_modular.py:840] - Delegating to member/manager handler
2025-05-10 19:13:11,611 - __main__ - INFO - [voice_direct_modular.py:852] - Delegating to selection handler
2025-05-10 19:13:11,611 - __main__ - INFO - [voice_direct_modular.py:864] - Delegating to navigation handler
2025-05-10 19:13:11,611 - __main__ - INFO - [voice_direct_modular.py:401] - ASSISTANT: I'm not sure how to process that command. Type 'help' for available commands.
2025-05-10 19:13:19,478 - __main__ - INFO - [voice_direct_modular.py:453] - Processing command: file upload ladki Hoga Na
2025-05-10 19:13:19,478 - __main__ - INFO - [voice_direct_modular.py:467] - Processing voice command: file upload ladki Hoga Na
2025-05-10 19:13:19,478 - __main__ - INFO - [voice_direct_modular.py:677] - Direct email pattern didn't match, trying fallback patterns
2025-05-10 19:13:19,479 - __main__ - INFO - [voice_direct_modular.py:684] - Trying flexible email+password patterns
2025-05-10 19:13:19,479 - __main__ - INFO - [voice_direct_modular.py:701] - No email+password pattern matched, trying email-only patterns
2025-05-10 19:13:19,479 - __main__ - INFO - [voice_direct_modular.py:750] - Checking for login pattern
2025-05-10 19:13:19,479 - __main__ - INFO - [voice_direct_modular.py:755] - Simple login pattern didn't match, trying flexible patterns
2025-05-10 19:13:19,479 - __main__ - INFO - [voice_direct_modular.py:784] - Checking for password-only command
2025-05-10 19:13:19,479 - __main__ - INFO - [voice_direct_modular.py:804] - Delegating to specialized handler
2025-05-10 19:13:19,480 - __main__ - INFO - [voice_direct_modular.py:816] - Delegating to form filling handler
2025-05-10 19:13:19,480 - __main__ - INFO - [voice_direct_modular.py:828] - Delegating to business purpose handler
2025-05-10 19:13:19,481 - __main__ - INFO - [voice_direct_modular.py:840] - Delegating to member/manager handler
2025-05-10 19:13:19,481 - __main__ - INFO - [voice_direct_modular.py:852] - Delegating to selection handler
2025-05-10 19:13:19,481 - __main__ - INFO - [voice_direct_modular.py:864] - Delegating to navigation handler
2025-05-10 19:13:19,482 - __main__ - INFO - [voice_direct_modular.py:401] - ASSISTANT: I'm not sure how to process that command. Type 'help' for available commands.
2025-05-10 19:13:40,615 - __main__ - INFO - [voice_direct_modular.py:453] - Processing command: the double
2025-05-10 19:13:40,615 - __main__ - INFO - [voice_direct_modular.py:467] - Processing voice command: the double
2025-05-10 19:13:40,615 - __main__ - INFO - [voice_direct_modular.py:677] - Direct email pattern didn't match, trying fallback patterns
2025-05-10 19:13:40,615 - __main__ - INFO - [voice_direct_modular.py:684] - Trying flexible email+password patterns
2025-05-10 19:13:40,615 - __main__ - INFO - [voice_direct_modular.py:701] - No email+password pattern matched, trying email-only patterns
2025-05-10 19:13:40,616 - __main__ - INFO - [voice_direct_modular.py:750] - Checking for login pattern
2025-05-10 19:13:40,616 - __main__ - INFO - [voice_direct_modular.py:755] - Simple login pattern didn't match, trying flexible patterns
2025-05-10 19:13:40,616 - __main__ - INFO - [voice_direct_modular.py:784] - Checking for password-only command
2025-05-10 19:13:40,616 - __main__ - INFO - [voice_direct_modular.py:804] - Delegating to specialized handler
2025-05-10 19:13:40,616 - __main__ - INFO - [voice_direct_modular.py:816] - Delegating to form filling handler
2025-05-10 19:13:40,616 - __main__ - INFO - [voice_direct_modular.py:828] - Delegating to business purpose handler
2025-05-10 19:13:40,617 - __main__ - INFO - [voice_direct_modular.py:840] - Delegating to member/manager handler
2025-05-10 19:13:40,617 - __main__ - INFO - [voice_direct_modular.py:852] - Delegating to selection handler
2025-05-10 19:13:40,617 - __main__ - INFO - [voice_direct_modular.py:864] - Delegating to navigation handler
2025-05-10 19:13:40,618 - __main__ - INFO - [voice_direct_modular.py:401] - ASSISTANT: I'm not sure how to process that command. Type 'help' for available commands.
2025-05-10 19:15:11,405 - __main__ - INFO - [voice_direct_modular.py:453] - Processing command: tension
2025-05-10 19:15:11,406 - __main__ - INFO - [voice_direct_modular.py:467] - Processing voice command: tension
2025-05-10 19:15:11,406 - __main__ - INFO - [voice_direct_modular.py:677] - Direct email pattern didn't match, trying fallback patterns
2025-05-10 19:15:11,406 - __main__ - INFO - [voice_direct_modular.py:684] - Trying flexible email+password patterns
2025-05-10 19:15:11,406 - __main__ - INFO - [voice_direct_modular.py:701] - No email+password pattern matched, trying email-only patterns
2025-05-10 19:15:11,407 - __main__ - INFO - [voice_direct_modular.py:750] - Checking for login pattern
2025-05-10 19:15:11,407 - __main__ - INFO - [voice_direct_modular.py:755] - Simple login pattern didn't match, trying flexible patterns
2025-05-10 19:15:11,407 - __main__ - INFO - [voice_direct_modular.py:784] - Checking for password-only command
2025-05-10 19:15:11,407 - __main__ - INFO - [voice_direct_modular.py:804] - Delegating to specialized handler
2025-05-10 19:15:11,407 - __main__ - INFO - [voice_direct_modular.py:816] - Delegating to form filling handler
2025-05-10 19:15:11,407 - __main__ - INFO - [voice_direct_modular.py:828] - Delegating to business purpose handler
2025-05-10 19:15:11,407 - __main__ - INFO - [voice_direct_modular.py:840] - Delegating to member/manager handler
2025-05-10 19:15:11,408 - __main__ - INFO - [voice_direct_modular.py:852] - Delegating to selection handler
2025-05-10 19:15:11,408 - __main__ - INFO - [voice_direct_modular.py:864] - Delegating to navigation handler
2025-05-10 19:15:11,408 - __main__ - INFO - [voice_direct_modular.py:401] - ASSISTANT: I'm not sure how to process that command. Type 'help' for available commands.
2025-05-10 19:15:28,421 - __main__ - INFO - [voice_direct_modular.py:453] - Processing command: body Mein Pani Dala
2025-05-10 19:15:28,421 - __main__ - INFO - [voice_direct_modular.py:467] - Processing voice command: body Mein Pani Dala
2025-05-10 19:15:28,421 - __main__ - INFO - [voice_direct_modular.py:677] - Direct email pattern didn't match, trying fallback patterns
2025-05-10 19:15:28,422 - __main__ - INFO - [voice_direct_modular.py:684] - Trying flexible email+password patterns
2025-05-10 19:15:28,422 - __main__ - INFO - [voice_direct_modular.py:701] - No email+password pattern matched, trying email-only patterns
2025-05-10 19:15:28,422 - __main__ - INFO - [voice_direct_modular.py:750] - Checking for login pattern
2025-05-10 19:15:28,422 - __main__ - INFO - [voice_direct_modular.py:755] - Simple login pattern didn't match, trying flexible patterns
2025-05-10 19:15:28,423 - __main__ - INFO - [voice_direct_modular.py:784] - Checking for password-only command
2025-05-10 19:15:28,423 - __main__ - INFO - [voice_direct_modular.py:804] - Delegating to specialized handler
2025-05-10 19:15:28,423 - __main__ - INFO - [voice_direct_modular.py:816] - Delegating to form filling handler
2025-05-10 19:15:28,424 - __main__ - INFO - [voice_direct_modular.py:828] - Delegating to business purpose handler
2025-05-10 19:15:28,424 - __main__ - INFO - [voice_direct_modular.py:840] - Delegating to member/manager handler
2025-05-10 19:15:28,424 - __main__ - INFO - [voice_direct_modular.py:852] - Delegating to selection handler
2025-05-10 19:15:28,424 - __main__ - INFO - [voice_direct_modular.py:864] - Delegating to navigation handler
2025-05-10 19:15:28,424 - __main__ - INFO - [voice_direct_modular.py:401] - ASSISTANT: I'm not sure how to process that command. Type 'help' for available commands.
2025-05-10 19:16:08,259 - __main__ - INFO - [voice_direct_modular.py:453] - Processing command: vah main dekh Lunga
2025-05-10 19:16:08,259 - __main__ - INFO - [voice_direct_modular.py:467] - Processing voice command: vah main dekh Lunga
2025-05-10 19:16:08,259 - __main__ - INFO - [voice_direct_modular.py:677] - Direct email pattern didn't match, trying fallback patterns
2025-05-10 19:16:08,259 - __main__ - INFO - [voice_direct_modular.py:684] - Trying flexible email+password patterns
2025-05-10 19:16:08,260 - __main__ - INFO - [voice_direct_modular.py:701] - No email+password pattern matched, trying email-only patterns
2025-05-10 19:16:08,260 - __main__ - INFO - [voice_direct_modular.py:750] - Checking for login pattern
2025-05-10 19:16:08,260 - __main__ - INFO - [voice_direct_modular.py:755] - Simple login pattern didn't match, trying flexible patterns
2025-05-10 19:16:08,260 - __main__ - INFO - [voice_direct_modular.py:784] - Checking for password-only command
2025-05-10 19:16:08,260 - __main__ - INFO - [voice_direct_modular.py:804] - Delegating to specialized handler
2025-05-10 19:16:08,260 - __main__ - INFO - [voice_direct_modular.py:816] - Delegating to form filling handler
2025-05-10 19:16:08,260 - __main__ - INFO - [voice_direct_modular.py:828] - Delegating to business purpose handler
2025-05-10 19:16:08,261 - __main__ - INFO - [voice_direct_modular.py:840] - Delegating to member/manager handler
2025-05-10 19:16:08,261 - __main__ - INFO - [voice_direct_modular.py:852] - Delegating to selection handler
2025-05-10 19:16:08,261 - __main__ - INFO - [voice_direct_modular.py:864] - Delegating to navigation handler
2025-05-10 19:16:08,261 - __main__ - INFO - [voice_direct_modular.py:401] - ASSISTANT: I'm not sure how to process that command. Type 'help' for available commands.
2025-05-10 19:29:42,320 - __main__ - INFO - [voice_direct_modular.py:453] - Processing command: incremental mill
2025-05-10 19:29:42,320 - __main__ - INFO - [voice_direct_modular.py:467] - Processing voice command: incremental mill
2025-05-10 19:29:42,320 - __main__ - INFO - [voice_direct_modular.py:677] - Direct email pattern didn't match, trying fallback patterns
2025-05-10 19:29:42,320 - __main__ - INFO - [voice_direct_modular.py:684] - Trying flexible email+password patterns
2025-05-10 19:29:42,320 - __main__ - INFO - [voice_direct_modular.py:701] - No email+password pattern matched, trying email-only patterns
2025-05-10 19:29:42,321 - __main__ - INFO - [voice_direct_modular.py:750] - Checking for login pattern
2025-05-10 19:29:42,321 - __main__ - INFO - [voice_direct_modular.py:755] - Simple login pattern didn't match, trying flexible patterns
2025-05-10 19:29:42,321 - __main__ - INFO - [voice_direct_modular.py:784] - Checking for password-only command
2025-05-10 19:29:42,321 - __main__ - INFO - [voice_direct_modular.py:804] - Delegating to specialized handler
2025-05-10 19:29:42,321 - __main__ - INFO - [voice_direct_modular.py:816] - Delegating to form filling handler
2025-05-10 19:29:42,321 - __main__ - INFO - [voice_direct_modular.py:828] - Delegating to business purpose handler
2025-05-10 19:29:42,321 - __main__ - INFO - [voice_direct_modular.py:840] - Delegating to member/manager handler
2025-05-10 19:29:42,321 - __main__ - INFO - [voice_direct_modular.py:852] - Delegating to selection handler
2025-05-10 19:29:42,321 - __main__ - INFO - [voice_direct_modular.py:864] - Delegating to navigation handler
2025-05-10 19:29:42,321 - __main__ - INFO - [voice_direct_modular.py:401] - ASSISTANT: I'm not sure how to process that command. Type 'help' for available commands.
2025-05-10 19:47:33,475 - __main__ - INFO - [voice_direct_modular.py:453] - Processing command: Apne
2025-05-10 19:47:33,824 - __main__ - INFO - [voice_direct_modular.py:467] - Processing voice command: Apne
2025-05-10 19:47:33,824 - __main__ - INFO - [voice_direct_modular.py:677] - Direct email pattern didn't match, trying fallback patterns
2025-05-10 19:47:33,826 - __main__ - INFO - [voice_direct_modular.py:684] - Trying flexible email+password patterns
2025-05-10 19:47:33,827 - __main__ - INFO - [voice_direct_modular.py:701] - No email+password pattern matched, trying email-only patterns
2025-05-10 19:47:33,827 - __main__ - INFO - [voice_direct_modular.py:750] - Checking for login pattern
2025-05-10 19:47:33,827 - __main__ - INFO - [voice_direct_modular.py:755] - Simple login pattern didn't match, trying flexible patterns
2025-05-10 19:47:33,827 - __main__ - INFO - [voice_direct_modular.py:784] - Checking for password-only command
2025-05-10 19:47:33,827 - __main__ - INFO - [voice_direct_modular.py:804] - Delegating to specialized handler
2025-05-10 19:47:33,828 - __main__ - INFO - [voice_direct_modular.py:816] - Delegating to form filling handler
2025-05-10 19:47:33,828 - __main__ - INFO - [voice_direct_modular.py:828] - Delegating to business purpose handler
2025-05-10 19:47:33,828 - __main__ - INFO - [voice_direct_modular.py:840] - Delegating to member/manager handler
2025-05-10 19:47:33,828 - __main__ - INFO - [voice_direct_modular.py:852] - Delegating to selection handler
2025-05-10 19:47:33,829 - __main__ - INFO - [voice_direct_modular.py:864] - Delegating to navigation handler
2025-05-10 19:47:33,829 - __main__ - INFO - [voice_direct_modular.py:401] - ASSISTANT: I'm not sure how to process that command. Type 'help' for available commands.
2025-05-11 08:17:27,104 - __main__ - INFO - [voice_direct_modular.py:453] - Processing command: interior images
2025-05-11 08:17:27,145 - __main__ - INFO - [voice_direct_modular.py:467] - Processing voice command: interior images
2025-05-11 08:17:27,156 - __main__ - INFO - [voice_direct_modular.py:677] - Direct email pattern didn't match, trying fallback patterns
2025-05-11 08:17:27,156 - __main__ - INFO - [voice_direct_modular.py:684] - Trying flexible email+password patterns
2025-05-11 08:17:27,157 - __main__ - INFO - [voice_direct_modular.py:701] - No email+password pattern matched, trying email-only patterns
2025-05-11 08:17:27,157 - __main__ - INFO - [voice_direct_modular.py:750] - Checking for login pattern
2025-05-11 08:17:27,157 - __main__ - INFO - [voice_direct_modular.py:755] - Simple login pattern didn't match, trying flexible patterns
2025-05-11 08:17:27,158 - __main__ - INFO - [voice_direct_modular.py:784] - Checking for password-only command
2025-05-11 08:17:27,158 - __main__ - INFO - [voice_direct_modular.py:804] - Delegating to specialized handler
2025-05-11 08:17:27,164 - __main__ - INFO - [voice_direct_modular.py:816] - Delegating to form filling handler
2025-05-11 08:17:27,166 - __main__ - INFO - [voice_direct_modular.py:828] - Delegating to business purpose handler
2025-05-11 08:17:27,167 - __main__ - INFO - [voice_direct_modular.py:840] - Delegating to member/manager handler
2025-05-11 08:17:27,168 - __main__ - INFO - [voice_direct_modular.py:852] - Delegating to selection handler
2025-05-11 08:17:27,169 - __main__ - INFO - [voice_direct_modular.py:864] - Delegating to navigation handler
2025-05-11 08:17:27,172 - __main__ - INFO - [voice_direct_modular.py:401] - ASSISTANT: I'm not sure how to process that command. Type 'help' for available commands.
